{"/Users/max/Documents/GitHub/SVGAPlayer-Web-Lite/src/db.ts": {"path":"/Users/max/Documents/GitHub/SVGAPlayer-Web-Lite/src/db.ts","all":false,"statementMap":{"2":{"start":{"line":3,"column":0},"end":{"line":3,"column":62}},"3":{"start":{"line":4,"column":0},"end":{"line":4,"column":46}},"4":{"start":{"line":5,"column":0},"end":{"line":5,"column":53}},"5":{"start":{"line":6,"column":0},"end":{"line":6,"column":85}},"6":{"start":{"line":7,"column":0},"end":{"line":7,"column":4}},"7":{"start":{"line":8,"column":0},"end":{"line":8,"column":1}},"9":{"start":{"line":10,"column":0},"end":{"line":10,"column":62}},"10":{"start":{"line":11,"column":0},"end":{"line":11,"column":49}},"11":{"start":{"line":12,"column":0},"end":{"line":12,"column":35}},"12":{"start":{"line":13,"column":0},"end":{"line":13,"column":80}},"13":{"start":{"line":14,"column":0},"end":{"line":14,"column":4}},"14":{"start":{"line":15,"column":0},"end":{"line":15,"column":1}},"16":{"start":{"line":17,"column":0},"end":{"line":17,"column":17}},"20":{"start":{"line":21,"column":0},"end":{"line":21,"column":74}},"24":{"start":{"line":25,"column":0},"end":{"line":25,"column":11}},"25":{"start":{"line":26,"column":0},"end":{"line":26,"column":30}},"26":{"start":{"line":27,"column":0},"end":{"line":27,"column":64}},"27":{"start":{"line":28,"column":0},"end":{"line":28,"column":3}},"29":{"start":{"line":30,"column":0},"end":{"line":30,"column":97}},"30":{"start":{"line":31,"column":0},"end":{"line":31,"column":34}},"31":{"start":{"line":32,"column":0},"end":{"line":32,"column":75}},"32":{"start":{"line":33,"column":0},"end":{"line":33,"column":5}},"34":{"start":{"line":35,"column":0},"end":{"line":35,"column":58}},"35":{"start":{"line":36,"column":0},"end":{"line":36,"column":51}},"36":{"start":{"line":37,"column":0},"end":{"line":37,"column":81}},"37":{"start":{"line":38,"column":0},"end":{"line":38,"column":55}},"38":{"start":{"line":39,"column":0},"end":{"line":39,"column":80}},"39":{"start":{"line":40,"column":0},"end":{"line":40,"column":6}},"40":{"start":{"line":41,"column":0},"end":{"line":41,"column":3}},"42":{"start":{"line":43,"column":0},"end":{"line":43,"column":60}},"43":{"start":{"line":44,"column":0},"end":{"line":44,"column":35}},"44":{"start":{"line":45,"column":0},"end":{"line":45,"column":59}},"45":{"start":{"line":46,"column":0},"end":{"line":46,"column":76}},"46":{"start":{"line":47,"column":0},"end":{"line":47,"column":64}},"47":{"start":{"line":48,"column":0},"end":{"line":48,"column":3}},"49":{"start":{"line":50,"column":0},"end":{"line":50,"column":62}},"50":{"start":{"line":51,"column":0},"end":{"line":51,"column":35}},"51":{"start":{"line":52,"column":0},"end":{"line":52,"column":60}},"52":{"start":{"line":53,"column":0},"end":{"line":53,"column":64}},"53":{"start":{"line":54,"column":0},"end":{"line":54,"column":29}},"54":{"start":{"line":55,"column":0},"end":{"line":55,"column":3}},"56":{"start":{"line":57,"column":0},"end":{"line":57,"column":49}},"57":{"start":{"line":58,"column":0},"end":{"line":58,"column":35}},"58":{"start":{"line":59,"column":0},"end":{"line":59,"column":60}},"59":{"start":{"line":60,"column":0},"end":{"line":60,"column":61}},"60":{"start":{"line":61,"column":0},"end":{"line":61,"column":30}},"61":{"start":{"line":62,"column":0},"end":{"line":62,"column":3}},"62":{"start":{"line":63,"column":0},"end":{"line":63,"column":1}}},"s":{"2":5,"3":5,"4":5,"5":5,"6":5,"7":5,"9":2,"10":2,"11":2,"12":2,"13":2,"14":2,"16":1,"20":1,"24":11,"25":11,"26":11,"27":11,"29":1,"30":11,"31":1,"32":1,"34":10,"35":10,"36":10,"37":10,"38":10,"39":10,"40":11,"42":1,"43":4,"44":3,"45":3,"46":4,"47":4,"49":1,"50":2,"51":2,"52":2,"53":2,"54":2,"56":1,"57":2,"58":2,"59":2,"60":2,"61":2,"62":1},"branchMap":{"0":{"type":"branch","line":3,"loc":{"start":{"line":3,"column":0},"end":{"line":8,"column":1}},"locations":[{"start":{"line":3,"column":0},"end":{"line":8,"column":1}}]},"1":{"type":"branch","line":4,"loc":{"start":{"line":4,"column":24},"end":{"line":7,"column":3}},"locations":[{"start":{"line":4,"column":24},"end":{"line":7,"column":3}}]},"2":{"type":"branch","line":5,"loc":{"start":{"line":5,"column":24},"end":{"line":5,"column":53}},"locations":[{"start":{"line":5,"column":24},"end":{"line":5,"column":53}}]},"3":{"type":"branch","line":6,"loc":{"start":{"line":6,"column":22},"end":{"line":6,"column":85}},"locations":[{"start":{"line":6,"column":22},"end":{"line":6,"column":85}}]},"4":{"type":"branch","line":10,"loc":{"start":{"line":10,"column":0},"end":{"line":15,"column":1}},"locations":[{"start":{"line":10,"column":0},"end":{"line":15,"column":1}}]},"5":{"type":"branch","line":11,"loc":{"start":{"line":11,"column":27},"end":{"line":14,"column":3}},"locations":[{"start":{"line":11,"column":27},"end":{"line":14,"column":3}}]},"6":{"type":"branch","line":12,"loc":{"start":{"line":12,"column":20},"end":{"line":12,"column":35}},"locations":[{"start":{"line":12,"column":20},"end":{"line":12,"column":35}}]},"7":{"type":"branch","line":13,"loc":{"start":{"line":13,"column":17},"end":{"line":13,"column":80}},"locations":[{"start":{"line":13,"column":17},"end":{"line":13,"column":80}}]},"8":{"type":"branch","line":21,"loc":{"start":{"line":21,"column":2},"end":{"line":28,"column":3}},"locations":[{"start":{"line":21,"column":2},"end":{"line":28,"column":3}}]},"9":{"type":"branch","line":30,"loc":{"start":{"line":30,"column":10},"end":{"line":41,"column":3}},"locations":[{"start":{"line":30,"column":10},"end":{"line":41,"column":3}}]},"10":{"type":"branch","line":31,"loc":{"start":{"line":31,"column":33},"end":{"line":33,"column":5}},"locations":[{"start":{"line":31,"column":33},"end":{"line":33,"column":5}}]},"11":{"type":"branch","line":33,"loc":{"start":{"line":33,"column":4},"end":{"line":40,"column":6}},"locations":[{"start":{"line":33,"column":4},"end":{"line":40,"column":6}}]},"12":{"type":"branch","line":35,"loc":{"start":{"line":35,"column":36},"end":{"line":40,"column":5}},"locations":[{"start":{"line":35,"column":36},"end":{"line":40,"column":5}}]},"13":{"type":"branch","line":37,"loc":{"start":{"line":37,"column":32},"end":{"line":37,"column":81}},"locations":[{"start":{"line":37,"column":32},"end":{"line":37,"column":81}}]},"14":{"type":"branch","line":38,"loc":{"start":{"line":38,"column":26},"end":{"line":38,"column":55}},"locations":[{"start":{"line":38,"column":26},"end":{"line":38,"column":55}}]},"15":{"type":"branch","line":43,"loc":{"start":{"line":43,"column":2},"end":{"line":48,"column":3}},"locations":[{"start":{"line":43,"column":2},"end":{"line":48,"column":3}}]},"16":{"type":"branch","line":44,"loc":{"start":{"line":44,"column":26},"end":{"line":46,"column":76}},"locations":[{"start":{"line":44,"column":26},"end":{"line":46,"column":76}}]},"17":{"type":"branch","line":46,"loc":{"start":{"line":46,"column":75},"end":{"line":47,"column":34}},"locations":[{"start":{"line":46,"column":75},"end":{"line":47,"column":34}}]},"18":{"type":"branch","line":47,"loc":{"start":{"line":47,"column":22},"end":{"line":47,"column":55}},"locations":[{"start":{"line":47,"column":22},"end":{"line":47,"column":55}}]},"19":{"type":"branch","line":47,"loc":{"start":{"line":47,"column":51},"end":{"line":47,"column":64}},"locations":[{"start":{"line":47,"column":51},"end":{"line":47,"column":64}}]},"20":{"type":"branch","line":50,"loc":{"start":{"line":50,"column":2},"end":{"line":55,"column":3}},"locations":[{"start":{"line":50,"column":2},"end":{"line":55,"column":3}}]},"21":{"type":"branch","line":54,"loc":{"start":{"line":54,"column":28},"end":{"line":54,"column":29}},"locations":[{"start":{"line":54,"column":28},"end":{"line":54,"column":29}}]},"22":{"type":"branch","line":57,"loc":{"start":{"line":57,"column":2},"end":{"line":62,"column":3}},"locations":[{"start":{"line":57,"column":2},"end":{"line":62,"column":3}}]},"23":{"type":"branch","line":61,"loc":{"start":{"line":61,"column":29},"end":{"line":61,"column":30}},"locations":[{"start":{"line":61,"column":29},"end":{"line":61,"column":30}}]}},"b":{"0":[5],"1":[5],"2":[3],"3":[2],"4":[2],"5":[2],"6":[1],"7":[1],"8":[11],"9":[11],"10":[1],"11":[10],"12":[10],"13":[1],"14":[10],"15":[4],"16":[3],"17":[2],"18":[1],"19":[1],"20":[2],"21":[1],"22":[2],"23":[1]},"fnMap":{"0":{"name":"wrapRequest","decl":{"start":{"line":3,"column":0},"end":{"line":8,"column":1}},"loc":{"start":{"line":3,"column":0},"end":{"line":8,"column":1}},"line":3},"1":{"name":"request.onsuccess","decl":{"start":{"line":5,"column":24},"end":{"line":5,"column":53}},"loc":{"start":{"line":5,"column":24},"end":{"line":5,"column":53}},"line":5},"2":{"name":"request.onerror","decl":{"start":{"line":6,"column":22},"end":{"line":6,"column":85}},"loc":{"start":{"line":6,"column":22},"end":{"line":6,"column":85}},"line":6},"3":{"name":"wrapTransaction","decl":{"start":{"line":10,"column":0},"end":{"line":15,"column":1}},"loc":{"start":{"line":10,"column":0},"end":{"line":15,"column":1}},"line":10},"4":{"name":"tx.oncomplete","decl":{"start":{"line":12,"column":20},"end":{"line":12,"column":35}},"loc":{"start":{"line":12,"column":20},"end":{"line":12,"column":35}},"line":12},"5":{"name":"tx.onerror","decl":{"start":{"line":13,"column":17},"end":{"line":13,"column":80}},"loc":{"start":{"line":13,"column":17},"end":{"line":13,"column":80}},"line":13},"6":{"name":"DB","decl":{"start":{"line":21,"column":2},"end":{"line":28,"column":3}},"loc":{"start":{"line":21,"column":2},"end":{"line":28,"column":3}},"line":21},"7":{"name":"openDatabase","decl":{"start":{"line":30,"column":10},"end":{"line":41,"column":3}},"loc":{"start":{"line":30,"column":10},"end":{"line":41,"column":3}},"line":30},"8":{"name":"request.onupgradeneeded","decl":{"start":{"line":37,"column":32},"end":{"line":37,"column":81}},"loc":{"start":{"line":37,"column":32},"end":{"line":37,"column":81}},"line":37},"9":{"name":"request.onsuccess","decl":{"start":{"line":38,"column":26},"end":{"line":38,"column":55}},"loc":{"start":{"line":38,"column":26},"end":{"line":38,"column":55}},"line":38},"10":{"name":"request.onerror","decl":{"start":{"line":39,"column":24},"end":{"line":39,"column":80}},"loc":{"start":{"line":39,"column":24},"end":{"line":39,"column":80}},"line":39},"11":{"name":"find","decl":{"start":{"line":43,"column":2},"end":{"line":48,"column":3}},"loc":{"start":{"line":43,"column":2},"end":{"line":48,"column":3}},"line":43},"12":{"name":"insert","decl":{"start":{"line":50,"column":2},"end":{"line":55,"column":3}},"loc":{"start":{"line":50,"column":2},"end":{"line":55,"column":3}},"line":50},"13":{"name":"delete","decl":{"start":{"line":57,"column":2},"end":{"line":62,"column":3}},"loc":{"start":{"line":57,"column":2},"end":{"line":62,"column":3}},"line":57}},"f":{"0":5,"1":3,"2":2,"3":2,"4":1,"5":1,"6":11,"7":11,"8":1,"9":10,"10":0,"11":4,"12":2,"13":2}}
,"/Users/max/Documents/GitHub/SVGAPlayer-Web-Lite/src/global.d.ts": {"path":"/Users/max/Documents/GitHub/SVGAPlayer-Web-Lite/src/global.d.ts","all":true,"statementMap":{},"s":{},"branchMap":{"0":{"type":"branch","line":1,"loc":{"start":{"line":1,"column":299},"end":{"line":14,"column":9}},"locations":[{"start":{"line":1,"column":299},"end":{"line":14,"column":9}}]}},"b":{"0":[1]},"fnMap":{"0":{"name":"(empty-report)","decl":{"start":{"line":1,"column":299},"end":{"line":14,"column":9}},"loc":{"start":{"line":1,"column":299},"end":{"line":14,"column":9}},"line":1}},"f":{"0":1}}
,"/Users/max/Documents/GitHub/SVGAPlayer-Web-Lite/src/index.ts": {"path":"/Users/max/Documents/GitHub/SVGAPlayer-Web-Lite/src/index.ts","all":false,"statementMap":{"1":{"start":{"line":2,"column":0},"end":{"line":2,"column":33}},"2":{"start":{"line":3,"column":0},"end":{"line":3,"column":33}},"5":{"start":{"line":6,"column":0},"end":{"line":6,"column":25}}},"s":{"1":1,"2":1,"5":1},"branchMap":{},"b":{},"fnMap":{},"f":{}}
,"/Users/max/Documents/GitHub/SVGAPlayer-Web-Lite/src/parser.ts": {"path":"/Users/max/Documents/GitHub/SVGAPlayer-Web-Lite/src/parser.ts","all":false,"statementMap":{"1":{"start":{"line":2,"column":0},"end":{"line":2,"column":61}},"6":{"start":{"line":7,"column":0},"end":{"line":7,"column":21}},"10":{"start":{"line":11,"column":0},"end":{"line":11,"column":51}},"11":{"start":{"line":12,"column":0},"end":{"line":12,"column":68}},"12":{"start":{"line":13,"column":0},"end":{"line":13,"column":69}},"14":{"start":{"line":15,"column":0},"end":{"line":15,"column":38}},"15":{"start":{"line":16,"column":0},"end":{"line":16,"column":44}},"16":{"start":{"line":17,"column":0},"end":{"line":17,"column":12}},"17":{"start":{"line":18,"column":0},"end":{"line":18,"column":5}},"19":{"start":{"line":20,"column":0},"end":{"line":20,"column":96}},"20":{"start":{"line":21,"column":0},"end":{"line":21,"column":3}},"27":{"start":{"line":28,"column":0},"end":{"line":28,"column":44}},"28":{"start":{"line":29,"column":0},"end":{"line":29,"column":59}},"30":{"start":{"line":31,"column":0},"end":{"line":31,"column":122}},"32":{"start":{"line":33,"column":0},"end":{"line":33,"column":52}},"33":{"start":{"line":34,"column":0},"end":{"line":34,"column":54}},"34":{"start":{"line":35,"column":0},"end":{"line":35,"column":60}},"35":{"start":{"line":36,"column":0},"end":{"line":36,"column":7}},"37":{"start":{"line":38,"column":0},"end":{"line":38,"column":38}},"38":{"start":{"line":39,"column":0},"end":{"line":39,"column":52}},"39":{"start":{"line":40,"column":0},"end":{"line":40,"column":14}},"40":{"start":{"line":41,"column":0},"end":{"line":41,"column":7}},"42":{"start":{"line":43,"column":0},"end":{"line":43,"column":47}},"43":{"start":{"line":44,"column":0},"end":{"line":44,"column":6}},"44":{"start":{"line":45,"column":0},"end":{"line":45,"column":3}},"46":{"start":{"line":47,"column":0},"end":{"line":47,"column":146}},"47":{"start":{"line":48,"column":0},"end":{"line":48,"column":40}},"48":{"start":{"line":49,"column":0},"end":{"line":49,"column":90}},"49":{"start":{"line":50,"column":0},"end":{"line":50,"column":39}},"50":{"start":{"line":51,"column":0},"end":{"line":51,"column":12}},"51":{"start":{"line":52,"column":0},"end":{"line":52,"column":46}},"52":{"start":{"line":53,"column":0},"end":{"line":53,"column":47}},"53":{"start":{"line":54,"column":0},"end":{"line":54,"column":5}},"54":{"start":{"line":55,"column":0},"end":{"line":55,"column":3}},"56":{"start":{"line":57,"column":0},"end":{"line":57,"column":46}},"57":{"start":{"line":58,"column":0},"end":{"line":58,"column":42}},"59":{"start":{"line":60,"column":0},"end":{"line":60,"column":46}},"60":{"start":{"line":61,"column":0},"end":{"line":61,"column":21}},"61":{"start":{"line":62,"column":0},"end":{"line":62,"column":22}},"62":{"start":{"line":63,"column":0},"end":{"line":63,"column":3}},"64":{"start":{"line":65,"column":0},"end":{"line":65,"column":27}},"65":{"start":{"line":66,"column":0},"end":{"line":66,"column":40}},"66":{"start":{"line":67,"column":0},"end":{"line":67,"column":29}},"67":{"start":{"line":68,"column":0},"end":{"line":68,"column":5}},"68":{"start":{"line":69,"column":0},"end":{"line":69,"column":3}},"69":{"start":{"line":70,"column":0},"end":{"line":70,"column":1}}},"s":{"1":1,"6":1,"10":1,"11":13,"12":13,"14":13,"15":4,"16":4,"17":4,"19":9,"20":13,"27":1,"28":9,"30":8,"32":8,"33":8,"34":7,"35":7,"37":8,"38":1,"39":1,"40":1,"42":7,"43":8,"44":9,"46":1,"47":7,"48":5,"49":5,"50":7,"51":2,"52":2,"53":2,"54":7,"56":1,"57":8,"59":2,"60":2,"61":2,"62":8,"64":1,"65":2,"66":1,"67":1,"68":2,"69":1},"branchMap":{"0":{"type":"branch","line":11,"loc":{"start":{"line":11,"column":2},"end":{"line":21,"column":3}},"locations":[{"start":{"line":11,"column":2},"end":{"line":21,"column":3}}]},"1":{"type":"branch","line":15,"loc":{"start":{"line":15,"column":37},"end":{"line":18,"column":5}},"locations":[{"start":{"line":15,"column":37},"end":{"line":18,"column":5}}]},"2":{"type":"branch","line":18,"loc":{"start":{"line":18,"column":4},"end":{"line":20,"column":96}},"locations":[{"start":{"line":18,"column":4},"end":{"line":20,"column":96}}]},"3":{"type":"branch","line":28,"loc":{"start":{"line":28,"column":2},"end":{"line":45,"column":3}},"locations":[{"start":{"line":28,"column":2},"end":{"line":45,"column":3}}]},"4":{"type":"branch","line":29,"loc":{"start":{"line":29,"column":27},"end":{"line":29,"column":59}},"locations":[{"start":{"line":29,"column":27},"end":{"line":29,"column":59}}]},"5":{"type":"branch","line":29,"loc":{"start":{"line":29,"column":58},"end":{"line":44,"column":6}},"locations":[{"start":{"line":29,"column":58},"end":{"line":44,"column":6}}]},"6":{"type":"branch","line":33,"loc":{"start":{"line":33,"column":30},"end":{"line":44,"column":5}},"locations":[{"start":{"line":33,"column":30},"end":{"line":44,"column":5}}]},"7":{"type":"branch","line":38,"loc":{"start":{"line":38,"column":37},"end":{"line":41,"column":7}},"locations":[{"start":{"line":38,"column":37},"end":{"line":41,"column":7}}]},"8":{"type":"branch","line":41,"loc":{"start":{"line":41,"column":6},"end":{"line":43,"column":47}},"locations":[{"start":{"line":41,"column":6},"end":{"line":43,"column":47}}]},"9":{"type":"branch","line":34,"loc":{"start":{"line":34,"column":28},"end":{"line":36,"column":7}},"locations":[{"start":{"line":34,"column":28},"end":{"line":36,"column":7}}]},"10":{"type":"branch","line":35,"loc":{"start":{"line":35,"column":24},"end":{"line":35,"column":47}},"locations":[{"start":{"line":35,"column":24},"end":{"line":35,"column":47}}]},"11":{"type":"branch","line":35,"loc":{"start":{"line":35,"column":43},"end":{"line":35,"column":60}},"locations":[{"start":{"line":35,"column":43},"end":{"line":35,"column":60}}]},"12":{"type":"branch","line":47,"loc":{"start":{"line":47,"column":10},"end":{"line":55,"column":3}},"locations":[{"start":{"line":47,"column":10},"end":{"line":55,"column":3}}]},"13":{"type":"branch","line":48,"loc":{"start":{"line":48,"column":39},"end":{"line":51,"column":11}},"locations":[{"start":{"line":48,"column":39},"end":{"line":51,"column":11}}]},"14":{"type":"branch","line":51,"loc":{"start":{"line":51,"column":4},"end":{"line":54,"column":5}},"locations":[{"start":{"line":51,"column":4},"end":{"line":54,"column":5}}]},"15":{"type":"branch","line":49,"loc":{"start":{"line":49,"column":30},"end":{"line":49,"column":90}},"locations":[{"start":{"line":49,"column":30},"end":{"line":49,"column":90}}]},"16":{"type":"branch","line":57,"loc":{"start":{"line":57,"column":10},"end":{"line":63,"column":3}},"locations":[{"start":{"line":57,"column":10},"end":{"line":63,"column":3}}]},"17":{"type":"branch","line":58,"loc":{"start":{"line":58,"column":32},"end":{"line":58,"column":42}},"locations":[{"start":{"line":58,"column":32},"end":{"line":58,"column":42}}]},"18":{"type":"branch","line":58,"loc":{"start":{"line":58,"column":39},"end":{"line":62,"column":22}},"locations":[{"start":{"line":58,"column":39},"end":{"line":62,"column":22}}]},"19":{"type":"branch","line":65,"loc":{"start":{"line":65,"column":9},"end":{"line":69,"column":3}},"locations":[{"start":{"line":65,"column":9},"end":{"line":69,"column":3}}]},"20":{"type":"branch","line":66,"loc":{"start":{"line":66,"column":39},"end":{"line":68,"column":5}},"locations":[{"start":{"line":66,"column":39},"end":{"line":68,"column":5}}]}},"b":{"0":[13],"1":[4],"2":[9],"3":[9],"4":[1],"5":[8],"6":[8],"7":[1],"8":[7],"9":[7],"10":[2],"11":[5],"12":[7],"13":[5],"14":[2],"15":[5],"16":[8],"17":[6],"18":[2],"19":[2],"20":[1]},"fnMap":{"0":{"name":"Parser","decl":{"start":{"line":11,"column":2},"end":{"line":21,"column":3}},"loc":{"start":{"line":11,"column":2},"end":{"line":21,"column":3}},"line":11},"1":{"name":"load","decl":{"start":{"line":28,"column":2},"end":{"line":45,"column":3}},"loc":{"start":{"line":28,"column":2},"end":{"line":45,"column":3}},"line":28},"2":{"name":"handleMessage","decl":{"start":{"line":34,"column":28},"end":{"line":36,"column":7}},"loc":{"start":{"line":34,"column":28},"end":{"line":36,"column":7}},"line":34},"3":{"name":"postMessage","decl":{"start":{"line":47,"column":10},"end":{"line":55,"column":3}},"loc":{"start":{"line":47,"column":10},"end":{"line":55,"column":3}},"line":47},"4":{"name":"worker.onmessage","decl":{"start":{"line":49,"column":30},"end":{"line":49,"column":90}},"loc":{"start":{"line":49,"column":30},"end":{"line":49,"column":90}},"line":49},"5":{"name":"normalizeURL","decl":{"start":{"line":57,"column":10},"end":{"line":63,"column":3}},"loc":{"start":{"line":57,"column":10},"end":{"line":63,"column":3}},"line":57},"6":{"name":"destroy","decl":{"start":{"line":65,"column":9},"end":{"line":69,"column":3}},"loc":{"start":{"line":65,"column":9},"end":{"line":69,"column":3}},"line":65}},"f":{"0":13,"1":9,"2":7,"3":7,"4":5,"5":8,"6":2}}
,"/Users/max/Documents/GitHub/SVGAPlayer-Web-Lite/src/test.ts": {"path":"/Users/max/Documents/GitHub/SVGAPlayer-Web-Lite/src/test.ts","all":true,"statementMap":{"0":{"start":{"line":1,"column":0},"end":{"line":1,"column":60}},"1":{"start":{"line":2,"column":0},"end":{"line":2,"column":44}},"4":{"start":{"line":5,"column":0},"end":{"line":5,"column":22}},"5":{"start":{"line":6,"column":0},"end":{"line":6,"column":22}},"6":{"start":{"line":7,"column":0},"end":{"line":7,"column":14}},"8":{"start":{"line":9,"column":0},"end":{"line":9,"column":69}},"13":{"start":{"line":14,"column":0},"end":{"line":14,"column":46}},"14":{"start":{"line":15,"column":0},"end":{"line":15,"column":47}},"15":{"start":{"line":16,"column":0},"end":{"line":16,"column":29}},"16":{"start":{"line":17,"column":0},"end":{"line":17,"column":37}},"17":{"start":{"line":18,"column":0},"end":{"line":18,"column":19}},"18":{"start":{"line":19,"column":0},"end":{"line":19,"column":24}},"19":{"start":{"line":20,"column":0},"end":{"line":20,"column":31}},"20":{"start":{"line":21,"column":0},"end":{"line":21,"column":24}},"21":{"start":{"line":22,"column":0},"end":{"line":22,"column":13}},"22":{"start":{"line":23,"column":0},"end":{"line":23,"column":6}},"23":{"start":{"line":24,"column":0},"end":{"line":24,"column":28}},"24":{"start":{"line":25,"column":0},"end":{"line":25,"column":18}},"25":{"start":{"line":26,"column":0},"end":{"line":26,"column":3}},"26":{"start":{"line":27,"column":0},"end":{"line":27,"column":1}},"31":{"start":{"line":32,"column":0},"end":{"line":32,"column":46}},"32":{"start":{"line":33,"column":0},"end":{"line":33,"column":32}},"33":{"start":{"line":34,"column":0},"end":{"line":34,"column":27}},"34":{"start":{"line":35,"column":0},"end":{"line":35,"column":33}},"35":{"start":{"line":36,"column":0},"end":{"line":36,"column":22}},"36":{"start":{"line":37,"column":0},"end":{"line":37,"column":35}},"37":{"start":{"line":38,"column":0},"end":{"line":38,"column":25}},"38":{"start":{"line":39,"column":0},"end":{"line":39,"column":22}},"39":{"start":{"line":40,"column":0},"end":{"line":40,"column":23}},"40":{"start":{"line":41,"column":0},"end":{"line":41,"column":26}},"41":{"start":{"line":42,"column":0},"end":{"line":42,"column":26}},"42":{"start":{"line":43,"column":0},"end":{"line":43,"column":47}},"43":{"start":{"line":44,"column":0},"end":{"line":44,"column":49}},"44":{"start":{"line":45,"column":0},"end":{"line":45,"column":47}},"45":{"start":{"line":46,"column":0},"end":{"line":46,"column":45}},"46":{"start":{"line":47,"column":0},"end":{"line":47,"column":51}},"47":{"start":{"line":48,"column":0},"end":{"line":48,"column":43}},"48":{"start":{"line":49,"column":0},"end":{"line":49,"column":37}},"49":{"start":{"line":50,"column":0},"end":{"line":50,"column":37}},"50":{"start":{"line":51,"column":0},"end":{"line":51,"column":39}},"51":{"start":{"line":52,"column":0},"end":{"line":52,"column":35}},"52":{"start":{"line":53,"column":0},"end":{"line":53,"column":37}},"53":{"start":{"line":54,"column":0},"end":{"line":54,"column":26}},"54":{"start":{"line":55,"column":0},"end":{"line":55,"column":20}},"55":{"start":{"line":56,"column":0},"end":{"line":56,"column":20}},"56":{"start":{"line":57,"column":0},"end":{"line":57,"column":3}},"57":{"start":{"line":58,"column":0},"end":{"line":58,"column":1}},"62":{"start":{"line":63,"column":0},"end":{"line":63,"column":46}},"63":{"start":{"line":64,"column":0},"end":{"line":64,"column":25}},"64":{"start":{"line":65,"column":0},"end":{"line":65,"column":53}},"65":{"start":{"line":66,"column":0},"end":{"line":66,"column":24}},"66":{"start":{"line":67,"column":0},"end":{"line":67,"column":24}},"67":{"start":{"line":68,"column":0},"end":{"line":68,"column":49}},"68":{"start":{"line":69,"column":0},"end":{"line":69,"column":68}},"69":{"start":{"line":70,"column":0},"end":{"line":70,"column":33}},"70":{"start":{"line":71,"column":0},"end":{"line":71,"column":34}},"71":{"start":{"line":72,"column":0},"end":{"line":72,"column":37}},"72":{"start":{"line":73,"column":0},"end":{"line":73,"column":31}},"73":{"start":{"line":74,"column":0},"end":{"line":74,"column":73}},"75":{"start":{"line":76,"column":0},"end":{"line":76,"column":27}},"76":{"start":{"line":77,"column":0},"end":{"line":77,"column":67}},"78":{"start":{"line":79,"column":0},"end":{"line":79,"column":34}},"79":{"start":{"line":80,"column":0},"end":{"line":80,"column":29}},"80":{"start":{"line":81,"column":0},"end":{"line":81,"column":37}},"82":{"start":{"line":83,"column":0},"end":{"line":83,"column":36}},"83":{"start":{"line":84,"column":0},"end":{"line":84,"column":42}},"85":{"start":{"line":86,"column":0},"end":{"line":86,"column":35}},"86":{"start":{"line":87,"column":0},"end":{"line":87,"column":26}},"87":{"start":{"line":88,"column":0},"end":{"line":88,"column":16}},"88":{"start":{"line":89,"column":0},"end":{"line":89,"column":1}},"93":{"start":{"line":94,"column":0},"end":{"line":94,"column":46}},"94":{"start":{"line":95,"column":0},"end":{"line":95,"column":32}},"95":{"start":{"line":96,"column":0},"end":{"line":96,"column":21}},"96":{"start":{"line":97,"column":0},"end":{"line":97,"column":31}},"97":{"start":{"line":98,"column":0},"end":{"line":98,"column":25}},"98":{"start":{"line":99,"column":0},"end":{"line":99,"column":27}},"99":{"start":{"line":100,"column":0},"end":{"line":100,"column":65}},"100":{"start":{"line":101,"column":0},"end":{"line":101,"column":33}},"101":{"start":{"line":102,"column":0},"end":{"line":102,"column":30}},"102":{"start":{"line":103,"column":0},"end":{"line":103,"column":3}},"103":{"start":{"line":104,"column":0},"end":{"line":104,"column":35}},"104":{"start":{"line":105,"column":0},"end":{"line":105,"column":26}},"105":{"start":{"line":106,"column":0},"end":{"line":106,"column":16}},"106":{"start":{"line":107,"column":0},"end":{"line":107,"column":1}},"111":{"start":{"line":112,"column":0},"end":{"line":112,"column":46}},"112":{"start":{"line":113,"column":0},"end":{"line":113,"column":32}},"113":{"start":{"line":114,"column":0},"end":{"line":114,"column":29}},"114":{"start":{"line":115,"column":0},"end":{"line":115,"column":37}},"115":{"start":{"line":116,"column":0},"end":{"line":116,"column":29}},"116":{"start":{"line":117,"column":0},"end":{"line":117,"column":22}},"117":{"start":{"line":118,"column":0},"end":{"line":118,"column":12}},"118":{"start":{"line":119,"column":0},"end":{"line":119,"column":24}},"119":{"start":{"line":120,"column":0},"end":{"line":120,"column":36}},"120":{"start":{"line":121,"column":0},"end":{"line":121,"column":41}},"121":{"start":{"line":122,"column":0},"end":{"line":122,"column":41}},"122":{"start":{"line":123,"column":0},"end":{"line":123,"column":19}},"123":{"start":{"line":124,"column":0},"end":{"line":124,"column":16}},"124":{"start":{"line":125,"column":0},"end":{"line":125,"column":4}},"125":{"start":{"line":126,"column":0},"end":{"line":126,"column":26}},"126":{"start":{"line":127,"column":0},"end":{"line":127,"column":16}},"127":{"start":{"line":128,"column":0},"end":{"line":128,"column":1}},"132":{"start":{"line":133,"column":0},"end":{"line":133,"column":46}},"133":{"start":{"line":134,"column":0},"end":{"line":134,"column":32}},"134":{"start":{"line":135,"column":0},"end":{"line":135,"column":29}},"135":{"start":{"line":136,"column":0},"end":{"line":136,"column":37}},"136":{"start":{"line":137,"column":0},"end":{"line":137,"column":19}},"137":{"start":{"line":138,"column":0},"end":{"line":138,"column":29}},"138":{"start":{"line":139,"column":0},"end":{"line":139,"column":22}},"139":{"start":{"line":140,"column":0},"end":{"line":140,"column":12}},"140":{"start":{"line":141,"column":0},"end":{"line":141,"column":39}},"141":{"start":{"line":142,"column":0},"end":{"line":142,"column":4}},"142":{"start":{"line":143,"column":0},"end":{"line":143,"column":26}},"143":{"start":{"line":144,"column":0},"end":{"line":144,"column":16}},"144":{"start":{"line":145,"column":0},"end":{"line":145,"column":24}},"145":{"start":{"line":146,"column":0},"end":{"line":146,"column":45}},"146":{"start":{"line":147,"column":0},"end":{"line":147,"column":50}},"147":{"start":{"line":148,"column":0},"end":{"line":148,"column":127}},"148":{"start":{"line":149,"column":0},"end":{"line":149,"column":22}},"149":{"start":{"line":150,"column":0},"end":{"line":150,"column":14}},"150":{"start":{"line":151,"column":0},"end":{"line":151,"column":28}},"151":{"start":{"line":152,"column":0},"end":{"line":152,"column":6}},"152":{"start":{"line":153,"column":0},"end":{"line":153,"column":18}},"153":{"start":{"line":154,"column":0},"end":{"line":154,"column":3}},"154":{"start":{"line":155,"column":0},"end":{"line":155,"column":1}},"159":{"start":{"line":160,"column":0},"end":{"line":160,"column":46}},"160":{"start":{"line":161,"column":0},"end":{"line":161,"column":36}},"161":{"start":{"line":162,"column":0},"end":{"line":162,"column":7}},"162":{"start":{"line":163,"column":0},"end":{"line":163,"column":31}},"163":{"start":{"line":164,"column":0},"end":{"line":164,"column":39}},"164":{"start":{"line":165,"column":0},"end":{"line":165,"column":37}},"165":{"start":{"line":166,"column":0},"end":{"line":166,"column":28}},"166":{"start":{"line":167,"column":0},"end":{"line":167,"column":18}},"167":{"start":{"line":168,"column":0},"end":{"line":168,"column":19}},"168":{"start":{"line":169,"column":0},"end":{"line":169,"column":38}},"169":{"start":{"line":170,"column":0},"end":{"line":170,"column":3}},"170":{"start":{"line":171,"column":0},"end":{"line":171,"column":1}},"175":{"start":{"line":176,"column":0},"end":{"line":176,"column":46}},"176":{"start":{"line":177,"column":0},"end":{"line":177,"column":32}},"177":{"start":{"line":178,"column":0},"end":{"line":178,"column":29}},"178":{"start":{"line":179,"column":0},"end":{"line":179,"column":37}},"179":{"start":{"line":180,"column":0},"end":{"line":180,"column":35}},"180":{"start":{"line":181,"column":0},"end":{"line":181,"column":26}},"181":{"start":{"line":182,"column":0},"end":{"line":182,"column":20}},"182":{"start":{"line":183,"column":0},"end":{"line":183,"column":12}},"183":{"start":{"line":184,"column":0},"end":{"line":184,"column":18}},"184":{"start":{"line":185,"column":0},"end":{"line":185,"column":15}},"185":{"start":{"line":186,"column":0},"end":{"line":186,"column":4}},"186":{"start":{"line":187,"column":0},"end":{"line":187,"column":16}},"188":{"start":{"line":189,"column":0},"end":{"line":189,"column":20}},"189":{"start":{"line":190,"column":0},"end":{"line":190,"column":24}},"190":{"start":{"line":191,"column":0},"end":{"line":191,"column":22}},"191":{"start":{"line":192,"column":0},"end":{"line":192,"column":14}},"192":{"start":{"line":193,"column":0},"end":{"line":193,"column":20}},"193":{"start":{"line":194,"column":0},"end":{"line":194,"column":17}},"194":{"start":{"line":195,"column":0},"end":{"line":195,"column":6}},"195":{"start":{"line":196,"column":0},"end":{"line":196,"column":18}},"196":{"start":{"line":197,"column":0},"end":{"line":197,"column":10}},"197":{"start":{"line":198,"column":0},"end":{"line":198,"column":1}},"199":{"start":{"line":200,"column":0},"end":{"line":200,"column":65}}},"s":{"0":0,"1":0,"4":0,"5":0,"6":0,"8":0,"13":0,"14":0,"15":0,"16":0,"17":0,"18":0,"19":0,"20":0,"21":0,"22":0,"23":0,"24":0,"25":0,"26":0,"31":0,"32":0,"33":0,"34":0,"35":0,"36":0,"37":0,"38":0,"39":0,"40":0,"41":0,"42":0,"43":0,"44":0,"45":0,"46":0,"47":0,"48":0,"49":0,"50":0,"51":0,"52":0,"53":0,"54":0,"55":0,"56":0,"57":0,"62":0,"63":0,"64":0,"65":0,"66":0,"67":0,"68":0,"69":0,"70":0,"71":0,"72":0,"73":0,"75":0,"76":0,"78":0,"79":0,"80":0,"82":0,"83":0,"85":0,"86":0,"87":0,"88":0,"93":0,"94":0,"95":0,"96":0,"97":0,"98":0,"99":0,"100":0,"101":0,"102":0,"103":0,"104":0,"105":0,"106":0,"111":0,"112":0,"113":0,"114":0,"115":0,"116":0,"117":0,"118":0,"119":0,"120":0,"121":0,"122":0,"123":0,"124":0,"125":0,"126":0,"127":0,"132":0,"133":0,"134":0,"135":0,"136":0,"137":0,"138":0,"139":0,"140":0,"141":0,"142":0,"143":0,"144":0,"145":0,"146":0,"147":0,"148":0,"149":0,"150":0,"151":0,"152":0,"153":0,"154":0,"159":0,"160":0,"161":0,"162":0,"163":0,"164":0,"165":0,"166":0,"167":0,"168":0,"169":0,"170":0,"175":0,"176":0,"177":0,"178":0,"179":0,"180":0,"181":0,"182":0,"183":0,"184":0,"185":0,"186":0,"188":0,"189":0,"190":0,"191":0,"192":0,"193":0,"194":0,"195":0,"196":0,"197":0,"199":0},"branchMap":{"0":{"type":"branch","line":1,"loc":{"start":{"line":1,"column":0},"end":{"line":200,"column":-387}},"locations":[{"start":{"line":1,"column":0},"end":{"line":200,"column":-387}}]}},"b":{"0":[0]},"fnMap":{"0":{"name":"(empty-report)","decl":{"start":{"line":1,"column":0},"end":{"line":200,"column":-387}},"loc":{"start":{"line":1,"column":0},"end":{"line":200,"column":-387}},"line":1}},"f":{"0":0}}
,"/Users/max/Documents/GitHub/SVGAPlayer-Web-Lite/src/types.ts": {"path":"/Users/max/Documents/GitHub/SVGAPlayer-Web-Lite/src/types.ts","all":false,"statementMap":{"44":{"start":{"line":45,"column":0},"end":{"line":45,"column":33}},"45":{"start":{"line":46,"column":0},"end":{"line":46,"column":11}},"46":{"start":{"line":47,"column":0},"end":{"line":47,"column":12}},"47":{"start":{"line":48,"column":0},"end":{"line":48,"column":12}},"50":{"start":{"line":51,"column":0},"end":{"line":51,"column":34}},"51":{"start":{"line":52,"column":0},"end":{"line":52,"column":12}},"52":{"start":{"line":53,"column":0},"end":{"line":53,"column":12}},"53":{"start":{"line":54,"column":0},"end":{"line":54,"column":11}},"65":{"start":{"line":66,"column":0},"end":{"line":66,"column":35}},"66":{"start":{"line":67,"column":0},"end":{"line":67,"column":12}},"67":{"start":{"line":68,"column":0},"end":{"line":68,"column":11}},"68":{"start":{"line":69,"column":0},"end":{"line":69,"column":14}},"69":{"start":{"line":70,"column":0},"end":{"line":70,"column":10}},"72":{"start":{"line":73,"column":0},"end":{"line":73,"column":30}},"73":{"start":{"line":74,"column":0},"end":{"line":74,"column":18}},"74":{"start":{"line":75,"column":0},"end":{"line":75,"column":16}},"75":{"start":{"line":76,"column":0},"end":{"line":76,"column":21}},"237":{"start":{"line":238,"column":0},"end":{"line":238,"column":36}},"241":{"start":{"line":242,"column":0},"end":{"line":242,"column":24}},"245":{"start":{"line":246,"column":0},"end":{"line":246,"column":25}},"248":{"start":{"line":249,"column":0},"end":{"line":249,"column":36}},"252":{"start":{"line":253,"column":0},"end":{"line":253,"column":24}},"256":{"start":{"line":257,"column":0},"end":{"line":257,"column":25}}},"s":{"44":1,"45":1,"46":1,"47":1,"50":1,"51":1,"52":1,"53":1,"65":1,"66":1,"67":1,"68":1,"69":1,"72":1,"73":1,"74":1,"75":1,"237":1,"241":1,"245":1,"248":1,"252":1,"256":1},"branchMap":{"0":{"type":"branch","line":45,"loc":{"start":{"line":45,"column":7},"end":{"line":45,"column":33}},"locations":[{"start":{"line":45,"column":7},"end":{"line":45,"column":33}}]},"1":{"type":"branch","line":51,"loc":{"start":{"line":51,"column":7},"end":{"line":51,"column":34}},"locations":[{"start":{"line":51,"column":7},"end":{"line":51,"column":34}}]},"2":{"type":"branch","line":66,"loc":{"start":{"line":66,"column":7},"end":{"line":66,"column":35}},"locations":[{"start":{"line":66,"column":7},"end":{"line":66,"column":35}}]},"3":{"type":"branch","line":73,"loc":{"start":{"line":73,"column":7},"end":{"line":73,"column":30}},"locations":[{"start":{"line":73,"column":7},"end":{"line":73,"column":30}}]},"4":{"type":"branch","line":238,"loc":{"start":{"line":238,"column":7},"end":{"line":238,"column":36}},"locations":[{"start":{"line":238,"column":7},"end":{"line":238,"column":36}}]},"5":{"type":"branch","line":249,"loc":{"start":{"line":249,"column":7},"end":{"line":249,"column":36}},"locations":[{"start":{"line":249,"column":7},"end":{"line":249,"column":36}}]}},"b":{"0":[5],"1":[5],"2":[5],"3":[5],"4":[5],"5":[5]},"fnMap":{},"f":{}}
,"/Users/max/Documents/GitHub/SVGAPlayer-Web-Lite/src/utils.ts": {"path":"/Users/max/Documents/GitHub/SVGAPlayer-Web-Lite/src/utils.ts","all":false,"statementMap":{"0":{"start":{"line":1,"column":0},"end":{"line":1,"column":69}},"1":{"start":{"line":2,"column":0},"end":{"line":2,"column":51}},"2":{"start":{"line":3,"column":0},"end":{"line":3,"column":44}},"3":{"start":{"line":4,"column":0},"end":{"line":4,"column":43}},"4":{"start":{"line":5,"column":0},"end":{"line":5,"column":64}},"6":{"start":{"line":7,"column":0},"end":{"line":7,"column":26}},"7":{"start":{"line":8,"column":0},"end":{"line":8,"column":12}},"8":{"start":{"line":9,"column":0},"end":{"line":9,"column":3}},"11":{"start":{"line":12,"column":0},"end":{"line":12,"column":93}},"12":{"start":{"line":13,"column":0},"end":{"line":13,"column":12}},"13":{"start":{"line":14,"column":0},"end":{"line":14,"column":3}},"16":{"start":{"line":17,"column":0},"end":{"line":17,"column":61}},"17":{"start":{"line":18,"column":0},"end":{"line":18,"column":12}},"18":{"start":{"line":19,"column":0},"end":{"line":19,"column":3}},"21":{"start":{"line":22,"column":0},"end":{"line":22,"column":10}},"22":{"start":{"line":23,"column":0},"end":{"line":23,"column":1}},"24":{"start":{"line":25,"column":0},"end":{"line":25,"column":22}},"25":{"start":{"line":26,"column":0},"end":{"line":26,"column":12}},"26":{"start":{"line":27,"column":0},"end":{"line":27,"column":1}}},"s":{"0":1,"1":10,"2":10,"3":1,"4":9,"6":10,"7":5,"8":5,"11":10,"12":1,"13":1,"16":10,"17":2,"18":2,"21":2,"22":2,"24":1,"25":1,"26":1},"branchMap":{"0":{"type":"branch","line":1,"loc":{"start":{"line":1,"column":19},"end":{"line":23,"column":1}},"locations":[{"start":{"line":1,"column":19},"end":{"line":23,"column":1}}]},"1":{"type":"branch","line":3,"loc":{"start":{"line":3,"column":33},"end":{"line":4,"column":43}},"locations":[{"start":{"line":3,"column":33},"end":{"line":4,"column":43}}]},"2":{"type":"branch","line":4,"loc":{"start":{"line":4,"column":42},"end":{"line":5,"column":64}},"locations":[{"start":{"line":4,"column":42},"end":{"line":5,"column":64}}]},"3":{"type":"branch","line":7,"loc":{"start":{"line":7,"column":25},"end":{"line":12,"column":28}},"locations":[{"start":{"line":7,"column":25},"end":{"line":12,"column":28}}]},"4":{"type":"branch","line":12,"loc":{"start":{"line":12,"column":20},"end":{"line":12,"column":50}},"locations":[{"start":{"line":12,"column":20},"end":{"line":12,"column":50}}]},"5":{"type":"branch","line":12,"loc":{"start":{"line":12,"column":42},"end":{"line":12,"column":72}},"locations":[{"start":{"line":12,"column":42},"end":{"line":12,"column":72}}]},"6":{"type":"branch","line":12,"loc":{"start":{"line":12,"column":64},"end":{"line":12,"column":92}},"locations":[{"start":{"line":12,"column":64},"end":{"line":12,"column":92}}]},"7":{"type":"branch","line":12,"loc":{"start":{"line":12,"column":92},"end":{"line":14,"column":3}},"locations":[{"start":{"line":12,"column":92},"end":{"line":14,"column":3}}]},"8":{"type":"branch","line":14,"loc":{"start":{"line":14,"column":2},"end":{"line":17,"column":60}},"locations":[{"start":{"line":14,"column":2},"end":{"line":17,"column":60}}]},"9":{"type":"branch","line":17,"loc":{"start":{"line":17,"column":60},"end":{"line":23,"column":1}},"locations":[{"start":{"line":17,"column":60},"end":{"line":23,"column":1}}]},"10":{"type":"branch","line":17,"loc":{"start":{"line":17,"column":19},"end":{"line":17,"column":57}},"locations":[{"start":{"line":17,"column":19},"end":{"line":17,"column":57}}]},"11":{"type":"branch","line":17,"loc":{"start":{"line":17,"column":36},"end":{"line":17,"column":57}},"locations":[{"start":{"line":17,"column":36},"end":{"line":17,"column":57}}]}},"b":{"0":[10],"1":[1],"2":[9],"3":[5],"4":[1],"5":[1],"6":[1],"7":[1],"8":[4],"9":[2],"10":[10],"11":[6]},"fnMap":{"0":{"name":"getVersion","decl":{"start":{"line":1,"column":19},"end":{"line":23,"column":1}},"loc":{"start":{"line":1,"column":19},"end":{"line":23,"column":1}},"line":1}},"f":{"0":10}}
,"/Users/max/Documents/GitHub/SVGAPlayer-Web-Lite/src/vendor.d.ts": {"path":"/Users/max/Documents/GitHub/SVGAPlayer-Web-Lite/src/vendor.d.ts","all":true,"statementMap":{},"s":{},"branchMap":{"0":{"type":"branch","line":1,"loc":{"start":{"line":1,"column":86},"end":{"line":4,"column":1}},"locations":[{"start":{"line":1,"column":86},"end":{"line":4,"column":1}}]}},"b":{"0":[1]},"fnMap":{"0":{"name":"(empty-report)","decl":{"start":{"line":1,"column":86},"end":{"line":4,"column":1}},"loc":{"start":{"line":1,"column":86},"end":{"line":4,"column":1}},"line":1}},"f":{"0":1}}
,"/Users/max/Documents/GitHub/SVGAPlayer-Web-Lite/src/parser/svga-proto.ts": {"path":"/Users/max/Documents/GitHub/SVGAPlayer-Web-Lite/src/parser/svga-proto.ts","all":false,"statementMap":{"0":{"start":{"line":1,"column":0},"end":{"line":1,"column":16}},"1":{"start":{"line":2,"column":0},"end":{"line":2,"column":11}},"2":{"start":{"line":3,"column":0},"end":{"line":3,"column":10}},"3":{"start":{"line":4,"column":0},"end":{"line":4,"column":15}},"4":{"start":{"line":5,"column":0},"end":{"line":5,"column":21}},"5":{"start":{"line":6,"column":0},"end":{"line":6,"column":19}},"6":{"start":{"line":7,"column":0},"end":{"line":7,"column":19}},"7":{"start":{"line":8,"column":0},"end":{"line":8,"column":24}},"8":{"start":{"line":9,"column":0},"end":{"line":9,"column":47}},"9":{"start":{"line":10,"column":0},"end":{"line":10,"column":57}},"10":{"start":{"line":11,"column":0},"end":{"line":11,"column":16}},"11":{"start":{"line":12,"column":0},"end":{"line":12,"column":23}},"12":{"start":{"line":13,"column":0},"end":{"line":13,"column":30}},"13":{"start":{"line":14,"column":0},"end":{"line":14,"column":27}},"14":{"start":{"line":15,"column":0},"end":{"line":15,"column":35}},"15":{"start":{"line":16,"column":0},"end":{"line":16,"column":36}},"16":{"start":{"line":17,"column":0},"end":{"line":17,"column":27}},"17":{"start":{"line":18,"column":0},"end":{"line":18,"column":22}},"18":{"start":{"line":19,"column":0},"end":{"line":19,"column":36}},"19":{"start":{"line":20,"column":0},"end":{"line":20,"column":36}},"20":{"start":{"line":21,"column":0},"end":{"line":21,"column":27}},"21":{"start":{"line":22,"column":0},"end":{"line":22,"column":22}},"22":{"start":{"line":23,"column":0},"end":{"line":23,"column":26}},"23":{"start":{"line":24,"column":0},"end":{"line":24,"column":36}},"24":{"start":{"line":25,"column":0},"end":{"line":25,"column":27}},"25":{"start":{"line":26,"column":0},"end":{"line":26,"column":22}},"26":{"start":{"line":27,"column":0},"end":{"line":27,"column":29}},"27":{"start":{"line":28,"column":0},"end":{"line":28,"column":36}},"28":{"start":{"line":29,"column":0},"end":{"line":29,"column":27}},"29":{"start":{"line":30,"column":0},"end":{"line":30,"column":21}},"30":{"start":{"line":31,"column":0},"end":{"line":31,"column":19}},"31":{"start":{"line":32,"column":0},"end":{"line":32,"column":18}},"32":{"start":{"line":33,"column":0},"end":{"line":33,"column":31}},"33":{"start":{"line":34,"column":0},"end":{"line":34,"column":27}},"34":{"start":{"line":35,"column":0},"end":{"line":35,"column":31}},"35":{"start":{"line":36,"column":0},"end":{"line":36,"column":37}},"36":{"start":{"line":37,"column":0},"end":{"line":37,"column":27}},"37":{"start":{"line":38,"column":0},"end":{"line":38,"column":22}},"38":{"start":{"line":39,"column":0},"end":{"line":39,"column":29}},"39":{"start":{"line":40,"column":0},"end":{"line":40,"column":39}},"40":{"start":{"line":41,"column":0},"end":{"line":41,"column":42}},"41":{"start":{"line":42,"column":0},"end":{"line":42,"column":27}},"42":{"start":{"line":43,"column":0},"end":{"line":43,"column":21}},"43":{"start":{"line":44,"column":0},"end":{"line":44,"column":19}},"44":{"start":{"line":45,"column":0},"end":{"line":45,"column":18}},"45":{"start":{"line":46,"column":0},"end":{"line":46,"column":25}},"46":{"start":{"line":47,"column":0},"end":{"line":47,"column":27}},"47":{"start":{"line":48,"column":0},"end":{"line":48,"column":24}},"48":{"start":{"line":49,"column":0},"end":{"line":49,"column":36}},"49":{"start":{"line":50,"column":0},"end":{"line":50,"column":27}},"50":{"start":{"line":51,"column":0},"end":{"line":51,"column":22}},"51":{"start":{"line":52,"column":0},"end":{"line":52,"column":24}},"52":{"start":{"line":53,"column":0},"end":{"line":53,"column":36}},"53":{"start":{"line":54,"column":0},"end":{"line":54,"column":27}},"54":{"start":{"line":55,"column":0},"end":{"line":55,"column":22}},"55":{"start":{"line":56,"column":0},"end":{"line":56,"column":28}},"56":{"start":{"line":57,"column":0},"end":{"line":57,"column":36}},"57":{"start":{"line":58,"column":0},"end":{"line":58,"column":27}},"58":{"start":{"line":59,"column":0},"end":{"line":59,"column":22}},"59":{"start":{"line":60,"column":0},"end":{"line":60,"column":29}},"60":{"start":{"line":61,"column":0},"end":{"line":61,"column":36}},"61":{"start":{"line":62,"column":0},"end":{"line":62,"column":27}},"62":{"start":{"line":63,"column":0},"end":{"line":63,"column":21}},"63":{"start":{"line":64,"column":0},"end":{"line":64,"column":19}},"64":{"start":{"line":65,"column":0},"end":{"line":65,"column":18}},"65":{"start":{"line":66,"column":0},"end":{"line":66,"column":28}},"66":{"start":{"line":67,"column":0},"end":{"line":67,"column":27}},"67":{"start":{"line":68,"column":0},"end":{"line":68,"column":24}},"68":{"start":{"line":69,"column":0},"end":{"line":69,"column":36}},"69":{"start":{"line":70,"column":0},"end":{"line":70,"column":27}},"70":{"start":{"line":71,"column":0},"end":{"line":71,"column":22}},"71":{"start":{"line":72,"column":0},"end":{"line":72,"column":24}},"72":{"start":{"line":73,"column":0},"end":{"line":73,"column":36}},"73":{"start":{"line":74,"column":0},"end":{"line":74,"column":27}},"74":{"start":{"line":75,"column":0},"end":{"line":75,"column":22}},"75":{"start":{"line":76,"column":0},"end":{"line":76,"column":24}},"76":{"start":{"line":77,"column":0},"end":{"line":77,"column":36}},"77":{"start":{"line":78,"column":0},"end":{"line":78,"column":27}},"78":{"start":{"line":79,"column":0},"end":{"line":79,"column":22}},"79":{"start":{"line":80,"column":0},"end":{"line":80,"column":24}},"80":{"start":{"line":81,"column":0},"end":{"line":81,"column":36}},"81":{"start":{"line":82,"column":0},"end":{"line":82,"column":27}},"82":{"start":{"line":83,"column":0},"end":{"line":83,"column":22}},"83":{"start":{"line":84,"column":0},"end":{"line":84,"column":25}},"84":{"start":{"line":85,"column":0},"end":{"line":85,"column":36}},"85":{"start":{"line":86,"column":0},"end":{"line":86,"column":27}},"86":{"start":{"line":87,"column":0},"end":{"line":87,"column":22}},"87":{"start":{"line":88,"column":0},"end":{"line":88,"column":25}},"88":{"start":{"line":89,"column":0},"end":{"line":89,"column":36}},"89":{"start":{"line":90,"column":0},"end":{"line":90,"column":27}},"90":{"start":{"line":91,"column":0},"end":{"line":91,"column":21}},"91":{"start":{"line":92,"column":0},"end":{"line":92,"column":19}},"92":{"start":{"line":93,"column":0},"end":{"line":93,"column":18}},"93":{"start":{"line":94,"column":0},"end":{"line":94,"column":30}},"94":{"start":{"line":95,"column":0},"end":{"line":95,"column":27}},"95":{"start":{"line":96,"column":0},"end":{"line":96,"column":27}},"96":{"start":{"line":97,"column":0},"end":{"line":97,"column":57}},"97":{"start":{"line":98,"column":0},"end":{"line":98,"column":21}},"98":{"start":{"line":99,"column":0},"end":{"line":99,"column":20}},"99":{"start":{"line":100,"column":0},"end":{"line":100,"column":27}},"100":{"start":{"line":101,"column":0},"end":{"line":101,"column":27}},"101":{"start":{"line":102,"column":0},"end":{"line":102,"column":40}},"102":{"start":{"line":103,"column":0},"end":{"line":103,"column":27}},"103":{"start":{"line":104,"column":0},"end":{"line":104,"column":22}},"104":{"start":{"line":105,"column":0},"end":{"line":105,"column":28}},"105":{"start":{"line":106,"column":0},"end":{"line":106,"column":40}},"106":{"start":{"line":107,"column":0},"end":{"line":107,"column":27}},"107":{"start":{"line":108,"column":0},"end":{"line":108,"column":22}},"108":{"start":{"line":109,"column":0},"end":{"line":109,"column":27}},"109":{"start":{"line":110,"column":0},"end":{"line":110,"column":39}},"110":{"start":{"line":111,"column":0},"end":{"line":111,"column":27}},"111":{"start":{"line":112,"column":0},"end":{"line":112,"column":22}},"112":{"start":{"line":113,"column":0},"end":{"line":113,"column":30}},"113":{"start":{"line":114,"column":0},"end":{"line":114,"column":42}},"114":{"start":{"line":115,"column":0},"end":{"line":115,"column":27}},"115":{"start":{"line":116,"column":0},"end":{"line":116,"column":22}},"116":{"start":{"line":117,"column":0},"end":{"line":117,"column":29}},"117":{"start":{"line":118,"column":0},"end":{"line":118,"column":41}},"118":{"start":{"line":119,"column":0},"end":{"line":119,"column":28}},"119":{"start":{"line":120,"column":0},"end":{"line":120,"column":22}},"120":{"start":{"line":121,"column":0},"end":{"line":121,"column":32}},"121":{"start":{"line":122,"column":0},"end":{"line":122,"column":40}},"122":{"start":{"line":123,"column":0},"end":{"line":123,"column":28}},"123":{"start":{"line":124,"column":0},"end":{"line":124,"column":21}},"124":{"start":{"line":125,"column":0},"end":{"line":125,"column":20}},"125":{"start":{"line":126,"column":0},"end":{"line":126,"column":27}},"126":{"start":{"line":127,"column":0},"end":{"line":127,"column":32}},"127":{"start":{"line":128,"column":0},"end":{"line":128,"column":31}},"128":{"start":{"line":129,"column":0},"end":{"line":129,"column":33}},"129":{"start":{"line":130,"column":0},"end":{"line":130,"column":32}},"130":{"start":{"line":131,"column":0},"end":{"line":131,"column":35}},"131":{"start":{"line":132,"column":0},"end":{"line":132,"column":31}},"132":{"start":{"line":133,"column":0},"end":{"line":133,"column":23}},"133":{"start":{"line":134,"column":0},"end":{"line":134,"column":22}},"134":{"start":{"line":135,"column":0},"end":{"line":135,"column":32}},"135":{"start":{"line":136,"column":0},"end":{"line":136,"column":31}},"136":{"start":{"line":137,"column":0},"end":{"line":137,"column":28}},"137":{"start":{"line":138,"column":0},"end":{"line":138,"column":41}},"138":{"start":{"line":139,"column":0},"end":{"line":139,"column":31}},"139":{"start":{"line":140,"column":0},"end":{"line":140,"column":25}},"140":{"start":{"line":141,"column":0},"end":{"line":141,"column":23}},"141":{"start":{"line":142,"column":0},"end":{"line":142,"column":22}},"142":{"start":{"line":143,"column":0},"end":{"line":143,"column":31}},"143":{"start":{"line":144,"column":0},"end":{"line":144,"column":31}},"144":{"start":{"line":145,"column":0},"end":{"line":145,"column":28}},"145":{"start":{"line":146,"column":0},"end":{"line":146,"column":40}},"146":{"start":{"line":147,"column":0},"end":{"line":147,"column":31}},"147":{"start":{"line":148,"column":0},"end":{"line":148,"column":26}},"148":{"start":{"line":149,"column":0},"end":{"line":149,"column":28}},"149":{"start":{"line":150,"column":0},"end":{"line":150,"column":40}},"150":{"start":{"line":151,"column":0},"end":{"line":151,"column":31}},"151":{"start":{"line":152,"column":0},"end":{"line":152,"column":26}},"152":{"start":{"line":153,"column":0},"end":{"line":153,"column":32}},"153":{"start":{"line":154,"column":0},"end":{"line":154,"column":40}},"154":{"start":{"line":155,"column":0},"end":{"line":155,"column":31}},"155":{"start":{"line":156,"column":0},"end":{"line":156,"column":26}},"156":{"start":{"line":157,"column":0},"end":{"line":157,"column":33}},"157":{"start":{"line":158,"column":0},"end":{"line":158,"column":40}},"158":{"start":{"line":159,"column":0},"end":{"line":159,"column":31}},"159":{"start":{"line":160,"column":0},"end":{"line":160,"column":26}},"160":{"start":{"line":161,"column":0},"end":{"line":161,"column":39}},"161":{"start":{"line":162,"column":0},"end":{"line":162,"column":40}},"162":{"start":{"line":163,"column":0},"end":{"line":163,"column":31}},"163":{"start":{"line":164,"column":0},"end":{"line":164,"column":25}},"164":{"start":{"line":165,"column":0},"end":{"line":165,"column":23}},"165":{"start":{"line":166,"column":0},"end":{"line":166,"column":22}},"166":{"start":{"line":167,"column":0},"end":{"line":167,"column":34}},"167":{"start":{"line":168,"column":0},"end":{"line":168,"column":31}},"168":{"start":{"line":169,"column":0},"end":{"line":169,"column":28}},"169":{"start":{"line":170,"column":0},"end":{"line":170,"column":40}},"170":{"start":{"line":171,"column":0},"end":{"line":171,"column":31}},"171":{"start":{"line":172,"column":0},"end":{"line":172,"column":26}},"172":{"start":{"line":173,"column":0},"end":{"line":173,"column":28}},"173":{"start":{"line":174,"column":0},"end":{"line":174,"column":40}},"174":{"start":{"line":175,"column":0},"end":{"line":175,"column":31}},"175":{"start":{"line":176,"column":0},"end":{"line":176,"column":26}},"176":{"start":{"line":177,"column":0},"end":{"line":177,"column":34}},"177":{"start":{"line":178,"column":0},"end":{"line":178,"column":40}},"178":{"start":{"line":179,"column":0},"end":{"line":179,"column":31}},"179":{"start":{"line":180,"column":0},"end":{"line":180,"column":26}},"180":{"start":{"line":181,"column":0},"end":{"line":181,"column":34}},"181":{"start":{"line":182,"column":0},"end":{"line":182,"column":40}},"182":{"start":{"line":183,"column":0},"end":{"line":183,"column":31}},"183":{"start":{"line":184,"column":0},"end":{"line":184,"column":25}},"184":{"start":{"line":185,"column":0},"end":{"line":185,"column":23}},"185":{"start":{"line":186,"column":0},"end":{"line":186,"column":22}},"186":{"start":{"line":187,"column":0},"end":{"line":187,"column":33}},"187":{"start":{"line":188,"column":0},"end":{"line":188,"column":31}},"188":{"start":{"line":189,"column":0},"end":{"line":189,"column":31}},"189":{"start":{"line":190,"column":0},"end":{"line":190,"column":44}},"190":{"start":{"line":191,"column":0},"end":{"line":191,"column":31}},"191":{"start":{"line":192,"column":0},"end":{"line":192,"column":26}},"192":{"start":{"line":193,"column":0},"end":{"line":193,"column":33}},"193":{"start":{"line":194,"column":0},"end":{"line":194,"column":44}},"194":{"start":{"line":195,"column":0},"end":{"line":195,"column":31}},"195":{"start":{"line":196,"column":0},"end":{"line":196,"column":26}},"196":{"start":{"line":197,"column":0},"end":{"line":197,"column":38}},"197":{"start":{"line":198,"column":0},"end":{"line":198,"column":40}},"198":{"start":{"line":199,"column":0},"end":{"line":199,"column":31}},"199":{"start":{"line":200,"column":0},"end":{"line":200,"column":26}},"200":{"start":{"line":201,"column":0},"end":{"line":201,"column":34}},"201":{"start":{"line":202,"column":0},"end":{"line":202,"column":42}},"202":{"start":{"line":203,"column":0},"end":{"line":203,"column":31}},"203":{"start":{"line":204,"column":0},"end":{"line":204,"column":26}},"204":{"start":{"line":205,"column":0},"end":{"line":205,"column":35}},"205":{"start":{"line":206,"column":0},"end":{"line":206,"column":43}},"206":{"start":{"line":207,"column":0},"end":{"line":207,"column":31}},"207":{"start":{"line":208,"column":0},"end":{"line":208,"column":26}},"208":{"start":{"line":209,"column":0},"end":{"line":209,"column":37}},"209":{"start":{"line":210,"column":0},"end":{"line":210,"column":40}},"210":{"start":{"line":211,"column":0},"end":{"line":211,"column":31}},"211":{"start":{"line":212,"column":0},"end":{"line":212,"column":26}},"212":{"start":{"line":213,"column":0},"end":{"line":213,"column":36}},"213":{"start":{"line":214,"column":0},"end":{"line":214,"column":40}},"214":{"start":{"line":215,"column":0},"end":{"line":215,"column":31}},"215":{"start":{"line":216,"column":0},"end":{"line":216,"column":26}},"216":{"start":{"line":217,"column":0},"end":{"line":217,"column":37}},"217":{"start":{"line":218,"column":0},"end":{"line":218,"column":40}},"218":{"start":{"line":219,"column":0},"end":{"line":219,"column":31}},"219":{"start":{"line":220,"column":0},"end":{"line":220,"column":26}},"220":{"start":{"line":221,"column":0},"end":{"line":221,"column":38}},"221":{"start":{"line":222,"column":0},"end":{"line":222,"column":40}},"222":{"start":{"line":223,"column":0},"end":{"line":223,"column":31}},"223":{"start":{"line":224,"column":0},"end":{"line":224,"column":25}},"224":{"start":{"line":225,"column":0},"end":{"line":225,"column":24}},"225":{"start":{"line":226,"column":0},"end":{"line":226,"column":31}},"226":{"start":{"line":227,"column":0},"end":{"line":227,"column":36}},"227":{"start":{"line":228,"column":0},"end":{"line":228,"column":35}},"228":{"start":{"line":229,"column":0},"end":{"line":229,"column":32}},"229":{"start":{"line":230,"column":0},"end":{"line":230,"column":44}},"230":{"start":{"line":231,"column":0},"end":{"line":231,"column":35}},"231":{"start":{"line":232,"column":0},"end":{"line":232,"column":30}},"232":{"start":{"line":233,"column":0},"end":{"line":233,"column":32}},"233":{"start":{"line":234,"column":0},"end":{"line":234,"column":44}},"234":{"start":{"line":235,"column":0},"end":{"line":235,"column":35}},"235":{"start":{"line":236,"column":0},"end":{"line":236,"column":30}},"236":{"start":{"line":237,"column":0},"end":{"line":237,"column":32}},"237":{"start":{"line":238,"column":0},"end":{"line":238,"column":44}},"238":{"start":{"line":239,"column":0},"end":{"line":239,"column":35}},"239":{"start":{"line":240,"column":0},"end":{"line":240,"column":30}},"240":{"start":{"line":241,"column":0},"end":{"line":241,"column":32}},"241":{"start":{"line":242,"column":0},"end":{"line":242,"column":44}},"242":{"start":{"line":243,"column":0},"end":{"line":243,"column":35}},"243":{"start":{"line":244,"column":0},"end":{"line":244,"column":29}},"244":{"start":{"line":245,"column":0},"end":{"line":245,"column":27}},"245":{"start":{"line":246,"column":0},"end":{"line":246,"column":26}},"246":{"start":{"line":247,"column":0},"end":{"line":247,"column":34}},"247":{"start":{"line":248,"column":0},"end":{"line":248,"column":35}},"248":{"start":{"line":249,"column":0},"end":{"line":249,"column":44}},"249":{"start":{"line":250,"column":0},"end":{"line":250,"column":45}},"250":{"start":{"line":251,"column":0},"end":{"line":251,"column":45}},"251":{"start":{"line":252,"column":0},"end":{"line":252,"column":27}},"252":{"start":{"line":253,"column":0},"end":{"line":253,"column":26}},"253":{"start":{"line":254,"column":0},"end":{"line":254,"column":35}},"254":{"start":{"line":255,"column":0},"end":{"line":255,"column":35}},"255":{"start":{"line":256,"column":0},"end":{"line":256,"column":46}},"256":{"start":{"line":257,"column":0},"end":{"line":257,"column":46}},"257":{"start":{"line":258,"column":0},"end":{"line":258,"column":45}},"258":{"start":{"line":259,"column":0},"end":{"line":259,"column":27}},"259":{"start":{"line":260,"column":0},"end":{"line":260,"column":25}},"260":{"start":{"line":261,"column":0},"end":{"line":261,"column":23}},"261":{"start":{"line":262,"column":0},"end":{"line":262,"column":21}},"262":{"start":{"line":263,"column":0},"end":{"line":263,"column":19}},"263":{"start":{"line":264,"column":0},"end":{"line":264,"column":18}},"264":{"start":{"line":265,"column":0},"end":{"line":265,"column":30}},"265":{"start":{"line":266,"column":0},"end":{"line":266,"column":27}},"266":{"start":{"line":267,"column":0},"end":{"line":267,"column":28}},"267":{"start":{"line":268,"column":0},"end":{"line":268,"column":36}},"268":{"start":{"line":269,"column":0},"end":{"line":269,"column":27}},"269":{"start":{"line":270,"column":0},"end":{"line":270,"column":22}},"270":{"start":{"line":271,"column":0},"end":{"line":271,"column":29}},"271":{"start":{"line":272,"column":0},"end":{"line":272,"column":37}},"272":{"start":{"line":273,"column":0},"end":{"line":273,"column":27}},"273":{"start":{"line":274,"column":0},"end":{"line":274,"column":22}},"274":{"start":{"line":275,"column":0},"end":{"line":275,"column":32}},"275":{"start":{"line":276,"column":0},"end":{"line":276,"column":40}},"276":{"start":{"line":277,"column":0},"end":{"line":277,"column":27}},"277":{"start":{"line":278,"column":0},"end":{"line":278,"column":22}},"278":{"start":{"line":279,"column":0},"end":{"line":279,"column":31}},"279":{"start":{"line":280,"column":0},"end":{"line":280,"column":37}},"280":{"start":{"line":281,"column":0},"end":{"line":281,"column":27}},"281":{"start":{"line":282,"column":0},"end":{"line":282,"column":22}},"282":{"start":{"line":283,"column":0},"end":{"line":283,"column":29}},"283":{"start":{"line":284,"column":0},"end":{"line":284,"column":39}},"284":{"start":{"line":285,"column":0},"end":{"line":285,"column":42}},"285":{"start":{"line":286,"column":0},"end":{"line":286,"column":27}},"286":{"start":{"line":287,"column":0},"end":{"line":287,"column":21}},"287":{"start":{"line":288,"column":0},"end":{"line":288,"column":19}},"288":{"start":{"line":289,"column":0},"end":{"line":289,"column":18}},"289":{"start":{"line":290,"column":0},"end":{"line":290,"column":30}},"290":{"start":{"line":291,"column":0},"end":{"line":291,"column":27}},"291":{"start":{"line":292,"column":0},"end":{"line":292,"column":30}},"292":{"start":{"line":293,"column":0},"end":{"line":293,"column":37}},"293":{"start":{"line":294,"column":0},"end":{"line":294,"column":27}},"294":{"start":{"line":295,"column":0},"end":{"line":295,"column":22}},"295":{"start":{"line":296,"column":0},"end":{"line":296,"column":29}},"296":{"start":{"line":297,"column":0},"end":{"line":297,"column":42}},"297":{"start":{"line":298,"column":0},"end":{"line":298,"column":27}},"298":{"start":{"line":299,"column":0},"end":{"line":299,"column":22}},"299":{"start":{"line":300,"column":0},"end":{"line":300,"column":29}},"300":{"start":{"line":301,"column":0},"end":{"line":301,"column":40}},"301":{"start":{"line":302,"column":0},"end":{"line":302,"column":36}},"302":{"start":{"line":303,"column":0},"end":{"line":303,"column":27}},"303":{"start":{"line":304,"column":0},"end":{"line":304,"column":22}},"304":{"start":{"line":305,"column":0},"end":{"line":305,"column":30}},"305":{"start":{"line":306,"column":0},"end":{"line":306,"column":39}},"306":{"start":{"line":307,"column":0},"end":{"line":307,"column":43}},"307":{"start":{"line":308,"column":0},"end":{"line":308,"column":27}},"308":{"start":{"line":309,"column":0},"end":{"line":309,"column":21}},"309":{"start":{"line":310,"column":0},"end":{"line":310,"column":19}},"310":{"start":{"line":311,"column":0},"end":{"line":311,"column":17}},"311":{"start":{"line":312,"column":0},"end":{"line":312,"column":15}},"312":{"start":{"line":313,"column":0},"end":{"line":313,"column":13}},"313":{"start":{"line":314,"column":0},"end":{"line":314,"column":11}},"314":{"start":{"line":315,"column":0},"end":{"line":315,"column":9}},"315":{"start":{"line":316,"column":0},"end":{"line":316,"column":7}},"316":{"start":{"line":317,"column":0},"end":{"line":317,"column":5}},"317":{"start":{"line":318,"column":0},"end":{"line":318,"column":3}},"318":{"start":{"line":319,"column":0},"end":{"line":319,"column":1}}},"s":{"0":1,"1":1,"2":1,"3":1,"4":1,"5":1,"6":1,"7":1,"8":1,"9":1,"10":1,"11":1,"12":1,"13":1,"14":1,"15":1,"16":1,"17":1,"18":1,"19":1,"20":1,"21":1,"22":1,"23":1,"24":1,"25":1,"26":1,"27":1,"28":1,"29":1,"30":1,"31":1,"32":1,"33":1,"34":1,"35":1,"36":1,"37":1,"38":1,"39":1,"40":1,"41":1,"42":1,"43":1,"44":1,"45":1,"46":1,"47":1,"48":1,"49":1,"50":1,"51":1,"52":1,"53":1,"54":1,"55":1,"56":1,"57":1,"58":1,"59":1,"60":1,"61":1,"62":1,"63":1,"64":1,"65":1,"66":1,"67":1,"68":1,"69":1,"70":1,"71":1,"72":1,"73":1,"74":1,"75":1,"76":1,"77":1,"78":1,"79":1,"80":1,"81":1,"82":1,"83":1,"84":1,"85":1,"86":1,"87":1,"88":1,"89":1,"90":1,"91":1,"92":1,"93":1,"94":1,"95":1,"96":1,"97":1,"98":1,"99":1,"100":1,"101":1,"102":1,"103":1,"104":1,"105":1,"106":1,"107":1,"108":1,"109":1,"110":1,"111":1,"112":1,"113":1,"114":1,"115":1,"116":1,"117":1,"118":1,"119":1,"120":1,"121":1,"122":1,"123":1,"124":1,"125":1,"126":1,"127":1,"128":1,"129":1,"130":1,"131":1,"132":1,"133":1,"134":1,"135":1,"136":1,"137":1,"138":1,"139":1,"140":1,"141":1,"142":1,"143":1,"144":1,"145":1,"146":1,"147":1,"148":1,"149":1,"150":1,"151":1,"152":1,"153":1,"154":1,"155":1,"156":1,"157":1,"158":1,"159":1,"160":1,"161":1,"162":1,"163":1,"164":1,"165":1,"166":1,"167":1,"168":1,"169":1,"170":1,"171":1,"172":1,"173":1,"174":1,"175":1,"176":1,"177":1,"178":1,"179":1,"180":1,"181":1,"182":1,"183":1,"184":1,"185":1,"186":1,"187":1,"188":1,"189":1,"190":1,"191":1,"192":1,"193":1,"194":1,"195":1,"196":1,"197":1,"198":1,"199":1,"200":1,"201":1,"202":1,"203":1,"204":1,"205":1,"206":1,"207":1,"208":1,"209":1,"210":1,"211":1,"212":1,"213":1,"214":1,"215":1,"216":1,"217":1,"218":1,"219":1,"220":1,"221":1,"222":1,"223":1,"224":1,"225":1,"226":1,"227":1,"228":1,"229":1,"230":1,"231":1,"232":1,"233":1,"234":1,"235":1,"236":1,"237":1,"238":1,"239":1,"240":1,"241":1,"242":1,"243":1,"244":1,"245":1,"246":1,"247":1,"248":1,"249":1,"250":1,"251":1,"252":1,"253":1,"254":1,"255":1,"256":1,"257":1,"258":1,"259":1,"260":1,"261":1,"262":1,"263":1,"264":1,"265":1,"266":1,"267":1,"268":1,"269":1,"270":1,"271":1,"272":1,"273":1,"274":1,"275":1,"276":1,"277":1,"278":1,"279":1,"280":1,"281":1,"282":1,"283":1,"284":1,"285":1,"286":1,"287":1,"288":1,"289":1,"290":1,"291":1,"292":1,"293":1,"294":1,"295":1,"296":1,"297":1,"298":1,"299":1,"300":1,"301":1,"302":1,"303":1,"304":1,"305":1,"306":1,"307":1,"308":1,"309":1,"310":1,"311":1,"312":1,"313":1,"314":1,"315":1,"316":1,"317":1,"318":1},"branchMap":{},"b":{},"fnMap":{},"f":{}}
,"/Users/max/Documents/GitHub/SVGAPlayer-Web-Lite/src/parser/video-entity.ts": {"path":"/Users/max/Documents/GitHub/SVGAPlayer-Web-Lite/src/parser/video-entity.ts","all":false,"statementMap":{"0":{"start":{"line":1,"column":0},"end":{"line":1,"column":8}},"22":{"start":{"line":23,"column":0},"end":{"line":23,"column":77}},"23":{"start":{"line":24,"column":0},"end":{"line":24,"column":32}},"24":{"start":{"line":25,"column":0},"end":{"line":25,"column":40}},"26":{"start":{"line":27,"column":0},"end":{"line":27,"column":18}},"27":{"start":{"line":28,"column":0},"end":{"line":28,"column":23}},"28":{"start":{"line":29,"column":0},"end":{"line":29,"column":33}},"29":{"start":{"line":30,"column":0},"end":{"line":30,"column":34}},"30":{"start":{"line":31,"column":0},"end":{"line":31,"column":43}},"31":{"start":{"line":32,"column":0},"end":{"line":32,"column":3}},"32":{"start":{"line":33,"column":0},"end":{"line":33,"column":1}},"34":{"start":{"line":35,"column":0},"end":{"line":35,"column":77}},"35":{"start":{"line":36,"column":0},"end":{"line":36,"column":32}},"36":{"start":{"line":37,"column":0},"end":{"line":37,"column":40}},"38":{"start":{"line":39,"column":0},"end":{"line":39,"column":18}},"39":{"start":{"line":40,"column":0},"end":{"line":40,"column":23}},"40":{"start":{"line":41,"column":0},"end":{"line":41,"column":33}},"41":{"start":{"line":42,"column":0},"end":{"line":42,"column":34}},"42":{"start":{"line":43,"column":0},"end":{"line":43,"column":43}},"43":{"start":{"line":44,"column":0},"end":{"line":44,"column":3}},"44":{"start":{"line":45,"column":0},"end":{"line":45,"column":1}},"46":{"start":{"line":47,"column":0},"end":{"line":47,"column":60}},"47":{"start":{"line":48,"column":0},"end":{"line":48,"column":31}},"48":{"start":{"line":49,"column":0},"end":{"line":49,"column":33}},"49":{"start":{"line":50,"column":0},"end":{"line":50,"column":34}},"50":{"start":{"line":51,"column":0},"end":{"line":51,"column":1}},"52":{"start":{"line":53,"column":0},"end":{"line":53,"column":63}},"53":{"start":{"line":54,"column":0},"end":{"line":54,"column":34}},"54":{"start":{"line":55,"column":0},"end":{"line":55,"column":34}},"55":{"start":{"line":56,"column":0},"end":{"line":56,"column":33}},"56":{"start":{"line":57,"column":0},"end":{"line":57,"column":1}},"58":{"start":{"line":59,"column":0},"end":{"line":59,"column":79}},"59":{"start":{"line":60,"column":0},"end":{"line":60,"column":10}},"60":{"start":{"line":61,"column":0},"end":{"line":61,"column":25}},"61":{"start":{"line":62,"column":0},"end":{"line":62,"column":25}},"62":{"start":{"line":63,"column":0},"end":{"line":63,"column":25}},"63":{"start":{"line":64,"column":0},"end":{"line":64,"column":25}},"64":{"start":{"line":65,"column":0},"end":{"line":65,"column":27}},"65":{"start":{"line":66,"column":0},"end":{"line":66,"column":26}},"66":{"start":{"line":67,"column":0},"end":{"line":67,"column":3}},"67":{"start":{"line":68,"column":0},"end":{"line":68,"column":1}},"69":{"start":{"line":70,"column":0},"end":{"line":70,"column":80}},"70":{"start":{"line":71,"column":0},"end":{"line":71,"column":117}},"71":{"start":{"line":72,"column":0},"end":{"line":72,"column":1}},"73":{"start":{"line":74,"column":0},"end":{"line":74,"column":116}},"74":{"start":{"line":75,"column":0},"end":{"line":75,"column":31}},"76":{"start":{"line":77,"column":0},"end":{"line":77,"column":44}},"77":{"start":{"line":78,"column":0},"end":{"line":78,"column":28}},"78":{"start":{"line":79,"column":0},"end":{"line":79,"column":3}},"80":{"start":{"line":81,"column":0},"end":{"line":81,"column":46}},"81":{"start":{"line":82,"column":0},"end":{"line":82,"column":30}},"82":{"start":{"line":83,"column":0},"end":{"line":83,"column":22}},"83":{"start":{"line":84,"column":0},"end":{"line":84,"column":5}},"84":{"start":{"line":85,"column":0},"end":{"line":85,"column":29}},"85":{"start":{"line":86,"column":0},"end":{"line":86,"column":3}},"87":{"start":{"line":88,"column":0},"end":{"line":88,"column":48}},"88":{"start":{"line":89,"column":0},"end":{"line":89,"column":33}},"89":{"start":{"line":90,"column":0},"end":{"line":90,"column":22}},"90":{"start":{"line":91,"column":0},"end":{"line":91,"column":5}},"91":{"start":{"line":92,"column":0},"end":{"line":92,"column":29}},"92":{"start":{"line":93,"column":0},"end":{"line":93,"column":3}},"94":{"start":{"line":95,"column":0},"end":{"line":95,"column":17}},"95":{"start":{"line":96,"column":0},"end":{"line":96,"column":1}},"97":{"start":{"line":98,"column":0},"end":{"line":98,"column":27}},"98":{"start":{"line":99,"column":0},"end":{"line":99,"column":21}},"99":{"start":{"line":100,"column":0},"end":{"line":100,"column":22}},"100":{"start":{"line":101,"column":0},"end":{"line":101,"column":22}},"101":{"start":{"line":102,"column":0},"end":{"line":102,"column":27}},"102":{"start":{"line":103,"column":0},"end":{"line":103,"column":47}},"104":{"start":{"line":105,"column":0},"end":{"line":105,"column":57}},"105":{"start":{"line":106,"column":0},"end":{"line":106,"column":69}},"106":{"start":{"line":107,"column":0},"end":{"line":107,"column":3}},"107":{"start":{"line":108,"column":0},"end":{"line":108,"column":55}},"108":{"start":{"line":109,"column":0},"end":{"line":109,"column":67}},"109":{"start":{"line":110,"column":0},"end":{"line":110,"column":3}},"110":{"start":{"line":111,"column":0},"end":{"line":111,"column":61}},"111":{"start":{"line":112,"column":0},"end":{"line":112,"column":73}},"112":{"start":{"line":113,"column":0},"end":{"line":113,"column":3}},"114":{"start":{"line":115,"column":0},"end":{"line":115,"column":13}},"115":{"start":{"line":116,"column":0},"end":{"line":116,"column":1}},"117":{"start":{"line":118,"column":0},"end":{"line":118,"column":43}},"119":{"start":{"line":120,"column":0},"end":{"line":120,"column":39}},"120":{"start":{"line":121,"column":0},"end":{"line":121,"column":17}},"121":{"start":{"line":122,"column":0},"end":{"line":122,"column":19}},"122":{"start":{"line":123,"column":0},"end":{"line":123,"column":31}},"123":{"start":{"line":124,"column":0},"end":{"line":124,"column":46}},"124":{"start":{"line":125,"column":0},"end":{"line":125,"column":46}},"125":{"start":{"line":126,"column":0},"end":{"line":126,"column":36}},"127":{"start":{"line":128,"column":0},"end":{"line":128,"column":54}},"128":{"start":{"line":129,"column":0},"end":{"line":129,"column":32}},"130":{"start":{"line":131,"column":0},"end":{"line":131,"column":69}},"131":{"start":{"line":132,"column":0},"end":{"line":132,"column":34}},"132":{"start":{"line":133,"column":0},"end":{"line":133,"column":36}},"133":{"start":{"line":134,"column":0},"end":{"line":134,"column":18}},"134":{"start":{"line":135,"column":0},"end":{"line":135,"column":24}},"136":{"start":{"line":137,"column":0},"end":{"line":137,"column":38}},"137":{"start":{"line":138,"column":0},"end":{"line":138,"column":38}},"138":{"start":{"line":139,"column":0},"end":{"line":139,"column":36}},"139":{"start":{"line":140,"column":0},"end":{"line":140,"column":35}},"140":{"start":{"line":141,"column":0},"end":{"line":141,"column":23}},"141":{"start":{"line":142,"column":0},"end":{"line":142,"column":7}},"143":{"start":{"line":144,"column":0},"end":{"line":144,"column":50}},"145":{"start":{"line":146,"column":0},"end":{"line":146,"column":40}},"146":{"start":{"line":147,"column":0},"end":{"line":147,"column":24}},"147":{"start":{"line":148,"column":0},"end":{"line":148,"column":35}},"148":{"start":{"line":149,"column":0},"end":{"line":149,"column":35}},"149":{"start":{"line":150,"column":0},"end":{"line":150,"column":43}},"150":{"start":{"line":151,"column":0},"end":{"line":151,"column":44}},"151":{"start":{"line":152,"column":0},"end":{"line":152,"column":9}},"153":{"start":{"line":154,"column":0},"end":{"line":154,"column":59}},"155":{"start":{"line":156,"column":0},"end":{"line":156,"column":46}},"157":{"start":{"line":158,"column":0},"end":{"line":158,"column":41}},"159":{"start":{"line":160,"column":0},"end":{"line":160,"column":41}},"160":{"start":{"line":161,"column":0},"end":{"line":161,"column":39}},"161":{"start":{"line":162,"column":0},"end":{"line":162,"column":38}},"163":{"start":{"line":164,"column":0},"end":{"line":164,"column":100}},"164":{"start":{"line":165,"column":0},"end":{"line":165,"column":97}},"165":{"start":{"line":166,"column":0},"end":{"line":166,"column":101}},"166":{"start":{"line":167,"column":0},"end":{"line":167,"column":80}},"167":{"start":{"line":168,"column":0},"end":{"line":168,"column":86}},"169":{"start":{"line":170,"column":0},"end":{"line":170,"column":26}},"170":{"start":{"line":171,"column":0},"end":{"line":171,"column":21}},"171":{"start":{"line":172,"column":0},"end":{"line":172,"column":17}},"172":{"start":{"line":173,"column":0},"end":{"line":173,"column":19}},"173":{"start":{"line":174,"column":0},"end":{"line":174,"column":20}},"174":{"start":{"line":175,"column":0},"end":{"line":175,"column":21}},"175":{"start":{"line":176,"column":0},"end":{"line":176,"column":45}},"176":{"start":{"line":177,"column":0},"end":{"line":177,"column":42}},"177":{"start":{"line":178,"column":0},"end":{"line":178,"column":11}},"179":{"start":{"line":180,"column":0},"end":{"line":180,"column":61}},"181":{"start":{"line":182,"column":0},"end":{"line":182,"column":67}},"182":{"start":{"line":183,"column":0},"end":{"line":183,"column":31}},"183":{"start":{"line":184,"column":0},"end":{"line":184,"column":30}},"184":{"start":{"line":185,"column":0},"end":{"line":185,"column":11}},"185":{"start":{"line":186,"column":0},"end":{"line":186,"column":10}},"187":{"start":{"line":188,"column":0},"end":{"line":188,"column":123}},"188":{"start":{"line":189,"column":0},"end":{"line":189,"column":29}},"189":{"start":{"line":190,"column":0},"end":{"line":190,"column":16}},"190":{"start":{"line":191,"column":0},"end":{"line":191,"column":29}},"191":{"start":{"line":192,"column":0},"end":{"line":192,"column":9}},"193":{"start":{"line":194,"column":0},"end":{"line":194,"column":59}},"194":{"start":{"line":195,"column":0},"end":{"line":195,"column":59}},"196":{"start":{"line":197,"column":0},"end":{"line":197,"column":44}},"197":{"start":{"line":198,"column":0},"end":{"line":198,"column":13}},"198":{"start":{"line":199,"column":0},"end":{"line":199,"column":26}},"199":{"start":{"line":200,"column":0},"end":{"line":200,"column":35}},"200":{"start":{"line":201,"column":0},"end":{"line":201,"column":23}},"201":{"start":{"line":202,"column":0},"end":{"line":202,"column":61}},"202":{"start":{"line":203,"column":0},"end":{"line":203,"column":29}},"203":{"start":{"line":204,"column":0},"end":{"line":204,"column":34}},"204":{"start":{"line":205,"column":0},"end":{"line":205,"column":30}},"205":{"start":{"line":206,"column":0},"end":{"line":206,"column":31}},"206":{"start":{"line":207,"column":0},"end":{"line":207,"column":33}},"207":{"start":{"line":208,"column":0},"end":{"line":208,"column":30}},"208":{"start":{"line":209,"column":0},"end":{"line":209,"column":15}},"209":{"start":{"line":210,"column":0},"end":{"line":210,"column":13}},"210":{"start":{"line":211,"column":0},"end":{"line":211,"column":16}},"212":{"start":{"line":213,"column":0},"end":{"line":213,"column":29}},"213":{"start":{"line":214,"column":0},"end":{"line":214,"column":35}},"214":{"start":{"line":215,"column":0},"end":{"line":215,"column":17}},"215":{"start":{"line":216,"column":0},"end":{"line":216,"column":20}},"216":{"start":{"line":217,"column":0},"end":{"line":217,"column":19}},"217":{"start":{"line":218,"column":0},"end":{"line":218,"column":17}},"218":{"start":{"line":219,"column":0},"end":{"line":219,"column":13}},"219":{"start":{"line":220,"column":0},"end":{"line":220,"column":13}},"220":{"start":{"line":221,"column":0},"end":{"line":221,"column":18}},"221":{"start":{"line":222,"column":0},"end":{"line":222,"column":10}},"222":{"start":{"line":223,"column":0},"end":{"line":223,"column":8}},"223":{"start":{"line":224,"column":0},"end":{"line":224,"column":32}},"224":{"start":{"line":225,"column":0},"end":{"line":225,"column":6}},"226":{"start":{"line":227,"column":0},"end":{"line":227,"column":24}},"227":{"start":{"line":228,"column":0},"end":{"line":228,"column":3}},"228":{"start":{"line":229,"column":0},"end":{"line":229,"column":1}}},"s":{"0":1,"22":33,"23":33,"24":33,"26":33,"27":33,"28":33,"29":33,"30":33,"31":33,"32":33,"34":33,"35":33,"36":33,"38":33,"39":33,"40":33,"41":33,"42":33,"43":33,"44":33,"46":1,"47":1,"48":1,"49":1,"50":1,"52":1,"53":1,"54":1,"55":1,"56":1,"58":59,"59":59,"60":59,"61":59,"62":59,"63":59,"64":59,"65":59,"66":59,"67":59,"69":52,"70":52,"71":52,"73":26,"74":26,"76":26,"77":3,"78":3,"80":26,"81":4,"82":2,"83":2,"84":4,"85":4,"87":26,"88":3,"89":2,"90":2,"91":3,"92":3,"94":26,"95":26,"97":26,"98":26,"99":26,"100":26,"101":26,"102":26,"104":26,"105":20,"106":20,"107":26,"108":1,"109":1,"110":26,"111":1,"112":1,"114":4,"115":4,"117":1,"119":1,"120":1,"121":1,"122":1,"123":1,"124":1,"125":1,"127":1,"128":34,"130":34,"131":34,"132":34,"133":34,"134":34,"136":34,"137":32,"138":32,"139":32,"140":32,"141":32,"143":32,"145":32,"146":33,"147":33,"148":33,"149":33,"150":33,"151":33,"153":33,"155":33,"157":33,"159":33,"160":27,"161":27,"163":26,"164":27,"165":27,"166":27,"167":27,"169":27,"170":27,"171":27,"172":27,"173":27,"174":27,"175":27,"176":27,"177":27,"179":27,"181":27,"182":27,"183":22,"184":22,"185":33,"187":33,"188":1,"189":33,"190":32,"191":32,"193":33,"194":33,"196":33,"197":2,"198":2,"199":2,"200":2,"201":2,"202":2,"203":2,"204":2,"205":2,"206":2,"207":2,"208":2,"209":2,"210":31,"212":33,"213":33,"214":33,"215":33,"216":33,"217":33,"218":33,"219":33,"220":33,"221":33,"222":32,"223":32,"224":34,"226":34,"227":34,"228":1},"branchMap":{"0":{"type":"branch","line":23,"loc":{"start":{"line":23,"column":0},"end":{"line":33,"column":1}},"locations":[{"start":{"line":23,"column":0},"e
[...]
":0},"end":{"line":343,"column":101}},"343":{"start":{"line":344,"column":0},"end":{"line":344,"column":3}},"345":{"start":{"line":346,"column":0},"end":{"line":346,"column":62}},"347":{"start":{"line":348,"column":0},"end":{"line":348,"column":21}},"348":{"start":{"line":349,"column":0},"end":{"line":349,"column":31}},"349":{"start":{"line":350,"column":0},"end":{"line":350,"column":60}},"350":{"start":{"line":351,"column":0},"end":{"line":351,"column":61}},"351":{"start":{"line":352,"column":0},"end":{"line":352,"column":44}},"352":{"start":{"line":353,"column":0},"end":{"line":353,"column":43}},"353":{"start":{"line":354,"column":0},"end":{"line":354,"column":21}},"355":{"start":{"line":356,"column":0},"end":{"line":356,"column":33}},"356":{"start":{"line":357,"column":0},"end":{"line":357,"column":37}},"357":{"start":{"line":358,"column":0},"end":{"line":358,"column":19}},"358":{"start":{"line":359,"column":0},"end":{"line":359,"column":1}},"360":{"start":{"line":361,"column":0},"end":{"line":361,"column":21}}},"s":{"0":1,"24":1,"26":60,"27":60,"28":60,"29":60,"30":60,"31":60,"32":60,"33":60,"34":60,"36":60,"37":60,"39":58,"40":59,"41":59,"42":59,"43":59,"44":58,"45":58,"47":59,"48":59,"49":59,"50":59,"51":59,"52":59,"53":59,"54":59,"55":59,"57":59,"59":58,"60":58,"61":58,"63":58,"64":59,"65":59,"66":59,"67":59,"68":59,"69":59,"70":59,"72":59,"73":49,"74":49,"75":1,"76":1,"77":1,"78":49,"79":49,"81":59,"82":1,"83":1,"85":58,"87":58,"88":58,"90":38,"91":38,"92":38,"93":38,"94":38,"95":38,"96":26,"97":26,"98":26,"99":26,"100":26,"101":26,"102":26,"103":38,"104":5,"105":5,"106":5,"107":5,"108":5,"109":5,"110":5,"111":5,"112":5,"113":5,"114":38,"115":7,"116":7,"117":7,"118":7,"119":7,"120":7,"121":7,"122":7,"123":7,"124":7,"125":7,"126":38,"127":38,"129":39,"130":39,"131":39,"132":39,"133":39,"135":39,"136":39,"138":39,"139":39,"140":39,"141":39,"142":39,"143":39,"145":27,"146":27,"147":27,"148":27,"149":27,"150":27,"151":27,"152":27,"154":27,"155":27,"157":27,"158":27,"159":1,"160":1,"162":27,"163":27,"164":82,"165":55,"166":55,"167":55,"168":55,"169":55,"170":27,"171":27,"173":27,"174":27,"175":27,"176":27,"178":43,"179":43,"180":43,"181":43,"183":6,"184":6,"185":6,"186":6,"188":4,"189":4,"190":2,"191":2,"192":2,"193":2,"194":2,"195":2,"196":2,"197":2,"198":2,"199":2,"200":2,"201":2,"202":2,"203":2,"204":4,"206":55,"207":55,"208":55,"209":55,"210":55,"211":55,"212":55,"213":55,"214":24,"215":24,"216":24,"217":55,"218":1,"219":1,"220":1,"221":55,"222":15,"223":15,"224":15,"225":55,"226":1,"227":1,"228":1,"229":55,"230":1,"231":1,"232":1,"233":55,"234":1,"235":1,"236":1,"237":55,"238":1,"239":1,"240":1,"241":55,"242":1,"243":1,"244":1,"245":55,"246":2,"247":2,"248":2,"249":55,"250":2,"251":2,"252":2,"253":55,"254":1,"255":1,"256":1,"257":1,"258":1,"259":1,"260":1,"261":55,"262":1,"263":1,"264":1,"265":1,"266":1,"267":1,"268":1,"269":55,"270":1,"271":1,"272":1,"273":1,"274":1,"275":55,"276":1,"277":1,"278":1,"279":1,"280":1,"281":55,"282":55,"283":2,"284":2,"285":55,"286":55,"288":5,"289":5,"290":5,"291":5,"292":5,"293":5,"294":5,"295":5,"296":5,"297":5,"298":5,"300":5,"301":1,"302":1,"304":5,"305":5,"306":5,"307":5,"308":5,"309":5,"310":5,"311":5,"312":5,"313":5,"314":5,"316":5,"317":5,"318":5,"319":5,"320":5,"321":5,"323":5,"324":5,"325":5,"326":5,"328":7,"329":7,"330":7,"331":7,"332":7,"333":7,"334":7,"335":7,"336":7,"337":7,"338":7,"339":7,"341":7,"342":1,"343":1,"345":7,"347":7,"348":7,"349":7,"350":7,"351":7,"352":7,"353":7,"355":7,"356":7,"357":7,"358":7,"360":1},"branchMap":{"0":{"type":"branch","line":27,"loc":{"start":{"line":27,"column":0},"end":{"line":46,"column":1}},"locations":[{"start":{"line":27,"column":0},"end":{"line":46,"column":1}}]},"1":{"type":"branch","line":37,"loc":{"start":{"line":37,"column":24},"end":{"line":37,"column":72}},"locations":[{"start":{"line":37,"column":24},"end":{"line":37,"column":72}}]},"2":{"type":"branch","line":37,"loc":{"start":{"line":37,"column":71},"end":{"line":38,"column":34}},"locations":[{"start":{"line":37,"column":71},"end":{"line":38,"column":34}}]},"3":{"type":"branch","line":38,"loc":{"start":{"line":38,"column":28},"end":{"line":38,"column":78}},"locations":[{"start":{"line":38,"column":28},"end":{"line":38,"column":78}}]},"4":{"type":"branch","line":38,"loc":{"start":{"line":38,"column":77},"end":{"line":46,"column":1}},"locations":[{"start":{"line":38,"column":77},"end":{"line":46,"column":1}}]},"5":{"type":"branch","line":40,"loc":{"start":{"line":40,"column":30},"end":{"line":45,"column":3}},"locations":[{"start":{"line":40,"column":30},"end":{"line":45,"column":3}}]},"6":{"type":"branch","line":48,"loc":{"start":{"line":48,"column":0},"end":{"line":89,"column":1}},"locations":[{"start":{"line":48,"column":0},"end":{"line":89,"column":1}}]},"7":{"type":"branch","line":58,"loc":{"start":{"line":58,"column":26},"end":{"line":58,"column":32}},"locations":[{"start":{"line":58,"column":26},"end":{"line":58,"column":32}}]},"8":{"type":"branch","line":58,"loc":{"start":{"line":58,"column":26},"end":{"line":65,"column":15}},"locations":[{"start":{"line":58,"column":26},"end":{"line":65,"column":15}}]},"9":{"type":"branch","line":65,"loc":{"start":{"line":65,"column":4},"end":{"line":65,"column":20}},"locations":[{"start":{"line":65,"column":4},"end":{"line":65,"column":20}}]},"10":{"type":"branch","line":65,"loc":{"start":{"line":65,"column":15},"end":{"line":65,"column":22}},"locations":[{"start":{"line":65,"column":15},"end":{"line":65,"column":22}}]},"11":{"type":"branch","line":66,"loc":{"start":{"line":66,"column":4},"end":{"line":66,"column":20}},"locations":[{"start":{"line":66,"column":4},"end":{"line":66,"column":20}}]},"12":{"type":"branch","line":66,"loc":{"start":{"line":66,"column":15},"end":{"line":66,"column":22}},"locations":[{"start":{"line":66,"column":15},"end":{"line":66,"column":22}}]},"13":{"type":"branch","line":67,"loc":{"start":{"line":67,"column":4},"end":{"line":67,"column":20}},"locations":[{"start":{"line":67,"column":4},"end":{"line":67,"column":20}}]},"14":{"type":"branch","line":67,"loc":{"start":{"line":67,"column":15},"end":{"line":67,"column":22}},"locations":[{"start":{"line":67,"column":15},"end":{"line":67,"column":22}}]},"15":{"type":"branch","line":68,"loc":{"start":{"line":68,"column":4},"end":{"line":68,"column":20}},"locations":[{"start":{"line":68,"column":4},"end":{"line":68,"column":20}}]},"16":{"type":"branch","line":68,"loc":{"start":{"line":68,"column":15},"end":{"line":68,"column":22}},"locations":[{"start":{"line":68,"column":15},"end":{"line":68,"column":22}}]},"17":{"type":"branch","line":69,"loc":{"start":{"line":69,"column":4},"end":{"line":69,"column":21}},"locations":[{"start":{"line":69,"column":4},"end":{"line":69,"column":21}}]},"18":{"type":"branch","line":69,"loc":{"start":{"line":69,"column":15},"end":{"line":69,"column":23}},"locations":[{"start":{"line":69,"column":15},"end":{"line":69,"column":23}}]},"19":{"type":"branch","line":70,"loc":{"start":{"line":70,"column":4},"end":{"line":70,"column":21}},"locations":[{"start":{"line":70,"column":4},"end":{"line":70,"column":21}}]},"20":{"type":"branch","line":70,"loc":{"start":{"line":70,"column":15},"end":{"line":70,"column":22}},"locations":[{"start":{"line":70,"column":15},"end":{"line":70,"column":22}}]},"21":{"type":"branch","line":73,"loc":{"start":{"line":73,"column":28},"end":{"line":82,"column":36}},"locations":[{"start":{"line":73,"column":28},"end":{"line":82,"column":36}}]},"22":{"type":"branch","line":73,"loc":{"start":{"line":73,"column":28},"end":{"line":80,"column":3}},"locations":[{"start":{"line":73,"column":28},"end":{"line":80,"column":3}}]},"23":{"type":"branch","line":75,"loc":{"start":{"line":75,"column":27},"end":{"line":78,"column":5}},"locations":[{"start":{"line":75,"column":27},"end":{"line":78,"column":5}}]},"24":{"type":"branch","line":79,"loc":{"start":{"line":79,"column":22},"end":{"line":79,"column":48}},"locations":[{"start":{"line":79,"column":22},"end":{"line":79,"column":48}}]},"25":{"type":"branch","line":82,"loc":{"start":{"line":82,"column":36},"end":{"line":84,"column":3}},"locations":[{"start":{"line":82,"column":36},"end":{"line":84,"column":3}}]},"26":{"type":"branch","line":84,"loc":{"start":{"line":84,"column":2},"end":{"line":89,"column":1}},"locations":[{"start":{"line":84,"column":2},"end":{"line":89,"column":1}}]},"27":{"type":"branch","line":86,"loc":{"start":{"line":86,"column":23},"end":{"line":86,"column":57}},"locations":[{"start":{"line":86,"column":23},"end":{"line":86,"column":57}}]},"28":{"type":"branch","line":91,"loc":{"start":{"line":91,"column":0},"end":{"line":128,"column":1}},"locations":[{"start":{"line":91,"column":0},"end":{"line":128,"column":1}}]},"29":{"type":"branch","line":96,"loc":{"start":{"line":96,"column":4},"end":{"line":103,"column":11}},"locations":[{"start":{"line":96,"column":4},"end":{"line":103,"column":11}}]},"30":{"type":"branch","line":104,"loc":{"start":{"line":104,"column":4},"end":{"line":114,"column":11}},"locations":[{"start":{"line":104,"column":4},"end":{"line":114,"column":11}}]},"31":{"type":"branch","line":115,"loc":{"start":{"line":115,"column":4},"end":{"line":126,"column":11}},"locations":[{"start":{"line":115,"column":4},"end":{"line":126,"column":11}}]},"32":{"type":"branch","line":130,"loc":{"start":{"line":130,"column":0},"end":{"line":144,"column":1}},"locations":[{"start":{"line":130,"column":0},"end":{"line":144,"column":1}}]},"33":{"type":"branch","line":134,"loc":{"start":{"line":134,"column":28},"end":{"line":134,"column":34}},"locations":[{"start":{"line":134,"column":28},"end":{"line":134,"column":34}}]},"34":{"type":"branch","line":136,"loc":{"start":{"line":136,"column":31},"end":{"line":136,"column":54}},"locations":[{"start":{"line":136,"column":31},"end":{"line":136,"column":54}}]},"35":{"type":"branch","line":137,"loc":{"start":{"line":137,"column":29},"end":{"line":137,"column":50}},"locations":[{"start":{"line":137,"column":29},"end":{"line":137,"column":50}}]},"36":{"type":"branch","line":139,"loc":{"start":{"line":139,"column":35},"end":{"line":139,"column":73}},"locations":[{"start":{"line":139,"column":35},"end":{"line":139,"column":73}}]},"37":{"type":"branch","line":140,"loc":{"start":{"line":140,"column":34},"end":{"line":140,"column":72}},"locations":[{"start":{"line":140,"column":34},"end":{"line":140,"column":72}}]},"38":{"type":"branch","line":141,"loc":{"start":{"line":141,"column":31},"end":{"line":141,"column":63}},"locations":[{"start":{"line":141,"column":31},"end":{"line":141,"column":63}}]},"39":{"type":"branch","line":142,"loc":{"start":{"line":142,"column":32},"end":{"line":142,"column":66}},"locations":[{"start":{"line":142,"column":32},"end":{"line":142,"column":66}}]},"40":{"type":"branch","line":143,"loc":{"start":{"line":143,"column":32},"end":{"line":143,"column":68}},"locations":[{"start":{"line":143,"column":32},"end":{"line":143,"column":68}}]},"41":{"type":"branch","line":146,"loc":{"start":{"line":146,"column":0},"end":{"line":177,"column":1}},"locations":[{"start":{"line":146,"column":0},"end":{"line":177,"column":1}}]},"42":{"type":"branch","line":159,"loc":{"start":{"line":159,"column":33},"end":{"line":161,"column":5}},"locations":[{"start":{"line":159,"column":33},"end":{"line":161,"column":5}}]},"43":{"type":"branch","line":174,"loc":{"start":{"line":174,"column":19},"end":{"line":174,"column":33}},"locations":[{"start":{"line":174,"column":19},"end":{"line":174,"column":33}}]},"44":{"type":"branch","line":175,"loc":{"start":{"line":175,"column":21},"end":{"line":175,"column":37}},"locations":[{"start":{"line":175,"column":21},"end":{"line":175,"column":37}}]},"45":{"type":"branch","line":164,"loc":{"start":{"line":164,"column":34},"end":{"line":171,"column":5}},"locations":[{"start":{"line":164,"column":34},"end":{"line":171,"column":5}}]},"46":{"type":"branch","line":165,"loc":{"start":{"line":165,"column":32},"end":{"line":165,"column":38}},"locations":[{"start":{"line":165,"column":32},"end":{"line":165,"column":38}}]},"47":{"type":"branch","line":165,"loc":{"start":{"line":165,"column":32},"end":{"line":170,"column":7}},"locations":[{"start":{"line":165,"column":32},"end":{"line":170,"column":7}}]},"48":{"type":"branch","line":179,"loc":{"start":{"line":179,"column":0},"end":{"line":182,"column":1}},"locations":[{"start":{"line":179,"column":0},"end":{"line":182,"column":1}}]},"49":{"type":"branch","line":184,"loc":{"start":{"line":184,"column":0},"end":{"line":187,"column":1}},"locations":[{"start":{"line":184,"column":0},"end":{"line":187,"column":1}}]},"50":{"type":"branch","line":189,"loc":{"start":{"line":189,"column":0},"end":{"line":205,"column":1}},"locations":[{"start":{"line":189,"column":0},"end":{"line":205,"column":1}}]},"51":{"type":"branch","line":190,"loc":{"start":{"line":190,"column":18},"end":{"line":204,"column":3}},"locations":[{"start":{"line":190,"column":18},"end":{"line":204,"column":3}}]},"52":{"type":"branch","line":207,"loc":{"start":{"line":207,"column":0},"end":{"line":287,"column":1}},"locations":[{"start":{"line":207,"column":0},"end":{"line":287,"column":1}}]},"53":{"type":"branch","line":214,"loc":{"start":{"line":214,"column":4},"end":{"line":217,"column":11}},"locations":[{"start":{"line":214,"column":4},"end":{"line":217,"column":11}}]},"54":{"type":"branch","line":218,"loc":{"start":{"line":218,"column":4},"end":{"line":221,"column":11}},"locations":[{"start":{"line":218,"column":4},"end":{"line":221,"column":11}}]},"55":{"type":"branch","line":222,"loc":{"start":{"line":222,"column":4},"end":{"line":225,"column":11}},"locations":[{"start":{"line":222,"column":4},"end":{"line":225,"column":11}}]},"56":{"type":"branch","line":226,"loc":{"start":{"line":226,"column":4},"end":{"line":229,"column":11}},"locations":[{"start":{"line":226,"column":4},"end":{"line":229,"column":11}}]},"57":{"type":"branch","line":230,"loc":{"start":{"line":230,"column":4},"end":{"line":233,"column":11}},"locations":[{"start":{"line":230,"column":4},"end":{"line":233,"column":11}}]},"58":{"type":"branch","line":234,"loc":{"start":{"line":234,"column":4},"end":{"line":237,"column":11}},"locations":[{"start":{"line":234,"column":4},"end":{"line":237,"column":11}}]},"59":{"type":"branch","line":238,"loc":{"start":{"line":238,"column":4},"end":{"line":241,"column":11}},"locations":[{"start":{"line":238,"column":4},"end":{"line":241,"column":11}}]},"60":{"type":"branch","line":242,"loc":{"start":{"line":242,"column":4},"end":{"line":245,"column":11}},"locations":[{"start":{"line":242,"column":4},"end":{"line":245,"column":11}}]},"61":{"type":"branch","line":246,"loc":{"start":{"line":246,"column":4},"end":{"line":249,"column":11}},"locations":[{"start":{"line":246,"column":4},"end":{"line":249,"column":11}}]},"62":{"type":"branch","line":250,"loc":{"start":{"line":250,"column":4},"end":{"line":253,"column":11}},"locations":[{"start":{"line":250,"column":4},"end":{"line":253,"column":11}}]},"63":{"type":"branch","line":254,"loc":{"start":{"line":254,"column":4},"end":{"line":261,"column":11}},"locations":[{"start":{"line":254,"column":4},"end":{"line":261,"column":11}}]},"64":{"type":"branch","line":262,"loc":{"start":{"line":262,"column":4},"end":{"line":269,"column":11}},"locations":[{"start":{"line":262,"column":4},"end":{"line":269,"column":11}}]},"65":{"type":"branch","line":270,"loc":{"start":{"line":270,"column":4},"end":{"line":275,"column":11}},"locations":[{"start":{"line":270,"column":4},"end":{"line":275,"column":11}}]},"66":{"type":"branch","line":276,"loc":{"start":{"line":276,"column":4},"end":{"line":281,"column":11}},"locations":[{"start":{"line":276,"column":4},"end":{"line":281,"column":11}}]},"67":{"type":"branch","line":282,"loc":{"start":{"line":282,"column":4},"end":{"line":282,"column":13}},"locations":[{"start":{"line":282,"column":4},"end":{"line":282,"column":13}}]},"68":{"type":"branch","line":283,"loc":{"start":{"line":283,"column":4},"end":{"line":285,"column":11}},"locations":[{"start":{"line":283,"column":4},"end":{"line":285,"column":11}}]},"69":{"type":"branch","line":289,"loc":{"start":{"line":289,"column":0},"end":{"line":327,"column":1}},"locations":[{"start":{"line":289,"column":0},"end":{"line":327,"column":1}}]},"70":{"type":"branch","line":301,"loc":{"start":{"line":301,"column":31},"end":{"line":303,"column":3}},"locations":[{"start":{"line":301,"column":31},"end":{"line":303,"column":3}}]},"71":{"type":"branch","line":325,"loc":{"start":{"line":325,"column":21},"end":{"line":325,"column":37}},"locations":[{"start":{"line":325,"column":21},"end":{"line":325,"column":37}}]},"72":{"type":"branch","line":329,"loc":{"start":{"line":329,"column":0},"end":{"line":359,"column":1}},"locations":[{"start":{"line":329,"column":0},"end":{"line":359,"column":1}}]},"73":{"type":"branch","line":342,"loc":{"start":{"line":342,"column":31},"end":{"line":344,"column":3}},"locations":[{"start":{"line":342,"column":31},"end":{"line":344,"column":3}}]},"74":{"type":"branch","line":357,"loc":{"start":{"line":357,"column":21},"end":{"line":357,"column":37}},"locations":[{"start":{"line":357,"column":21},"end":{"line":357,"column":37}}]}},"b":{"0":[60],"1":[1],"2":[59],"3":[1],"4":[58],"5":[59],"6":[59],"7":[1],"8":[58],"9":[57],"10":[1],"11":[57],"12":[1],"13":[57],"14":[1],"15":[57],"16":[1],"17":[57],"18":[1],"19":[57],"20":[1],"21":[58],"22":[49],"23":[1],"24":[48],"25":[1],"26":[58],"27":[38],"28":[38],"29":[26],"30":[5],"31":[7],"32":[39],"33":[0],"34":[32],"35":[5],"36":[7],"37":[0],"38":[1],"39":[1],"40":[1],"41":[27],"42":[1],"43":[22],"44":[5],"45":[82],"46":[27],"47":[55],"48":[43],"49":[6],"50":[4],"51":[2],"52":[55],"53":[24],"54":[1],"55":[15],"56":[1],"57":[1],"58":[1],"59":[1],"60":[1],"61":[2],"62":[2],"63":[1],"64":[1],"65":[1],"66":[1],"67":[2],"68":[2],"69":[5],"70":[1],"71":[1],"72":[7],"73":[1],"74":[1]},"fnMap":{"0":{"name":"render","decl":{"start":{"line":27,"column":0},"end":{"line":46,"column":1}},"loc":{"start":{"line":27,"column":0},"end":{"line":46,"column":1}},"line":27},"1":{"name":"drawSprite","decl":{"start":{"line":48,"column":0},"end":{"line":89,"column":1}},"loc":{"start":{"line":48,"column":0},"end":{"line":89,"column":1}},"line":48},"2":{"name":"drawShape","decl":{"start":{"line":91,"column":0},"end":{"line":128,"column":1}},"loc":{"start":{"line":91,"column":0},"end":{"line":128,"column":1}},"line":91},"3":{"name":"resetShapeStyles","decl":{"start":{"line":130,"column":0},"end":{"line":144,"column":1}},"loc":{"start":{"line":130,"column":0},"end":{"line":144,"column":1}},"line":130},"4":{"name":"drawBezier","decl":{"start":{"line":146,"column":0},"end":{"line":177,"column":1}},"loc":{"start":{"line":146,"column":0},"end":{"line":177,"column":1}},"line":146},"5":{"name":"updateCurrentPoint","decl":{"start":{"line":179,"column":0},"end":{"line":182,"column":1}},"loc":{"start":{"line":179,"column":0},"end":{"line":182,"column":1}},"line":179},"6":{"name":"updateCurrentPointRelative","decl":{"start":{"line":184,"column":0},"end":{"line":187,"column":1}},"loc":{"start":{"line":184,"column":0},"end":{"line":187,"column":1}},"line":184},"7":{"name":"updateBezierPoint","decl":{"start":{"line":189,"column":0},"end":{"line":205,"column":1}},"loc":{"start":{"line":189,"column":0},"end":{"line":205,"column":1}},"line":189},"8":{"name":"drawBezierElement","decl":{"start":{"line":207,"column":0},"end":{"line":287,"column":1}},"loc":{"start":{"line":207,"column":0},"end":{"line":287,"column":1}},"line":207},"9":{"name":"drawEllipse","decl":{"start":{"line":289,"column":0},"end":{"line":327,"column":1}},"loc":{"start":{"line":289,"column":0},"end":{"line":327,"column":1}},"line":289},"10":{"name":"drawRect","decl":{"start":{"line":329,"column":0},"end":{"line":359,"column":1}},"loc":{"start":{"line":329,"column":0},"end":{"line":359,"column":1}},"line":329}},"f":{"0":60,"1":59,"2":38,"3":39,"4":27,"5":43,"6":6,"7":4,"8":55,"9":5,"10":7}}
}
