{"/Users/max/Documents/GitHub/SVGAPlayer-Web-Lite/src/db.ts": {"path":"/Users/max/Documents/GitHub/SVGAPlayer-Web-Lite/src/db.ts","all":false,"statementMap":{"2":{"start":{"line":3,"column":0},"end":{"line":3,"column":34}},"3":{"start":{"line":4,"column":0},"end":{"line":4,"column":69}},"4":{"start":{"line":5,"column":0},"end":{"line":5,"column":57}},"5":{"start":{"line":6,"column":0},"end":{"line":6,"column":63}},"7":{"start":{"line":8,"column":0},"end":{"line":8,"column":62}},"8":{"start":{"line":9,"column":0},"end":{"line":9,"column":46}},"9":{"start":{"line":10,"column":0},"end":{"line":10,"column":53}},"10":{"start":{"line":11,"column":0},"end":{"line":11,"column":69}},"11":{"start":{"line":12,"column":0},"end":{"line":12,"column":4}},"12":{"start":{"line":13,"column":0},"end":{"line":13,"column":1}},"14":{"start":{"line":15,"column":0},"end":{"line":15,"column":62}},"15":{"start":{"line":16,"column":0},"end":{"line":16,"column":49}},"16":{"start":{"line":17,"column":0},"end":{"line":17,"column":35}},"17":{"start":{"line":18,"column":0},"end":{"line":18,"column":64}},"18":{"start":{"line":19,"column":0},"end":{"line":19,"column":4}},"19":{"start":{"line":20,"column":0},"end":{"line":20,"column":1}},"21":{"start":{"line":22,"column":0},"end":{"line":22,"column":17}},"25":{"start":{"line":26,"column":0},"end":{"line":26,"column":85}},"29":{"start":{"line":30,"column":0},"end":{"line":30,"column":11}},"30":{"start":{"line":31,"column":0},"end":{"line":31,"column":30}},"31":{"start":{"line":32,"column":0},"end":{"line":32,"column":64}},"32":{"start":{"line":33,"column":0},"end":{"line":33,"column":3}},"34":{"start":{"line":35,"column":0},"end":{"line":35,"column":97}},"35":{"start":{"line":36,"column":0},"end":{"line":36,"column":34}},"36":{"start":{"line":37,"column":0},"end":{"line":37,"column":59}},"37":{"start":{"line":38,"column":0},"end":{"line":38,"column":5}},"39":{"start":{"line":40,"column":0},"end":{"line":40,"column":58}},"40":{"start":{"line":41,"column":0},"end":{"line":41,"column":51}},"41":{"start":{"line":42,"column":0},"end":{"line":42,"column":81}},"42":{"start":{"line":43,"column":0},"end":{"line":43,"column":55}},"43":{"start":{"line":44,"column":0},"end":{"line":44,"column":66}},"44":{"start":{"line":45,"column":0},"end":{"line":45,"column":6}},"45":{"start":{"line":46,"column":0},"end":{"line":46,"column":3}},"47":{"start":{"line":48,"column":0},"end":{"line":48,"column":60}},"48":{"start":{"line":49,"column":0},"end":{"line":49,"column":35}},"49":{"start":{"line":50,"column":0},"end":{"line":50,"column":53}},"50":{"start":{"line":51,"column":0},"end":{"line":51,"column":76}},"51":{"start":{"line":52,"column":0},"end":{"line":52,"column":64}},"52":{"start":{"line":53,"column":0},"end":{"line":53,"column":3}},"54":{"start":{"line":55,"column":0},"end":{"line":55,"column":62}},"55":{"start":{"line":56,"column":0},"end":{"line":56,"column":35}},"56":{"start":{"line":57,"column":0},"end":{"line":57,"column":54}},"57":{"start":{"line":58,"column":0},"end":{"line":58,"column":64}},"58":{"start":{"line":59,"column":0},"end":{"line":59,"column":29}},"59":{"start":{"line":60,"column":0},"end":{"line":60,"column":3}},"61":{"start":{"line":62,"column":0},"end":{"line":62,"column":49}},"62":{"start":{"line":63,"column":0},"end":{"line":63,"column":35}},"63":{"start":{"line":64,"column":0},"end":{"line":64,"column":54}},"64":{"start":{"line":65,"column":0},"end":{"line":65,"column":61}},"65":{"start":{"line":66,"column":0},"end":{"line":66,"column":30}},"66":{"start":{"line":67,"column":0},"end":{"line":67,"column":3}},"68":{"start":{"line":69,"column":0},"end":{"line":69,"column":89}},"69":{"start":{"line":70,"column":0},"end":{"line":70,"column":49}},"70":{"start":{"line":71,"column":0},"end":{"line":71,"column":3}},"71":{"start":{"line":72,"column":0},"end":{"line":72,"column":1}}},"s":{"2":1,"3":1,"4":1,"5":1,"7":5,"8":5,"9":5,"10":5,"11":5,"12":5,"14":2,"15":2,"16":2,"17":2,"18":2,"19":2,"21":1,"25":1,"29":11,"30":11,"31":11,"32":11,"34":1,"35":11,"36":1,"37":1,"39":10,"40":10,"41":10,"42":10,"43":10,"44":10,"45":11,"47":1,"48":4,"49":3,"50":3,"51":4,"52":4,"54":1,"55":2,"56":2,"57":2,"58":2,"59":2,"61":1,"62":2,"63":2,"64":2,"65":2,"66":2,"68":1,"69":7,"70":7,"71":1},"branchMap":{"0":{"type":"branch","line":8,"loc":{"start":{"line":8,"column":0},"end":{"line":13,"column":1}},"locations":[{"start":{"line":8,"column":0},"end":{"line":13,"column":1}}]},"1":{"type":"branch","line":9,"loc":{"start":{"line":9,"column":24},"end":{"line":12,"column":3}},"locations":[{"start":{"line":9,"column":24},"end":{"line":12,"column":3}}]},"2":{"type":"branch","line":10,"loc":{"start":{"line":10,"column":24},"end":{"line":10,"column":53}},"locations":[{"start":{"line":10,"column":24},"end":{"line":10,"column":53}}]},"3":{"type":"branch","line":11,"loc":{"start":{"line":11,"column":22},"end":{"line":11,"column":69}},"locations":[{"start":{"line":11,"column":22},"end":{"line":11,"column":69}}]},"4":{"type":"branch","line":15,"loc":{"start":{"line":15,"column":0},"end":{"line":20,"column":1}},"locations":[{"start":{"line":15,"column":0},"end":{"line":20,"column":1}}]},"5":{"type":"branch","line":16,"loc":{"start":{"line":16,"column":27},"end":{"line":19,"column":3}},"locations":[{"start":{"line":16,"column":27},"end":{"line":19,"column":3}}]},"6":{"type":"branch","line":17,"loc":{"start":{"line":17,"column":20},"end":{"line":17,"column":35}},"locations":[{"start":{"line":17,"column":20},"end":{"line":17,"column":35}}]},"7":{"type":"branch","line":18,"loc":{"start":{"line":18,"column":17},"end":{"line":18,"column":64}},"locations":[{"start":{"line":18,"column":17},"end":{"line":18,"column":64}}]},"8":{"type":"branch","line":26,"loc":{"start":{"line":26,"column":2},"end":{"line":33,"column":3}},"locations":[{"start":{"line":26,"column":2},"end":{"line":33,"column":3}}]},"9":{"type":"branch","line":35,"loc":{"start":{"line":35,"column":10},"end":{"line":46,"column":3}},"locations":[{"start":{"line":35,"column":10},"end":{"line":46,"column":3}}]},"10":{"type":"branch","line":36,"loc":{"start":{"line":36,"column":33},"end":{"line":38,"column":5}},"locations":[{"start":{"line":36,"column":33},"end":{"line":38,"column":5}}]},"11":{"type":"branch","line":38,"loc":{"start":{"line":38,"column":4},"end":{"line":45,"column":6}},"locations":[{"start":{"line":38,"column":4},"end":{"line":45,"column":6}}]},"12":{"type":"branch","line":40,"loc":{"start":{"line":40,"column":36},"end":{"line":45,"column":5}},"locations":[{"start":{"line":40,"column":36},"end":{"line":45,"column":5}}]},"13":{"type":"branch","line":42,"loc":{"start":{"line":42,"column":32},"end":{"line":42,"column":81}},"locations":[{"start":{"line":42,"column":32},"end":{"line":42,"column":81}}]},"14":{"type":"branch","line":43,"loc":{"start":{"line":43,"column":26},"end":{"line":43,"column":55}},"locations":[{"start":{"line":43,"column":26},"end":{"line":43,"column":55}}]},"15":{"type":"branch","line":48,"loc":{"start":{"line":48,"column":2},"end":{"line":53,"column":3}},"locations":[{"start":{"line":48,"column":2},"end":{"line":53,"column":3}}]},"16":{"type":"branch","line":49,"loc":{"start":{"line":49,"column":26},"end":{"line":51,"column":76}},"locations":[{"start":{"line":49,"column":26},"end":{"line":51,"column":76}}]},"17":{"type":"branch","line":51,"loc":{"start":{"line":51,"column":75},"end":{"line":52,"column":34}},"locations":[{"start":{"line":51,"column":75},"end":{"line":52,"column":34}}]},"18":{"type":"branch","line":52,"loc":{"start":{"line":52,"column":22},"end":{"line":52,"column":55}},"locations":[{"start":{"line":52,"column":22},"end":{"line":52,"column":55}}]},"19":{"type":"branch","line":52,"loc":{"start":{"line":52,"column":51},"end":{"line":52,"column":64}},"locations":[{"start":{"line":52,"column":51},"end":{"line":52,"column":64}}]},"20":{"type":"branch","line":55,"loc":{"start":{"line":55,"column":2},"end":{"line":60,"column":3}},"locations":[{"start":{"line":55,"column":2},"end":{"line":60,"column":3}}]},"21":{"type":"branch","line":59,"loc":{"start":{"line":59,"column":28},"end":{"line":59,"column":29}},"locations":[{"start":{"line":59,"column":28},"end":{"line":59,"column":29}}]},"22":{"type":"branch","line":62,"loc":{"start":{"line":62,"column":2},"end":{"line":67,"column":3}},"locations":[{"start":{"line":62,"column":2},"end":{"line":67,"column":3}}]},"23":{"type":"branch","line":66,"loc":{"start":{"line":66,"column":29},"end":{"line":66,"column":30}},"locations":[{"start":{"line":66,"column":29},"end":{"line":66,"column":30}}]},"24":{"type":"branch","line":69,"loc":{"start":{"line":69,"column":10},"end":{"line":71,"column":3}},"locations":[{"start":{"line":69,"column":10},"end":{"line":71,"column":3}}]}},"b":{"0":[5],"1":[5],"2":[3],"3":[2],"4":[2],"5":[2],"6":[1],"7":[1],"8":[11],"9":[11],"10":[1],"11":[10],"12":[10],"13":[1],"14":[10],"15":[4],"16":[3],"17":[2],"18":[1],"19":[1],"20":[2],"21":[1],"22":[2],"23":[1],"24":[7]},"fnMap":{"0":{"name":"wrapRequest","decl":{"start":{"line":8,"column":0},"end":{"line":13,"column":1}},"loc":{"start":{"line":8,"column":0},"end":{"line":13,"column":1}},"line":8},"1":{"name":"request.onsuccess","decl":{"start":{"line":10,"column":24},"end":{"line":10,"column":53}},"loc":{"start":{"line":10,"column":24},"end":{"line":10,"column":53}},"line":10},"2":{"name":"request.onerror","decl":{"start":{"line":11,"column":22},"end":{"line":11,"column":69}},"loc":{"start":{"line":11,"column":22},"end":{"line":11,"column":69}},"line":11},"3":{"name":"wrapTransaction","decl":{"start":{"line":15,"column":0},"end":{"line":20,"column":1}},"loc":{"start":{"line":15,"column":0},"end":{"line":20,"column":1}},"line":15},"4":{"name":"tx.oncomplete","decl":{"start":{"line":17,"column":20},"end":{"line":17,"column":35}},"loc":{"start":{"line":17,"column":20},"end":{"line":17,"column":35}},"line":17},"5":{"name":"tx.onerror","decl":{"start":{"line":18,"column":17},"end":{"line":18,"column":64}},"loc":{"start":{"line":18,"column":17},"end":{"line":18,"column":64}},"line":18},"6":{"name":"DB","decl":{"start":{"line":26,"column":2},"end":{"line":33,"column":3}},"loc":{"start":{"line":26,"column":2},"end":{"line":33,"column":3}},"line":26},"7":{"name":"openDatabase","decl":{"start":{"line":35,"column":10},"end":{"line":46,"column":3}},"loc":{"start":{"line":35,"column":10},"end":{"line":46,"column":3}},"line":35},"8":{"name":"request.onupgradeneeded","decl":{"start":{"line":42,"column":32},"end":{"line":42,"column":81}},"loc":{"start":{"line":42,"column":32},"end":{"line":42,"column":81}},"line":42},"9":{"name":"request.onsuccess","decl":{"start":{"line":43,"column":26},"end":{"line":43,"column":55}},"loc":{"start":{"line":43,"column":26},"end":{"line":43,"column":55}},"line":43},"10":{"name":"request.onerror","decl":{"start":{"line":44,"column":24},"end":{"line":44,"column":66}},"loc":{"start":{"line":44,"column":24},"end":{"line":44,"column":66}},"line":44},"11":{"name":"find","decl":{"start":{"line":48,"column":2},"end":{"line":53,"column":3}},"loc":{"start":{"line":48,"column":2},"end":{"line":53,"column":3}},"line":48},"12":{"name":"insert","decl":{"start":{"line":55,"column":2},"end":{"line":60,"column":3}},"loc":{"start":{"line":55,"column":2},"end":{"line":60,"column":3}},"line":55},"13":{"name":"delete","decl":{"start":{"line":62,"column":2},"end":{"line":67,"column":3}},"loc":{"start":{"line":62,"column":2},"end":{"line":67,"column":3}},"line":62},"14":{"name":"createTransaction","decl":{"start":{"line":69,"column":10},"end":{"line":71,"column":3}},"loc":{"start":{"line":69,"column":10},"end":{"line":71,"column":3}},"line":69}},"f":{"0":5,"1":3,"2":2,"3":2,"4":1,"5":1,"6":11,"7":11,"8":1,"9":10,"10":0,"11":4,"12":2,"13":2,"14":7}}
,"/Users/max/Documents/GitHub/SVGAPlayer-Web-Lite/src/global.d.ts": {"path":"/Users/max/Documents/GitHub/SVGAPlayer-Web-Lite/src/global.d.ts","all":true,"statementMap":{},"s":{},"branchMap":{"0":{"type":"branch","line":1,"loc":{"start":{"line":1,"column":299},"end":{"line":14,"column":9}},"locations":[{"start":{"line":1,"column":299},"end":{"line":14,"column":9}}]}},"b":{"0":[1]},"fnMap":{"0":{"name":"(empty-report)","decl":{"start":{"line":1,"column":299},"end":{"line":14,"column":9}},"loc":{"start":{"line":1,"column":299},"end":{"line":14,"column":9}},"line":1}},"f":{"0":1}}
,"/Users/max/Documents/GitHub/SVGAPlayer-Web-Lite/src/index.ts": {"path":"/Users/max/Documents/GitHub/SVGAPlayer-Web-Lite/src/index.ts","all":false,"statementMap":{"1":{"start":{"line":2,"column":0},"end":{"line":2,"column":33}},"2":{"start":{"line":3,"column":0},"end":{"line":3,"column":33}},"5":{"start":{"line":6,"column":0},"end":{"line":6,"column":25}}},"s":{"1":1,"2":1,"5":1},"branchMap":{},"b":{},"fnMap":{},"f":{}}
,"/Users/max/Documents/GitHub/SVGAPlayer-Web-Lite/src/parser.ts": {"path":"/Users/max/Documents/GitHub/SVGAPlayer-Web-Lite/src/parser.ts","all":false,"statementMap":{"1":{"start":{"line":2,"column":0},"end":{"line":2,"column":61}},"6":{"start":{"line":7,"column":0},"end":{"line":7,"column":21}},"10":{"start":{"line":11,"column":0},"end":{"line":11,"column":51}},"11":{"start":{"line":12,"column":0},"end":{"line":12,"column":68}},"12":{"start":{"line":13,"column":0},"end":{"line":13,"column":69}},"14":{"start":{"line":15,"column":0},"end":{"line":15,"column":38}},"15":{"start":{"line":16,"column":0},"end":{"line":16,"column":44}},"16":{"start":{"line":17,"column":0},"end":{"line":17,"column":12}},"17":{"start":{"line":18,"column":0},"end":{"line":18,"column":5}},"19":{"start":{"line":20,"column":0},"end":{"line":20,"column":96}},"20":{"start":{"line":21,"column":0},"end":{"line":21,"column":3}},"27":{"start":{"line":28,"column":0},"end":{"line":28,"column":45}},"28":{"start":{"line":29,"column":0},"end":{"line":29,"column":28}},"29":{"start":{"line":30,"column":0},"end":{"line":30,"column":38}},"30":{"start":{"line":31,"column":0},"end":{"line":31,"column":5}},"32":{"start":{"line":33,"column":0},"end":{"line":33,"column":36}},"33":{"start":{"line":34,"column":0},"end":{"line":34,"column":48}},"34":{"start":{"line":35,"column":0},"end":{"line":35,"column":5}},"36":{"start":{"line":37,"column":0},"end":{"line":37,"column":122}},"38":{"start":{"line":39,"column":0},"end":{"line":39,"column":52}},"39":{"start":{"line":40,"column":0},"end":{"line":40,"column":54}},"40":{"start":{"line":41,"column":0},"end":{"line":41,"column":60}},"41":{"start":{"line":42,"column":0},"end":{"line":42,"column":7}},"43":{"start":{"line":44,"column":0},"end":{"line":44,"column":47}},"44":{"start":{"line":45,"column":0},"end":{"line":45,"column":6}},"45":{"start":{"line":46,"column":0},"end":{"line":46,"column":3}},"47":{"start":{"line":48,"column":0},"end":{"line":48,"column":146}},"48":{"start":{"line":49,"column":0},"end":{"line":49,"column":41}},"49":{"start":{"line":50,"column":0},"end":{"line":50,"column":90}},"50":{"start":{"line":51,"column":0},"end":{"line":51,"column":39}},"51":{"start":{"line":52,"column":0},"end":{"line":52,"column":12}},"52":{"start":{"line":53,"column":0},"end":{"line":53,"column":46}},"53":{"start":{"line":54,"column":0},"end":{"line":54,"column":47}},"54":{"start":{"line":55,"column":0},"end":{"line":55,"column":5}},"55":{"start":{"line":56,"column":0},"end":{"line":56,"column":3}},"57":{"start":{"line":58,"column":0},"end":{"line":58,"column":75}},"58":{"start":{"line":59,"column":0},"end":{"line":59,"column":35}},"59":{"start":{"line":60,"column":0},"end":{"line":60,"column":3}},"61":{"start":{"line":62,"column":0},"end":{"line":62,"column":46}},"62":{"start":{"line":63,"column":0},"end":{"line":63,"column":42}},"64":{"start":{"line":65,"column":0},"end":{"line":65,"column":46}},"65":{"start":{"line":66,"column":0},"end":{"line":66,"column":21}},"66":{"start":{"line":67,"column":0},"end":{"line":67,"column":22}},"67":{"start":{"line":68,"column":0},"end":{"line":68,"column":3}},"69":{"start":{"line":70,"column":0},"end":{"line":70,"column":27}},"70":{"start":{"line":71,"column":0},"end":{"line":71,"column":40}},"71":{"start":{"line":72,"column":0},"end":{"line":72,"column":29}},"72":{"start":{"line":73,"column":0},"end":{"line":73,"column":5}},"73":{"start":{"line":74,"column":0},"end":{"line":74,"column":3}},"74":{"start":{"line":75,"column":0},"end":{"line":75,"column":1}}},"s":{"1":1,"6":1,"10":1,"11":13,"12":13,"14":13,"15":4,"16":4,"17":4,"19":9,"20":13,"27":1,"28":9,"29":1,"30":1,"32":9,"33":1,"34":1,"36":7,"38":7,"39":7,"40":7,"41":7,"43":7,"44":7,"45":9,"47":1,"48":7,"49":5,"50":5,"51":7,"52":2,"53":2,"54":2,"55":7,"57":1,"58":7,"59":7,"61":1,"62":7,"64":1,"65":1,"66":1,"67":7,"69":1,"70":2,"71":1,"72":1,"73":2,"74":1},"branchMap":{"0":{"type":"branch","line":11,"loc":{"start":{"line":11,"column":2},"end":{"line":21,"column":3}},"locations":[{"start":{"line":11,"column":2},"end":{"line":21,"column":3}}]},"1":{"type":"branch","line":15,"loc":{"start":{"line":15,"column":37},"end":{"line":18,"column":5}},"locations":[{"start":{"line":15,"column":37},"end":{"line":18,"column":5}}]},"2":{"type":"branch","line":18,"loc":{"start":{"line":18,"column":4},"end":{"line":20,"column":96}},"locations":[{"start":{"line":18,"column":4},"end":{"line":20,"column":96}}]},"3":{"type":"branch","line":28,"loc":{"start":{"line":28,"column":2},"end":{"line":46,"column":3}},"locations":[{"start":{"line":28,"column":2},"end":{"line":46,"column":3}}]},"4":{"type":"branch","line":29,"loc":{"start":{"line":29,"column":27},"end":{"line":31,"column":5}},"locations":[{"start":{"line":29,"column":27},"end":{"line":31,"column":5}}]},"5":{"type":"branch","line":31,"loc":{"start":{"line":31,"column":4},"end":{"line":33,"column":35}},"locations":[{"start":{"line":31,"column":4},"end":{"line":33,"column":35}}]},"6":{"type":"branch","line":33,"loc":{"start":{"line":33,"column":35},"end":{"line":35,"column":5}},"locations":[{"start":{"line":33,"column":35},"end":{"line":35,"column":5}}]},"7":{"type":"branch","line":35,"loc":{"start":{"line":35,"column":4},"end":{"line":45,"column":6}},"locations":[{"start":{"line":35,"column":4},"end":{"line":45,"column":6}}]},"8":{"type":"branch","line":39,"loc":{"start":{"line":39,"column":30},"end":{"line":45,"column":5}},"locations":[{"start":{"line":39,"column":30},"end":{"line":45,"column":5}}]},"9":{"type":"branch","line":40,"loc":{"start":{"line":40,"column":28},"end":{"line":42,"column":7}},"locations":[{"start":{"line":40,"column":28},"end":{"line":42,"column":7}}]},"10":{"type":"branch","line":41,"loc":{"start":{"line":41,"column":24},"end":{"line":41,"column":47}},"locations":[{"start":{"line":41,"column":24},"end":{"line":41,"column":47}}]},"11":{"type":"branch","line":41,"loc":{"start":{"line":41,"column":43},"end":{"line":41,"column":60}},"locations":[{"start":{"line":41,"column":43},"end":{"line":41,"column":60}}]},"12":{"type":"branch","line":48,"loc":{"start":{"line":48,"column":10},"end":{"line":56,"column":3}},"locations":[{"start":{"line":48,"column":10},"end":{"line":56,"column":3}}]},"13":{"type":"branch","line":49,"loc":{"start":{"line":49,"column":40},"end":{"line":52,"column":11}},"locations":[{"start":{"line":49,"column":40},"end":{"line":52,"column":11}}]},"14":{"type":"branch","line":52,"loc":{"start":{"line":52,"column":4},"end":{"line":55,"column":5}},"locations":[{"start":{"line":52,"column":4},"end":{"line":55,"column":5}}]},"15":{"type":"branch","line":50,"loc":{"start":{"line":50,"column":30},"end":{"line":50,"column":90}},"locations":[{"start":{"line":50,"column":30},"end":{"line":50,"column":90}}]},"16":{"type":"branch","line":58,"loc":{"start":{"line":58,"column":10},"end":{"line":60,"column":3}},"locations":[{"start":{"line":58,"column":10},"end":{"line":60,"column":3}}]},"17":{"type":"branch","line":62,"loc":{"start":{"line":62,"column":10},"end":{"line":68,"column":3}},"locations":[{"start":{"line":62,"column":10},"end":{"line":68,"column":3}}]},"18":{"type":"branch","line":63,"loc":{"start":{"line":63,"column":32},"end":{"line":63,"column":42}},"locations":[{"start":{"line":63,"column":32},"end":{"line":63,"column":42}}]},"19":{"type":"branch","line":63,"loc":{"start":{"line":63,"column":39},"end":{"line":67,"column":22}},"locations":[{"start":{"line":63,"column":39},"end":{"line":67,"column":22}}]},"20":{"type":"branch","line":70,"loc":{"start":{"line":70,"column":9},"end":{"line":74,"column":3}},"locations":[{"start":{"line":70,"column":9},"end":{"line":74,"column":3}}]},"21":{"type":"branch","line":71,"loc":{"start":{"line":71,"column":39},"end":{"line":73,"column":5}},"locations":[{"start":{"line":71,"column":39},"end":{"line":73,"column":5}}]}},"b":{"0":[13],"1":[4],"2":[9],"3":[9],"4":[1],"5":[8],"6":[1],"7":[7],"8":[7],"9":[7],"10":[2],"11":[5],"12":[7],"13":[5],"14":[2],"15":[5],"16":[7],"17":[7],"18":[6],"19":[1],"20":[2],"21":[1]},"fnMap":{"0":{"name":"Parser","decl":{"start":{"line":11,"column":2},"end":{"line":21,"column":3}},"loc":{"start":{"line":11,"column":2},"end":{"line":21,"column":3}},"line":11},"1":{"name":"load","decl":{"start":{"line":28,"column":2},"end":{"line":46,"column":3}},"loc":{"start":{"line":28,"column":2},"end":{"line":46,"column":3}},"line":28},"2":{"name":"handleMessage","decl":{"start":{"line":40,"column":28},"end":{"line":42,"column":7}},"loc":{"start":{"line":40,"column":28},"end":{"line":42,"column":7}},"line":40},"3":{"name":"postMessage","decl":{"start":{"line":48,"column":10},"end":{"line":56,"column":3}},"loc":{"start":{"line":48,"column":10},"end":{"line":56,"column":3}},"line":48},"4":{"name":"worker.onmessage","decl":{"start":{"line":50,"column":30},"end":{"line":50,"column":90}},"loc":{"start":{"line":50,"column":30},"end":{"line":50,"column":90}},"line":50},"5":{"name":"isRealWorker","decl":{"start":{"line":58,"column":10},"end":{"line":60,"column":3}},"loc":{"start":{"line":58,"column":10},"end":{"line":60,"column":3}},"line":58},"6":{"name":"normalizeURL","decl":{"start":{"line":62,"column":10},"end":{"line":68,"column":3}},"loc":{"start":{"line":62,"column":10},"end":{"line":68,"column":3}},"line":62},"7":{"name":"destroy","decl":{"start":{"line":70,"column":9},"end":{"line":74,"column":3}},"loc":{"start":{"line":70,"column":9},"end":{"line":74,"column":3}},"line":70}},"f":{"0":13,"1":9,"2":7,"3":7,"4":5,"5":7,"6":7,"7":2}}
,"/Users/max/Documents/GitHub/SVGAPlayer-Web-Lite/src/test.ts": {"path":"/Users/max/Documents/GitHub/SVGAPlayer-Web-Lite/src/test.ts","all":true,"statementMap":{"0":{"start":{"line":1,"column":0},"end":{"line":1,"column":60}},"1":{"start":{"line":2,"column":0},"end":{"line":2,"column":44}},"4":{"start":{"line":5,"column":0},"end":{"line":5,"column":22}},"5":{"start":{"line":6,"column":0},"end":{"line":6,"column":22}},"6":{"start":{"line":7,"column":0},"end":{"line":7,"column":14}},"8":{"start":{"line":9,"column":0},"end":{"line":9,"column":69}},"13":{"start":{"line":14,"column":0},"end":{"line":14,"column":46}},"14":{"start":{"line":15,"column":0},"end":{"line":15,"column":47}},"15":{"start":{"line":16,"column":0},"end":{"line":16,"column":29}},"16":{"start":{"line":17,"column":0},"end":{"line":17,"column":37}},"17":{"start":{"line":18,"column":0},"end":{"line":18,"column":19}},"18":{"start":{"line":19,"column":0},"end":{"line":19,"column":24}},"19":{"start":{"line":20,"column":0},"end":{"line":20,"column":31}},"20":{"start":{"line":21,"column":0},"end":{"line":21,"column":24}},"21":{"start":{"line":22,"column":0},"end":{"line":22,"column":13}},"22":{"start":{"line":23,"column":0},"end":{"line":23,"column":6}},"23":{"start":{"line":24,"column":0},"end":{"line":24,"column":28}},"24":{"start":{"line":25,"column":0},"end":{"line":25,"column":18}},"25":{"start":{"line":26,"column":0},"end":{"line":26,"column":3}},"26":{"start":{"line":27,"column":0},"end":{"line":27,"column":1}},"31":{"start":{"line":32,"column":0},"end":{"line":32,"column":46}},"32":{"start":{"line":33,"column":0},"end":{"line":33,"column":32}},"33":{"start":{"line":34,"column":0},"end":{"line":34,"column":27}},"34":{"start":{"line":35,"column":0},"end":{"line":35,"column":33}},"35":{"start":{"line":36,"column":0},"end":{"line":36,"column":22}},"36":{"start":{"line":37,"column":0},"end":{"line":37,"column":35}},"37":{"start":{"line":38,"column":0},"end":{"line":38,"column":25}},"38":{"start":{"line":39,"column":0},"end":{"line":39,"column":22}},"39":{"start":{"line":40,"column":0},"end":{"line":40,"column":23}},"40":{"start":{"line":41,"column":0},"end":{"line":41,"column":26}},"41":{"start":{"line":42,"column":0},"end":{"line":42,"column":26}},"42":{"start":{"line":43,"column":0},"end":{"line":43,"column":47}},"43":{"start":{"line":44,"column":0},"end":{"line":44,"column":49}},"44":{"start":{"line":45,"column":0},"end":{"line":45,"column":47}},"45":{"start":{"line":46,"column":0},"end":{"line":46,"column":45}},"46":{"start":{"line":47,"column":0},"end":{"line":47,"column":51}},"47":{"start":{"line":48,"column":0},"end":{"line":48,"column":43}},"48":{"start":{"line":49,"column":0},"end":{"line":49,"column":37}},"49":{"start":{"line":50,"column":0},"end":{"line":50,"column":37}},"50":{"start":{"line":51,"column":0},"end":{"line":51,"column":39}},"51":{"start":{"line":52,"column":0},"end":{"line":52,"column":35}},"52":{"start":{"line":53,"column":0},"end":{"line":53,"column":37}},"53":{"start":{"line":54,"column":0},"end":{"line":54,"column":26}},"54":{"start":{"line":55,"column":0},"end":{"line":55,"column":20}},"55":{"start":{"line":56,"column":0},"end":{"line":56,"column":20}},"56":{"start":{"line":57,"column":0},"end":{"line":57,"column":3}},"57":{"start":{"line":58,"column":0},"end":{"line":58,"column":1}},"62":{"start":{"line":63,"column":0},"end":{"line":63,"column":46}},"63":{"start":{"line":64,"column":0},"end":{"line":64,"column":25}},"64":{"start":{"line":65,"column":0},"end":{"line":65,"column":53}},"65":{"start":{"line":66,"column":0},"end":{"line":66,"column":24}},"66":{"start":{"line":67,"column":0},"end":{"line":67,"column":24}},"67":{"start":{"line":68,"column":0},"end":{"line":68,"column":49}},"68":{"start":{"line":69,"column":0},"end":{"line":69,"column":68}},"69":{"start":{"line":70,"column":0},"end":{"line":70,"column":33}},"70":{"start":{"line":71,"column":0},"end":{"line":71,"column":34}},"71":{"start":{"line":72,"column":0},"end":{"line":72,"column":37}},"72":{"start":{"line":73,"column":0},"end":{"line":73,"column":31}},"73":{"start":{"line":74,"column":0},"end":{"line":74,"column":73}},"75":{"start":{"line":76,"column":0},"end":{"line":76,"column":27}},"76":{"start":{"line":77,"column":0},"end":{"line":77,"column":67}},"78":{"start":{"line":79,"column":0},"end":{"line":79,"column":34}},"79":{"start":{"line":80,"column":0},"end":{"line":80,"column":29}},"80":{"start":{"line":81,"column":0},"end":{"line":81,"column":37}},"82":{"start":{"line":83,"column":0},"end":{"line":83,"column":36}},"83":{"start":{"line":84,"column":0},"end":{"line":84,"column":42}},"85":{"start":{"line":86,"column":0},"end":{"line":86,"column":35}},"86":{"start":{"line":87,"column":0},"end":{"line":87,"column":26}},"87":{"start":{"line":88,"column":0},"end":{"line":88,"column":16}},"88":{"start":{"line":89,"column":0},"end":{"line":89,"column":1}},"93":{"start":{"line":94,"column":0},"end":{"line":94,"column":46}},"94":{"start":{"line":95,"column":0},"end":{"line":95,"column":32}},"95":{"start":{"line":96,"column":0},"end":{"line":96,"column":21}},"96":{"start":{"line":97,"column":0},"end":{"line":97,"column":31}},"97":{"start":{"line":98,"column":0},"end":{"line":98,"column":25}},"98":{"start":{"line":99,"column":0},"end":{"line":99,"column":27}},"99":{"start":{"line":100,"column":0},"end":{"line":100,"column":65}},"100":{"start":{"line":101,"column":0},"end":{"line":101,"column":33}},"101":{"start":{"line":102,"column":0},"end":{"line":102,"column":30}},"102":{"start":{"line":103,"column":0},"end":{"line":103,"column":3}},"103":{"start":{"line":104,"column":0},"end":{"line":104,"column":35}},"104":{"start":{"line":105,"column":0},"end":{"line":105,"column":26}},"105":{"start":{"line":106,"column":0},"end":{"line":106,"column":16}},"106":{"start":{"line":107,"column":0},"end":{"line":107,"column":1}},"111":{"start":{"line":112,"column":0},"end":{"line":112,"column":46}},"112":{"start":{"line":113,"column":0},"end":{"line":113,"column":32}},"113":{"start":{"line":114,"column":0},"end":{"line":114,"column":29}},"114":{"start":{"line":115,"column":0},"end":{"line":115,"column":37}},"115":{"start":{"line":116,"column":0},"end":{"line":116,"column":29}},"116":{"start":{"line":117,"column":0},"end":{"line":117,"column":22}},"117":{"start":{"line":118,"column":0},"end":{"line":118,"column":12}},"118":{"start":{"line":119,"column":0},"end":{"line":119,"column":24}},"119":{"start":{"line":120,"column":0},"end":{"line":120,"column":36}},"120":{"start":{"line":121,"column":0},"end":{"line":121,"column":41}},"121":{"start":{"line":122,"column":0},"end":{"line":122,"column":41}},"122":{"start":{"line":123,"column":0},"end":{"line":123,"column":19}},"123":{"start":{"line":124,"column":0},"end":{"line":124,"column":16}},"124":{"start":{"line":125,"column":0},"end":{"line":125,"column":4}},"125":{"start":{"line":126,"column":0},"end":{"line":126,"column":26}},"126":{"start":{"line":127,"column":0},"end":{"line":127,"column":16}},"127":{"start":{"line":128,"column":0},"end":{"line":128,"column":1}},"132":{"start":{"line":133,"column":0},"end":{"line":133,"column":46}},"133":{"start":{"line":134,"column":0},"end":{"line":134,"column":32}},"134":{"start":{"line":135,"column":0},"end":{"line":135,"column":29}},"135":{"start":{"line":136,"column":0},"end":{"line":136,"column":37}},"136":{"start":{"line":137,"column":0},"end":{"line":137,"column":19}},"137":{"start":{"line":138,"column":0},"end":{"line":138,"column":29}},"138":{"start":{"line":139,"column":0},"end":{"line":139,"column":22}},"139":{"start":{"line":140,"column":0},"end":{"line":140,"column":12}},"140":{"start":{"line":141,"column":0},"end":{"line":141,"column":39}},"141":{"start":{"line":142,"column":0},"end":{"line":142,"column":4}},"142":{"start":{"line":143,"column":0},"end":{"line":143,"column":26}},"143":{"start":{"line":144,"column":0},"end":{"line":144,"column":16}},"144":{"start":{"line":145,"column":0},"end":{"line":145,"column":24}},"145":{"start":{"line":146,"column":0},"end":{"line":146,"column":45}},"146":{"start":{"line":147,"column":0},"end":{"line":147,"column":50}},"147":{"start":{"line":148,"column":0},"end":{"line":148,"column":127}},"148":{"start":{"line":149,"column":0},"end":{"line":149,"column":22}},"149":{"start":{"line":150,"column":0},"end":{"line":150,"column":14}},"150":{"start":{"line":151,"column":0},"end":{"line":151,"column":28}},"151":{"start":{"line":152,"column":0},"end":{"line":152,"column":6}},"152":{"start":{"line":153,"column":0},"end":{"line":153,"column":18}},"153":{"start":{"line":154,"column":0},"end":{"line":154,"column":3}},"154":{"start":{"line":155,"column":0},"end":{"line":155,"column":1}},"159":{"start":{"line":160,"column":0},"end":{"line":160,"column":46}},"160":{"start":{"line":161,"column":0},"end":{"line":161,"column":36}},"161":{"start":{"line":162,"column":0},"end":{"line":162,"column":7}},"162":{"start":{"line":163,"column":0},"end":{"line":163,"column":31}},"163":{"start":{"line":164,"column":0},"end":{"line":164,"column":39}},"164":{"start":{"line":165,"column":0},"end":{"line":165,"column":37}},"165":{"start":{"line":166,"column":0},"end":{"line":166,"column":28}},"166":{"start":{"line":167,"column":0},"end":{"line":167,"column":18}},"167":{"start":{"line":168,"column":0},"end":{"line":168,"column":19}},"168":{"start":{"line":169,"column":0},"end":{"line":169,"column":38}},"169":{"start":{"line":170,"column":0},"end":{"line":170,"column":3}},"170":{"start":{"line":171,"column":0},"end":{"line":171,"column":1}},"175":{"start":{"line":176,"column":0},"end":{"line":176,"column":46}},"176":{"start":{"line":177,"column":0},"end":{"line":177,"column":32}},"177":{"start":{"line":178,"column":0},"end":{"line":178,"column":29}},"178":{"start":{"line":179,"column":0},"end":{"line":179,"column":37}},"179":{"start":{"line":180,"column":0},"end":{"line":180,"column":35}},"180":{"start":{"line":181,"column":0},"end":{"line":181,"column":26}},"181":{"start":{"line":182,"column":0},"end":{"line":182,"column":20}},"182":{"start":{"line":183,"column":0},"end":{"line":183,"column":12}},"183":{"start":{"line":184,"column":0},"end":{"line":184,"column":18}},"184":{"start":{"line":185,"column":0},"end":{"line":185,"column":15}},"185":{"start":{"line":186,"column":0},"end":{"line":186,"column":4}},"186":{"start":{"line":187,"column":0},"end":{"line":187,"column":16}},"188":{"start":{"line":189,"column":0},"end":{"line":189,"column":20}},"189":{"start":{"line":190,"column":0},"end":{"line":190,"column":24}},"190":{"start":{"line":191,"column":0},"end":{"line":191,"column":22}},"191":{"start":{"line":192,"column":0},"end":{"line":192,"column":14}},"192":{"start":{"line":193,"column":0},"end":{"line":193,"column":20}},"193":{"start":{"line":194,"column":0},"end":{"line":194,"column":17}},"194":{"start":{"line":195,"column":0},"end":{"line":195,"column":6}},"195":{"start":{"line":196,"column":0},"end":{"line":196,"column":18}},"196":{"start":{"line":197,"column":0},"end":{"line":197,"column":10}},"197":{"start":{"line":198,"column":0},"end":{"line":198,"column":1}},"199":{"start":{"line":200,"column":0},"end":{"line":200,"column":65}}},"s":{"0":0,"1":0,"4":0,"5":0,"6":0,"8":0,"13":0,"14":0,"15":0,"16":0,"17":0,"18":0,"19":0,"20":0,"21":0,"22":0,"23":0,"24":0,"25":0,"26":0,"31":0,"32":0,"33":0,"34":0,"35":0,"36":0,"37":0,"38":0,"39":0,"40":0,"41":0,"42":0,"43":0,"44":0,"45":0,"46":0,"47":0,"48":0,"49":0,"50":0,"51":0,"52":0,"53":0,"54":0,"55":0,"56":0,"57":0,"62":0,"63":0,"64":0,"65":0,"66":0,"67":0,"68":0,"69":0,"70":0,"71":0,"72":0,"73":0,"75":0,"76":0,"78":0,"79":0,"80":0,"82":0,"83":0,"85":0,"86":0,"87":0,"88":0,"93":0,"94":0,"95":0,"96":0,"97":0,"98":0,"99":0,"100":0,"101":0,"102":0,"103":0,"104":0,"105":0,"106":0,"111":0,"112":0,"113":0,"114":0,"115":0,"116":0,"117":0,"118":0,"119":0,"120":0,"121":0,"122":0,"123":0,"124":0,"125":0,"126":0,"127":0,"132":0,"133":0,"134":0,"135":0,"136":0,"137":0,"138":0,"139":0,"140":0,"141":0,"142":0,"143":0,"144":0,"145":0,"146":0,"147":0,"148":0,"149":0,"150":0,"151":0,"152":0,"153":0,"154":0,"159":0,"160":0,"161":0,"162":0,"163":0,"164":0,"165":0,"166":0,"167":0,"168":0,"169":0,"170":0,"175":0,"176":0,"177":0,"178":0,"179":0,"180":0,"181":0,"182":0,"183":0,"184":0,"185":0,"186":0,"188":0,"189":0,"190":0,"191":0,"192":0,"193":0,"194":0,"195":0,"196":0,"197":0,"199":0},"branchMap":{"0":{"type":"branch","line":1,"loc":{"start":{"line":1,"column":0},"end":{"line":200,"column":-387}},"locations":[{"start":{"line":1,"column":0},"end":{"line":200,"column":-387}}]}},"b":{"0":[0]},"fnMap":{"0":{"name":"(empty-report)","decl":{"start":{"line":1,"column":0},"end":{"line":200,"column":-387}},"loc":{"start":{"line":1,"column":0},"end":{"line":200,"column":-387}},"line":1}},"f":{"0":0}}
,"/Users/max/Documents/GitHub/SVGAPlayer-Web-Lite/src/types.ts": {"path":"/Users/max/Documents/GitHub/SVGAPlayer-Web-Lite/src/types.ts","all":false,"statementMap":{"44":{"start":{"line":45,"column":0},"end":{"line":45,"column":33}},"45":{"start":{"line":46,"column":0},"end":{"line":46,"column":11}},"46":{"start":{"line":47,"column":0},"end":{"line":47,"column":12}},"47":{"start":{"line":48,"column":0},"end":{"line":48,"column":12}},"50":{"start":{"line":51,"column":0},"end":{"line":51,"column":34}},"51":{"start":{"line":52,"column":0},"end":{"line":52,"column":12}},"52":{"start":{"line":53,"column":0},"end":{"line":53,"column":12}},"53":{"start":{"line":54,"column":0},"end":{"line":54,"column":11}},"65":{"start":{"line":66,"column":0},"end":{"line":66,"column":35}},"66":{"start":{"line":67,"column":0},"end":{"line":67,"column":12}},"67":{"start":{"line":68,"column":0},"end":{"line":68,"column":11}},"68":{"start":{"line":69,"column":0},"end":{"line":69,"column":14}},"69":{"start":{"line":70,"column":0},"end":{"line":70,"column":10}},"72":{"start":{"line":73,"column":0},"end":{"line":73,"column":30}},"73":{"start":{"line":74,"column":0},"end":{"line":74,"column":18}},"74":{"start":{"line":75,"column":0},"end":{"line":75,"column":16}},"75":{"start":{"line":76,"column":0},"end":{"line":76,"column":21}},"237":{"start":{"line":238,"column":0},"end":{"line":238,"column":36}},"241":{"start":{"line":242,"column":0},"end":{"line":242,"column":24}},"245":{"start":{"line":246,"column":0},"end":{"line":246,"column":25}},"248":{"start":{"line":249,"column":0},"end":{"line":249,"column":36}},"252":{"start":{"line":253,"column":0},"end":{"line":253,"column":24}},"256":{"start":{"line":257,"column":0},"end":{"line":257,"column":25}},"263":{"start":{"line":264,"column":0},"end":{"line":264,"column":35}}},"s":{"44":1,"45":1,"46":1,"47":1,"50":1,"51":1,"52":1,"53":1,"65":1,"66":1,"67":1,"68":1,"69":1,"72":1,"73":1,"74":1,"75":1,"237":1,"241":1,"245":1,"248":1,"252":1,"256":1,"263":1},"branchMap":{"0":{"type":"branch","line":45,"loc":{"start":{"line":45,"column":7},"end":{"line":45,"column":33}},"locations":[{"start":{"line":45,"column":7},"end":{"line":45,"column":33}}]},"1":{"type":"branch","line":51,"loc":{"start":{"line":51,"column":7},"end":{"line":51,"column":34}},"locations":[{"start":{"line":51,"column":7},"end":{"line":51,"column":34}}]},"2":{"type":"branch","line":66,"loc":{"start":{"line":66,"column":7},"end":{"line":66,"column":35}},"locations":[{"start":{"line":66,"column":7},"end":{"line":66,"column":35}}]},"3":{"type":"branch","line":73,"loc":{"start":{"line":73,"column":7},"end":{"line":73,"column":30}},"locations":[{"start":{"line":73,"column":7},"end":{"line":73,"column":30}}]},"4":{"type":"branch","line":238,"loc":{"start":{"line":238,"column":7},"end":{"line":238,"column":36}},"locations":[{"start":{"line":238,"column":7},"end":{"line":238,"column":36}}]},"5":{"type":"branch","line":249,"loc":{"start":{"line":249,"column":7},"end":{"line":249,"column":36}},"locations":[{"start":{"line":249,"column":7},"end":{"line":249,"column":36}}]}},"b":{"0":[5],"1":[5],"2":[5],"3":[5],"4":[5],"5":[5]},"fnMap":{},"f":{}}
,"/Users/max/Documents/GitHub/SVGAPlayer-Web-Lite/src/utils.ts": {"path":"/Users/max/Documents/GitHub/SVGAPlayer-Web-Lite/src/utils.ts","all":false,"statementMap":{"0":{"start":{"line":1,"column":0},"end":{"line":1,"column":69}},"1":{"start":{"line":2,"column":0},"end":{"line":2,"column":51}},"2":{"start":{"line":3,"column":0},"end":{"line":3,"column":44}},"3":{"start":{"line":4,"column":0},"end":{"line":4,"column":43}},"4":{"start":{"line":5,"column":0},"end":{"line":5,"column":64}},"6":{"start":{"line":7,"column":0},"end":{"line":7,"column":26}},"7":{"start":{"line":8,"column":0},"end":{"line":8,"column":12}},"8":{"start":{"line":9,"column":0},"end":{"line":9,"column":3}},"11":{"start":{"line":12,"column":0},"end":{"line":12,"column":93}},"12":{"start":{"line":13,"column":0},"end":{"line":13,"column":12}},"13":{"start":{"line":14,"column":0},"end":{"line":14,"column":3}},"16":{"start":{"line":17,"column":0},"end":{"line":17,"column":61}},"17":{"start":{"line":18,"column":0},"end":{"line":18,"column":12}},"18":{"start":{"line":19,"column":0},"end":{"line":19,"column":3}},"21":{"start":{"line":22,"column":0},"end":{"line":22,"column":10}},"22":{"start":{"line":23,"column":0},"end":{"line":23,"column":1}},"24":{"start":{"line":25,"column":0},"end":{"line":25,"column":22}},"25":{"start":{"line":26,"column":0},"end":{"line":26,"column":12}},"26":{"start":{"line":27,"column":0},"end":{"line":27,"column":1}}},"s":{"0":1,"1":10,"2":10,"3":1,"4":9,"6":10,"7":5,"8":5,"11":10,"12":1,"13":1,"16":10,"17":2,"18":2,"21":2,"22":2,"24":1,"25":1,"26":1},"branchMap":{"0":{"type":"branch","line":1,"loc":{"start":{"line":1,"column":19},"end":{"line":23,"column":1}},"locations":[{"start":{"line":1,"column":19},"end":{"line":23,"column":1}}]},"1":{"type":"branch","line":3,"loc":{"start":{"line":3,"column":33},"end":{"line":4,"column":43}},"locations":[{"start":{"line":3,"column":33},"end":{"line":4,"column":43}}]},"2":{"type":"branch","line":4,"loc":{"start":{"line":4,"column":42},"end":{"line":5,"column":64}},"locations":[{"start":{"line":4,"column":42},"end":{"line":5,"column":64}}]},"3":{"type":"branch","line":7,"loc":{"start":{"line":7,"column":25},"end":{"line":12,"column":28}},"locations":[{"start":{"line":7,"column":25},"end":{"line":12,"column":28}}]},"4":{"type":"branch","line":12,"loc":{"start":{"line":12,"column":20},"end":{"line":12,"column":50}},"locations":[{"start":{"line":12,"column":20},"end":{"line":12,"column":50}}]},"5":{"type":"branch","line":12,"loc":{"start":{"line":12,"column":42},"end":{"line":12,"column":72}},"locations":[{"start":{"line":12,"column":42},"end":{"line":12,"column":72}}]},"6":{"type":"branch","line":12,"loc":{"start":{"line":12,"column":64},"end":{"line":12,"column":92}},"locations":[{"start":{"line":12,"column":64},"end":{"line":12,"column":92}}]},"7":{"type":"branch","line":12,"loc":{"start":{"line":12,"column":92},"end":{"line":14,"column":3}},"locations":[{"start":{"line":12,"column":92},"end":{"line":14,"column":3}}]},"8":{"type":"branch","line":14,"loc":{"start":{"line":14,"column":2},"end":{"line":17,"column":60}},"locations":[{"start":{"line":14,"column":2},"end":{"line":17,"column":60}}]},"9":{"type":"branch","line":17,"loc":{"start":{"line":17,"column":60},"end":{"line":23,"column":1}},"locations":[{"start":{"line":17,"column":60},"end":{"line":23,"column":1}}]},"10":{"type":"branch","line":17,"loc":{"start":{"line":17,"column":19},"end":{"line":17,"column":57}},"locations":[{"start":{"line":17,"column":19},"end":{"line":17,"column":57}}]},"11":{"type":"branch","line":17,"loc":{"start":{"line":17,"column":36},"end":{"line":17,"column":57}},"locations":[{"start":{"line":17,"column":36},"end":{"line":17,"column":57}}]}},"b":{"0":[10],"1":[1],"2":[9],"3":[5],"4":[1],"5":[1],"6":[1],"7":[1],"8":[4],"9":[2],"10":[10],"11":[6]},"fnMap":{"0":{"name":"getVersion","decl":{"start":{"line":1,"column":19},"end":{"line":23,"column":1}},"loc":{"start":{"line":1,"column":19},"end":{"line":23,"column":1}},"line":1}},"f":{"0":10}}
,"/Users/max/Documents/GitHub/SVGAPlayer-Web-Lite/src/vendor.d.ts": {"path":"/Users/max/Documents/GitHub/SVGAPlayer-Web-Lite/src/vendor.d.ts","all":true,"statementMap":{},"s":{},"branchMap":{"0":{"type":"branch","line":1,"loc":{"start":{"line":1,"column":86},"end":{"line":4,"column":1}},"locations":[{"start":{"line":1,"column":86},"end":{"line":4,"column":1}}]}},"b":{"0":[1]},"fnMap":{"0":{"name":"(empty-report)","decl":{"start":{"line":1,"column":86},"end":{"line":4,"column":1}},"loc":{"start":{"line":1,"column":86},"end":{"line":4,"column":1}},"line":1}},"f":{"0":1}}
,"/Users/max/Documents/GitHub/SVGAPlayer-Web-Lite/src/parser/svga-proto.ts": {"path":"/Users/max/Documents/GitHub/SVGAPlayer-Web-Lite/src/parser/svga-proto.ts","all":false,"statementMap":{"0":{"start":{"line":1,"column":0},"end":{"line":1,"column":16}},"1":{"start":{"line":2,"column":0},"end":{"line":2,"column":11}},"2":{"start":{"line":3,"column":0},"end":{"line":3,"column":10}},"3":{"start":{"line":4,"column":0},"end":{"line":4,"column":15}},"4":{"start":{"line":5,"column":0},"end":{"line":5,"column":21}},"5":{"start":{"line":6,"column":0},"end":{"line":6,"column":19}},"6":{"start":{"line":7,"column":0},"end":{"line":7,"column":19}},"7":{"start":{"line":8,"column":0},"end":{"line":8,"column":24}},"8":{"start":{"line":9,"column":0},"end":{"line":9,"column":47}},"9":{"start":{"line":10,"column":0},"end":{"line":10,"column":57}},"10":{"start":{"line":11,"column":0},"end":{"line":11,"column":16}},"11":{"start":{"line":12,"column":0},"end":{"line":12,"column":23}},"12":{"start":{"line":13,"column":0},"end":{"line":13,"column":30}},"13":{"start":{"line":14,"column":0},"end":{"line":14,"column":27}},"14":{"start":{"line":15,"column":0},"end":{"line":15,"column":35}},"15":{"start":{"line":16,"column":0},"end":{"line":16,"column":36}},"16":{"start":{"line":17,"column":0},"end":{"line":17,"column":27}},"17":{"start":{"line":18,"column":0},"end":{"line":18,"column":22}},"18":{"start":{"line":19,"column":0},"end":{"line":19,"column":36}},"19":{"start":{"line":20,"column":0},"end":{"line":20,"column":36}},"20":{"start":{"line":21,"column":0},"end":{"line":21,"column":27}},"21":{"start":{"line":22,"column":0},"end":{"line":22,"column":22}},"22":{"start":{"line":23,"column":0},"end":{"line":23,"column":26}},"23":{"start":{"line":24,"column":0},"end":{"line":24,"column":36}},"24":{"start":{"line":25,"column":0},"end":{"line":25,"column":27}},"25":{"start":{"line":26,"column":0},"end":{"line":26,"column":22}},"26":{"start":{"line":27,"column":0},"end":{"line":27,"column":29}},"27":{"start":{"line":28,"column":0},"end":{"line":28,"column":36}},"28":{"start":{"line":29,"column":0},"end":{"line":29,"column":27}},"29":{"start":{"line":30,"column":0},"end":{"line":30,"column":21}},"30":{"start":{"line":31,"column":0},"end":{"line":31,"column":19}},"31":{"start":{"line":32,"column":0},"end":{"line":32,"column":18}},"32":{"start":{"line":33,"column":0},"end":{"line":33,"column":31}},"33":{"start":{"line":34,"column":0},"end":{"line":34,"column":27}},"34":{"start":{"line":35,"column":0},"end":{"line":35,"column":31}},"35":{"start":{"line":36,"column":0},"end":{"line":36,"column":37}},"36":{"start":{"line":37,"column":0},"end":{"line":37,"column":27}},"37":{"start":{"line":38,"column":0},"end":{"line":38,"column":22}},"38":{"start":{"line":39,"column":0},"end":{"line":39,"column":29}},"39":{"start":{"line":40,"column":0},"end":{"line":40,"column":39}},"40":{"start":{"line":41,"column":0},"end":{"line":41,"column":42}},"41":{"start":{"line":42,"column":0},"end":{"line":42,"column":27}},"42":{"start":{"line":43,"column":0},"end":{"line":43,"column":21}},"43":{"start":{"line":44,"column":0},"end":{"line":44,"column":19}},"44":{"start":{"line":45,"column":0},"end":{"line":45,"column":18}},"45":{"start":{"line":46,"column":0},"end":{"line":46,"column":25}},"46":{"start":{"line":47,"column":0},"end":{"line":47,"column":27}},"47":{"start":{"line":48,"column":0},"end":{"line":48,"column":24}},"48":{"start":{"line":49,"column":0},"end":{"line":49,"column":36}},"49":{"start":{"line":50,"column":0},"end":{"line":50,"column":27}},"50":{"start":{"line":51,"column":0},"end":{"line":51,"column":22}},"51":{"start":{"line":52,"column":0},"end":{"line":52,"column":24}},"52":{"start":{"line":53,"column":0},"end":{"line":53,"column":36}},"53":{"start":{"line":54,"column":0},"end":{"line":54,"column":27}},"54":{"start":{"line":55,"column":0},"end":{"line":55,"column":22}},"55":{"start":{"line":56,"column":0},"end":{"line":56,"column":28}},"56":{"start":{"line":57,"column":0},"end":{"line":57,"column":36}},"57":{"start":{"line":58,"column":0},"end":{"line":58,"column":27}},"58":{"start":{"line":59,"column":0},"end":{"line":59,"column":22}},"59":{"start":{"line":60,"column":0},"end":{"line":60,"column":29}},"60":{"start":{"line":61,"column":0},"end":{"line":61,"column":36}},"61":{"start":{"line":62,"column":0},"end":{"line":62,"column":27}},"62":{"start":{"line":63,"column":0},"end":{"line":63,"column":21}},"63":{"start":{"line":64,"column":0},"end":{"line":64,"column":19}},"64":{"start":{"line":65,"column":0},"end":{"line":65,"column":18}},"65":{"start":{"line":66,"column":0},"end":{"line":66,"column":28}},"66":{"start":{"line":67,"column":0},"end":{"line":67,"column":27}},"67":{"start":{"line":68,"column":0},"end":{"line":68,"column":24}},"68":{"start":{"line":69,"column":0},"end":{"line":69,"column":36}},"69":{"start":{"line":70,"column":0},"end":{"line":70,"column":27}},"70":{"start":{"line":71,"column":0},"end":{"line":71,"column":22}},"71":{"start":{"line":72,"column":0},"end":{"line":72,"column":24}},"72":{"start":{"line":73,"column":0},"end":{"line":73,"column":36}},"73":{"start":{"line":74,"column":0},"end":{"line":74,"column":27}},"74":{"start":{"line":75,"column":0},"end":{"line":75,"column":22}},"75":{"start":{"line":76,"column":0},"end":{"line":76,"column":24}},"76":{"start":{"line":77,"column":0},"end":{"line":77,"column":36}},"77":{"start":{"line":78,"column":0},"end":{"line":78,"column":27}},"78":{"start":{"line":79,"column":0},"end":{"line":79,"column":22}},"79":{"start":{"line":80,"column":0},"end":{"line":80,"column":24}},"80":{"start":{"line":81,"column":0},"end":{"line":81,"column":36}},"81":{"start":{"line":82,"column":0},"end":{"line":82,"column":27}},"82":{"start":{"line":83,"column":0},"end":{"line":83,"column":22}},"83":{"start":{"line":84,"column":0},"end":{"line":84,"column":25}},"84":{"start":{"line":85,"column":0},"end":{"line":85,"column":36}},"85":{"start":{"line":86,"column":0},"end":{"line":86,"column":27}},"86":{"start":{"line":87,"column":0},"end":{"line":87,"column":22}},"87":{"start":{"line":88,"column":0},"end":{"line":88,"column":25}},"88":{"start":{"line":89,"column":0},"end":{"line":89,"column":36}},"89":{"start":{"line":90,"column":0},"end":{"line":90,"column":27}},"90":{"start":{"line":91,"column":0},"end":{"line":91,"column":21}},"91":{"start":{"line":92,"column":0},"end":{"line":92,"column":19}},"92":{"start":{"line":93,"column":0},"end":{"line":93,"column":18}},"93":{"start":{"line":94,"column":0},"end":{"line":94,"column":30}},"94":{"start":{"line":95,"column":0},"end":{"line":95,"column":27}},"95":{"start":{"line":96,"column":0},"end":{"line":96,"column":27}},"96":{"start":{"line":97,"column":0},"end":{"line":97,"column":57}},"97":{"start":{"line":98,"column":0},"end":{"line":98,"column":21}},"98":{"start":{"line":99,"column":0},"end":{"line":99,"column":20}},"99":{"start":{"line":100,"column":0},"end":{"line":100,"column":27}},"100":{"start":{"line":101,"column":0},"end":{"line":101,"column":27}},"101":{"start":{"line":102,"column":0},"end":{"line":102,"column":40}},"102":{"start":{"line":103,"column":0},"end":{"line":103,"column":27}},"103":{"start":{"line":104,"column":0},"end":{"line":104,"column":22}},"104":{"start":{"line":105,"column":0},"end":{"line":105,"column":28}},"105":{"start":{"line":106,"column":0},"end":{"line":106,"column":40}},"106":{"start":{"line":107,"column":0},"end":{"line":107,"column":27}},"107":{"start":{"line":108,"column":0},"end":{"line":108,"column":22}},"108":{"start":{"line":109,"column":0},"end":{"line":109,"column":27}},"109":{"start":{"line":110,"column":0},"end":{"line":110,"column":39}},"110":{"start":{"line":111,"column":0},"end":{"line":111,"column":27}},"111":{"start":{"line":112,"column":0},"end":{"line":112,"column":22}},"112":{"start":{"line":113,"column":0},"end":{"line":113,"column":30}},"113":{"start":{"line":114,"column":0},"end":{"line":114,"column":42}},"114":{"start":{"line":115,"column":0},"end":{"line":115,"column":27}},"115":{"start":{"line":116,"column":0},"end":{"line":116,"column":22}},"116":{"start":{"line":117,"column":0},"end":{"line":117,"column":29}},"117":{"start":{"line":118,"column":0},"end":{"line":118,"column":41}},"118":{"start":{"line":119,"column":0},"end":{"line":119,"column":28}},"119":{"start":{"line":120,"column":0},"end":{"line":120,"column":22}},"120":{"start":{"line":121,"column":0},"end":{"line":121,"column":32}},"121":{"start":{"line":122,"column":0},"end":{"line":122,"column":40}},"122":{"start":{"line":123,"column":0},"end":{"line":123,"column":28}},"123":{"start":{"line":124,"column":0},"end":{"line":124,"column":21}},"124":{"start":{"line":125,"column":0},"end":{"line":125,"column":20}},"125":{"start":{"line":126,"column":0},"end":{"line":126,"column":27}},"126":{"start":{"line":127,"column":0},"end":{"line":127,"column":32}},"127":{"start":{"line":128,"column":0},"end":{"line":128,"column":31}},"128":{"start":{"line":129,"column":0},"end":{"line":129,"column":33}},"129":{"start":{"line":130,"column":0},"end":{"line":130,"column":32}},"130":{"start":{"line":131,"column":0},"end":{"line":131,"column":35}},"131":{"start":{"line":132,"column":0},"end":{"line":132,"column":31}},"132":{"start":{"line":133,"column":0},"end":{"line":133,"column":23}},"133":{"start":{"line":134,"column":0},"end":{"line":134,"column":22}},"134":{"start":{"line":135,"column":0},"end":{"line":135,"column":32}},"135":{"start":{"line":136,"column":0},"end":{"line":136,"column":31}},"136":{"start":{"line":137,"column":0},"end":{"line":137,"column":28}},"137":{"start":{"line":138,"column":0},"end":{"line":138,"column":41}},"138":{"start":{"line":139,"column":0},"end":{"line":139,"column":31}},"139":{"start":{"line":140,"column":0},"end":{"line":140,"column":25}},"140":{"start":{"line":141,"column":0},"end":{"line":141,"column":23}},"141":{"start":{"line":142,"column":0},"end":{"line":142,"column":22}},"142":{"start":{"line":143,"column":0},"end":{"line":143,"column":31}},"143":{"start":{"line":144,"column":0},"end":{"line":144,"column":31}},"144":{"start":{"line":145,"column":0},"end":{"line":145,"column":28}},"145":{"start":{"line":146,"column":0},"end":{"line":146,"column":40}},"146":{"start":{"line":147,"column":0},"end":{"line":147,"column":31}},"147":{"start":{"line":148,"column":0},"end":{"line":148,"column":26}},"148":{"start":{"line":149,"column":0},"end":{"line":149,"column":28}},"149":{"start":{"line":150,"column":0},"end":{"line":150,"column":40}},"150":{"start":{"line":151,"column":0},"end":{"line":151,"column":31}},"151":{"start":{"line":152,"column":0},"end":{"line":152,"column":26}},"152":{"start":{"line":153,"column":0},"end":{"line":153,"column":32}},"153":{"start":{"line":154,"column":0},"end":{"line":154,"column":40}},"154":{"start":{"line":155,"column":0},"end":{"line":155,"column":31}},"155":{"start":{"line":156,"column":0},"end":{"line":156,"column":26}},"156":{"start":{"line":157,"column":0},"end":{"line":157,"column":33}},"157":{"start":{"line":158,"column":0},"end":{"line":158,"column":40}},"158":{"start":{"line":159,"column":0},"end":{"line":159,"column":31}},"159":{"start":{"line":160,"column":0},"end":{"line":160,"column":26}},"160":{"start":{"line":161,"column":0},"end":{"line":161,"column":39}},"161":{"start":{"line":162,"column":0},"end":{"line":162,"column":40}},"162":{"start":{"line":163,"column":0},"end":{"line":163,"column":31}},"163":{"start":{"line":164,"column":0},"end":{"line":164,"column":25}},"164":{"start":{"line":165,"column":0},"end":{"line":165,"column":23}},"165":{"start":{"line":166,"column":0},"end":{"line":166,"column":22}},"166":{"start":{"line":167,"column":0},"end":{"line":167,"column":34}},"167":{"start":{"line":168,"column":0},"end":{"line":168,"column":31}},"168":{"start":{"line":169,"column":0},"end":{"line":169,"column":28}},"169":{"start":{"line":170,"column":0},"end":{"line":170,"column":40}},"170":{"start":{"line":171,"column":0},"end":{"line":171,"column":31}},"171":{"start":{"line":172,"column":0},"end":{"line":172,"column":26}},"172":{"start":{"line":173,"column":0},"end":{"line":173,"column":28}},"173":{"start":{"line":174,"column":0},"end":{"line":174,"column":40}},"174":{"start":{"line":175,"column":0},"end":{"line":175,"column":31}},"175":{"start":{"line":176,"column":0},"end":{"line":176,"column":26}},"176":{"start":{"line":177,"column":0},"end":{"line":177,"column":34}},"177":{"start":{"line":178,"column":0},"end":{"line":178,"column":40}},"178":{"start":{"line":179,"column":0},"end":{"line":179,"column":31}},"179":{"start":{"line":180,"column":0},"end":{"line":180,"column":26}},"180":{"start":{"line":181,"column":0},"end":{"line":181,"column":34}},"181":{"start":{"line":182,"column":0},"end":{"line":182,"column":40}},"182":{"start":{"line":183,"column":0},"end":{"line":183,"column":31}},"183":{"start":{"line":184,"column":0},"end":{"line":184,"column":25}},"184":{"start":{"line":185,"column":0},"end":{"line":185,"column":23}},"185":{"start":{"line":186,"column":0},"end":{"line":186,"column":22}},"186":{"start":{"line":187,"column":0},"end":{"line":187,"column":33}},"187":{"start":{"line":188,"column":0},"end":{"line":188,"column":31}},"188":{"start":{"line":189,"column":0},"end":{"line":189,"column":31}},"189":{"start":{"line":190,"column":0},"end":{"line":190,"column":44}},"190":{"start":{"line":191,"column":0},"end":{"line":191,"column":31}},"191":{"start":{"line":192,"column":0},"end":{"line":192,"column":26}},"192":{"start":{"line":193,"column":0},"end":{"line":193,"column":33}},"193":{"start":{"line":194,"column":0},"end":{"line":194,"column":44}},"194":{"start":{"line":195,"column":0},"end":{"line":195,"column":31}},"195":{"start":{"line":196,"column":0},"end":{"line":196,"column":26}},"196":{"start":{"line":197,"column":0},"end":{"line":197,"column":38}},"197":{"start":{"line":198,"column":0},"end":{"line":198,"column":40}},"198":{"start":{"line":199,"column":0},"end":{"line":199,"column":31}},"199":{"start":{"line":200,"column":0},"end":{"line":200,"column":26}},"200":{"start":{"line":201,"column":0},"end":{"line":201,"column":34}},"201":{"start":{"line":202,"column":0},"end":{"line":202,"column":42}},"202":{"start":{"line":203,"column":0},"end":{"line":203,"column":31}},"203":{"start":{"line":204,"column":0},"end":{"line":204,"column":26}},"204":{"start":{"line":205,"column":0},"end":{"line":205,"column":35}},"205":{"start":{"line":206,"column":0},"end":{"line":206,"column":43}},"206":{"start":{"line":207,"column":0},"end":{"line":207,"column":31}},"207":{"start":{"line":208,"column":0},"end":{"line":208,"column":26}},"208":{"start":{"line":209,"column":0},"end":{"line":209,"column":37}},"209":{"start":{"line":210,"column":0},"end":{"line":210,"column":40}},"210":{"start":{"line":211,"column":0},"end":{"line":211,"column":31}},"211":{"start":{"line":212,"column":0},"end":{"line":212,"column":26}},"212":{"start":{"line":213,"column":0},"end":{"line":213,"column":36}},"213":{"start":{"line":214,"column":0},"end":{"line":214,"column":40}},"214":{"start":{"line":215,"column":0},"end":{"line":215,"column":31}},"215":{"start":{"line":216,"column":0},"end":{"line":216,"column":26}},"216":{"start":{"line":217,"column":0},"end":{"line":217,"column":37}},"217":{"start":{"line":218,"column":0},"end":{"line":218,"column":40}},"218":{"start":{"line":219,"column":0},"end":{"line":219,"column":31}},"219":{"start":{"line":220,"column":0},"end":{"line":220,"column":26}},"220":{"start":{"line":221,"column":0},"end":{"line":221,"column":38}},"221":{"start":{"line":222,"column":0},"end":{"line":222,"column":40}},"222":{"start":{"line":223,"column":0},"end":{"line":223,"column":31}},"223":{"start":{"line":224,"column":0},"end":{"line":224,"column":25}},"224":{"start":{"line":225,"column":0},"end":{"line":225,"column":24}},"225":{"start":{"line":226,"column":0},"end":{"line":226,"column":31}},"226":{"start":{"line":227,"column":0},"end":{"line":227,"column":36}},"227":{"start":{"line":228,"column":0},"end":{"line":228,"column":35}},"228":{"start":{"line":229,"column":0},"end":{"line":229,"column":32}},"229":{"start":{"line":230,"column":0},"end":{"line":230,"column":44}},"230":{"start":{"line":231,"column":0},"end":{"line":231,"column":35}},"231":{"start":{"line":232,"column":0},"end":{"line":232,"column":30}},"232":{"start":{"line":233,"column":0},"end":{"line":233,"column":32}},"233":{"start":{"line":234,"column":0},"end":{"line":234,"column":44}},"234":{"start":{"line":235,"column":0},"end":{"line":235,"column":35}},"235":{"start":{"line":236,"column":0},"end":{"line":236,"column":30}},"236":{"start":{"line":237,"column":0},"end":{"line":237,"column":32}},"237":{"start":{"line":238,"column":0},"end":{"line":238,"column":44}},"238":{"start":{"line":239,"column":0},"end":{"line":239,"column":35}},"239":{"start":{"line":240,"column":0},"end":{"line":240,"column":30}},"240":{"start":{"line":241,"column":0},"end":{"line":241,"column":32}},"241":{"start":{"line":242,"column":0},"end":{"line":242,"column":44}},"242":{"start":{"line":243,"column":0},"end":{"line":243,"column":35}},"243":{"start":{"line":244,"column":0},"end":{"line":244,"column":29}},"244":{"start":{"line":245,"column":0},"end":{"line":245,"column":27}},"245":{"start":{"line":246,"column":0},"end":{"line":246,"column":26}},"246":{"start":{"line":247,"column":0},"end":{"line":247,"column":34}},"247":{"start":{"line":248,"column":0},"end":{"line":248,"column":35}},"248":{"start":{"line":249,"column":0},"end":{"line":249,"column":44}},"249":{"start":{"line":250,"column":0},"end":{"line":250,"column":45}},"250":{"start":{"line":251,"column":0},"end":{"line":251,"column":45}},"251":{"start":{"line":252,"column":0},"end":{"line":252,"column":27}},"252":{"start":{"line":253,"column":0},"end":{"line":253,"column":26}},"253":{"start":{"line":254,"column":0},"end":{"line":254,"column":35}},"254":{"start":{"line":255,"column":0},"end":{"line":255,"column":35}},"255":{"start":{"line":256,"column":0},"end":{"line":256,"column":46}},"256":{"start":{"line":257,"column":0},"end":{"line":257,"column":46}},"257":{"start":{"line":258,"column":0},"end":{"line":258,"column":45}},"258":{"start":{"line":259,"column":0},"end":{"line":259,"column":27}},"259":{"start":{"line":260,"column":0},"end":{"line":260,"column":25}},"260":{"start":{"line":261,"column":0},"end":{"line":261,"column":23}},"261":{"start":{"line":262,"column":0},"end":{"line":262,"column":21}},"262":{"start":{"line":263,"column":0},"end":{"line":263,"column":19}},"263":{"start":{"line":264,"column":0},"end":{"line":264,"column":18}},"264":{"start":{"line":265,"column":0},"end":{"line":265,"column":30}},"265":{"start":{"line":266,"column":0},"end":{"line":266,"column":27}},"266":{"start":{"line":267,"column":0},"end":{"line":267,"column":28}},"267":{"start":{"line":268,"column":0},"end":{"line":268,"column":36}},"268":{"start":{"line":269,"column":0},"end":{"line":269,"column":27}},"269":{"start":{"line":270,"column":0},"end":{"line":270,"column":22}},"270":{"start":{"line":271,"column":0},"end":{"line":271,"column":29}},"271":{"start":{"line":272,"column":0},"end":{"line":272,"column":37}},"272":{"start":{"line":273,"column":0},"end":{"line":273,"column":27}},"273":{"start":{"line":274,"column":0},"end":{"line":274,"column":22}},"274":{"start":{"line":275,"column":0},"end":{"line":275,"column":32}},"275":{"start":{"line":276,"column":0},"end":{"line":276,"column":40}},"276":{"start":{"line":277,"column":0},"end":{"line":277,"column":27}},"277":{"start":{"line":278,"column":0},"end":{"line":278,"column":22}},"278":{"start":{"line":279,"column":0},"end":{"line":279,"column":31}},"279":{"start":{"line":280,"column":0},"end":{"line":280,"column":37}},"280":{"start":{"line":281,"column":0},"end":{"line":281,"column":27}},"281":{"start":{"line":282,"column":0},"end":{"line":282,"column":22}},"282":{"start":{"line":283,"column":0},"end":{"line":283,"column":29}},"283":{"start":{"line":284,"column":0},"end":{"line":284,"column":39}},"284":{"start":{"line":285,"column":0},"end":{"line":285,"column":42}},"285":{"start":{"line":286,"column":0},"end":{"line":286,"column":27}},"286":{"start":{"line":287,"column":0},"end":{"line":287,"column":21}},"287":{"start":{"line":288,"column":0},"end":{"line":288,"column":19}},"288":{"start":{"line":289,"column":0},"end":{"line":289,"column":18}},"289":{"start":{"line":290,"column":0},"end":{"line":290,"column":30}},"290":{"start":{"line":291,"column":0},"end":{"line":291,"column":27}},"291":{"start":{"line":292,"column":0},"end":{"line":292,"column":30}},"292":{"start":{"line":293,"column":0},"end":{"line":293,"column":37}},"293":{"start":{"line":294,"column":0},"end":{"line":294,"column":27}},"294":{"start":{"line":295,"column":0},"end":{"line":295,"column":22}},"295":{"start":{"line":296,"column":0},"end":{"line":296,"column":29}},"296":{"start":{"line":297,"column":0},"end":{"line":297,"column":42}},"297":{"start":{"line":298,"column":0},"end":{"line":298,"column":27}},"298":{"start":{"line":299,"column":0},"end":{"line":299,"column":22}},"299":{"start":{"line":300,"column":0},"end":{"line":300,"column":29}},"300":{"start":{"line":301,"column":0},"end":{"line":301,"column":40}},"301":{"start":{"line":302,"column":0},"end":{"line":302,"column":36}},"302":{"start":{"line":303,"column":0},"end":{"line":303,"column":27}},"303":{"start":{"line":304,"column":0},"end":{"line":304,"column":22}},"304":{"start":{"line":305,"column":0},"end":{"line":305,"column":30}},"305":{"start":{"line":306,"column":0},"end":{"line":306,"column":39}},"306":{"start":{"line":307,"column":0},"end":{"line":307,"column":43}},"307":{"start":{"line":308,"column":0},"end":{"line":308,"column":27}},"308":{"start":{"line":309,"column":0},"end":{"line":309,"column":21}},"309":{"start":{"line":310,"column":0},"end":{"line":310,"column":19}},"310":{"start":{"line":311,"column":0},"end":{"line":311,"column":17}},"311":{"start":{"line":312,"column":0},"end":{"line":312,"column":15}},"312":{"start":{"line":313,"column":0},"end":{"line":313,"column":13}},"313":{"start":{"line":314,"column":0},"end":{"line":314,"column":11}},"314":{"start":{"line":315,"column":0},"end":{"line":315,"column":9}},"315":{"start":{"line":316,"column":0},"end":{"line":316,"column":7}},"316":{"start":{"line":317,"column":0},"end":{"line":317,"column":5}},"317":{"start":{"line":318,"column":0},"end":{"line":318,"column":3}},"318":{"start":{"line":319,"column":0},"end":{"line":319,"column":1}}},"s":{"0":1,"1":1,"2":1,"3":1,"4":1,"5":1,"6":1,"7":1,"8":1,"9":1,"10":1,"11":1,"12":1,"13":1,"14":1,"15":1,"16":1,"17":1,"18":1,"19":1,"20":1,"21":1,"22":1,"23":1,"24":1,"25":1,"26":1,"27":1,"28":1,"29":1,"30":1,"31":1,"32":1,"33":1,"34":1,"35":1,"36":1,"37":1,"38":1,"39":1,"40":1,"41":1,"42":1,"43":1,"44":1,"45":1,"46":1,"47":1,"48":1,"49":1,"50":1,"51":1,"52":1,"53":1,"54":1,"55":1,"56":1,"57":1,"58":1,"59":1,"60":1,"61":1,"62":1,"63":1,"64":1,"65":1,"66":1,"67":1,"68":1,"69":1,"70":1,"71":1,"72":1,"73":1,"74":1,"75":1,"76":1,"77":1,"78":1,"79":1,"80":1,"81":1,"82":1,"83":1,"84":1,"85":1,"86":1,"87":1,"88":1,"89":1,"90":1,"91":1,"92":1,"93":1,"94":1,"95":1,"96":1,"97":1,"98":1,"99":1,"100":1,"101":1,"102":1,"103":1,"104":1,"105":1,"106":1,"107":1,"108":1,"109":1,"110":1,"111":1,"112":1,"113":1,"114":1,"115":1,"116":1,"117":1,"118":1,"119":1,"120":1,"121":1,"122":1,"123":1,"124":1,"125":1,"126":1,"127":1,"128":1,"129":1,"130":1,"131":1,"132":1,"133":1,"134":1,"135":1,"136":1,"137":1,"138":1,"139":1,"140":1,"141":1,"142":1,"143":1,"144":1,"145":1,"146":1,"147":1,"148":1,"149":1,"150":1,"151":1,"152":1,"153":1,"154":1,"155":1,"156":1,"157":1,"158":1,"159":1,"160":1,"161":1,"162":1,"163":1,"164":1,"165":1,"166":1,"167":1,"168":1,"169":1,"170":1,"171":1,"172":1,"173":1,"174":1,"175":1,"176":1,"177":1,"178":1,"179":1,"180":1,"181":1,"182":1,"183":1,"184":1,"185":1,"186":1,"187":1,"188":1,"189":1,"190":1,"191":1,"192":1,"193":1,"194":1,"195":1,"196":1,"197":1,"198":1,"199":1,"200":1,"201":1,"202":1,"203":1,"204":1,"205":1,"206":1,"207":1,"208":1,"209":1,"210":1,"211":1,"212":1,"213":1,"214":1,"215":1,"216":1,"217":1,"218":1,"219":1,"220":1,"221":1,"222":1,"223":1,"224":1,"225":1,"226":1,"227":1,"228":1,"229":1,"230":1,"231":1,"232":1,"233":1,"234":1,"235":1,"236":1,"237":1,"238":1,"239":1,"240":1,"241":1,"242":1,"243":1,"244":1,"245":1,"246":1,"247":1,"248":1,"249":1,"250":1,"251":1,"252":1,"253":1,"254":1,"255":1,"256":1,"257":1,"258":1,"259":1,"260":1,"261":1,"262":1,"263":1,"264":1,"265":1,"266":1,"267":1,"268":1,"269":1,"270":1,"271":1,"272":1,"273":1,"274":1,"275":1,"276":1,"277":1,"278":1,"279":1,"280":1,"281":1,"282":1,"283":1,"284":1,"285":1,"286":1,"287":1,"288":1,"289":1,"290":1,"291":1,"292":1,"293":1,"294":1,"295":1,"296":1,"297":1,"298":1,"299":1,"300":1,"301":1,"302":1,"303":1,"304":1,"305":1,"306":1,"307":1,"308":1,"309":1,"310":1,"311":1,"312":1,"313":1,"314":1,"315":1,"316":1,"317":1,"318":1},"branchMap":{},"b":{},"fnMap":{},"f":{}}
,"/Users/max/Documents/GitHub/SVGAPlayer-Web-Lite/src/parser/video-entity.ts": {"path":"/Users/max/Documents/GitHub/SVGAPlayer-Web-Lite/src/parser/video-entity.ts","all":false,"statementMap":{"0":{"start":{"line":1,"column":0},"end":{"line":1,"column":8}},"26":{"start":{"line":27,"column":0},"end":{"line":27,"column":77}},"27":{"start":{"line":28,"column":0},"end":{"line":28,"column":32}},"28":{"start":{"line":29,"column":0},"end":{"line":29,"column":40}},"30":{"start":{"line":31,"column":0},"end":{"line":31,"column":18}},"31":{"start":{"line":32,"column":0},"end":{"line":32,"column":23}},"32":{"start":{"line":33,"column":0},"end":{"line":33,"column":33}},"33":{"start":{"line":34,"column":0},"end":{"line":34,"column":34}},"34":{"start":{"line":35,"column":0},"end":{"line":35,"column":43}},"35":{"start":{"line":36,"column":0},"end":{"line":36,"column":3}},"36":{"start":{"line":37,"column":0},"end":{"line":37,"column":1}},"38":{"start":{"line":39,"column":0},"end":{"line":39,"column":77}},"39":{"start":{"line":40,"column":0},"end":{"line":40,"column":32}},"40":{"start":{"line":41,"column":0},"end":{"line":41,"column":40}},"42":{"start":{"line":43,"column":0},"end":{"line":43,"column":18}},"43":{"start":{"line":44,"column":0},"end":{"line":44,"column":23}},"44":{"start":{"line":45,"column":0},"end":{"line":45,"column":33}},"45":{"start":{"line":46,"column":0},"end":{"line":46,"column":34}},"46":{"start":{"line":47,"column":0},"end":{"line":47,"column":43}},"47":{"start":{"line":48,"column":0},"end":{"line":48,"column":3}},"48":{"start":{"line":49,"column":0},"end":{"line":49,"column":1}},"50":{"start":{"line":51,"column":0},"end":{"line":51,"column":60}},"51":{"start":{"line":52,"column":0},"end":{"line":52,"column":31}},"52":{"start":{"line":53,"column":0},"end":{"line":53,"column":33}},"53":{"start":{"line":54,"column":0},"end":{"line":54,"column":34}},"54":{"start":{"line":55,"column":0},"end":{"line":55,"column":1}},"56":{"start":{"line":57,"column":0},"end":{"line":57,"column":63}},"57":{"start":{"line":58,"column":0},"end":{"line":58,"column":34}},"58":{"start":{"line":59,"column":0},"end":{"line":59,"column":34}},"59":{"start":{"line":60,"column":0},"end":{"line":60,"column":33}},"60":{"start":{"line":61,"column":0},"end":{"line":61,"column":1}},"62":{"start":{"line":63,"column":0},"end":{"line":63,"column":79}},"63":{"start":{"line":64,"column":0},"end":{"line":64,"column":10}},"64":{"start":{"line":65,"column":0},"end":{"line":65,"column":25}},"65":{"start":{"line":66,"column":0},"end":{"line":66,"column":25}},"66":{"start":{"line":67,"column":0},"end":{"line":67,"column":25}},"67":{"start":{"line":68,"column":0},"end":{"line":68,"column":25}},"68":{"start":{"line":69,"column":0},"end":{"line":69,"column":27}},"69":{"start":{"line":70,"column":0},"end":{"line":70,"column":26}},"70":{"start":{"line":71,"column":0},"end":{"line":71,"column":3}},"71":{"start":{"line":72,"column":0},"end":{"line":72,"column":1}},"73":{"start":{"line":74,"column":0},"end":{"line":74,"column":80}},"74":{"start":{"line":75,"column":0},"end":{"line":75,"column":117}},"75":{"start":{"line":76,"column":0},"end":{"line":76,"column":1}},"77":{"start":{"line":78,"column":0},"end":{"line":78,"column":116}},"78":{"start":{"line":79,"column":0},"end":{"line":79,"column":31}},"80":{"start":{"line":81,"column":0},"end":{"line":81,"column":44}},"81":{"start":{"line":82,"column":0},"end":{"line":82,"column":28}},"82":{"start":{"line":83,"column":0},"end":{"line":83,"column":3}},"84":{"start":{"line":85,"column":0},"end":{"line":85,"column":46}},"85":{"start":{"line":86,"column":0},"end":{"line":86,"column":30}},"86":{"start":{"line":87,"column":0},"end":{"line":87,"column":22}},"87":{"start":{"line":88,"column":0},"end":{"line":88,"column":5}},"88":{"start":{"line":89,"column":0},"end":{"line":89,"column":29}},"89":{"start":{"line":90,"column":0},"end":{"line":90,"column":3}},"91":{"start":{"line":92,"column":0},"end":{"line":92,"column":48}},"92":{"start":{"line":93,"column":0},"end":{"line":93,"column":33}},"93":{"start":{"line":94,"column":0},"end":{"line":94,"column":22}},"94":{"start":{"line":95,"column":0},"end":{"line":95,"column":5}},"95":{"start":{"line":96,"column":0},"end":{"line":96,"column":29}},"96":{"start":{"line":97,"column":0},"end":{"line":97,"column":3}},"98":{"start":{"line":99,"column":0},"end":{"line":99,"column":17}},"99":{"start":{"line":100,"column":0},"end":{"line":100,"column":1}},"101":{"start":{"line":102,"column":0},"end":{"line":102,"column":64}},"102":{"start":{"line":103,"column":0},"end":{"line":103,"column":92}},"103":{"start":{"line":104,"column":0},"end":{"line":104,"column":106}},"104":{"start":{"line":105,"column":0},"end":{"line":105,"column":111}},"105":{"start":{"line":106,"column":0},"end":{"line":106,"column":72}},"106":{"start":{"line":107,"column":0},"end":{"line":107,"column":78}},"108":{"start":{"line":109,"column":0},"end":{"line":109,"column":10}},"109":{"start":{"line":110,"column":0},"end":{"line":110,"column":13}},"110":{"start":{"line":111,"column":0},"end":{"line":111,"column":9}},"111":{"start":{"line":112,"column":0},"end":{"line":112,"column":11}},"112":{"start":{"line":113,"column":0},"end":{"line":113,"column":12}},"113":{"start":{"line":114,"column":0},"end":{"line":114,"column":13}},"114":{"start":{"line":115,"column":0},"end":{"line":115,"column":37}},"115":{"start":{"line":116,"column":0},"end":{"line":116,"column":34}},"116":{"start":{"line":117,"column":0},"end":{"line":117,"column":3}},"117":{"start":{"line":118,"column":0},"end":{"line":118,"column":1}},"119":{"start":{"line":120,"column":0},"end":{"line":120,"column":27}},"120":{"start":{"line":121,"column":0},"end":{"line":121,"column":21}},"121":{"start":{"line":122,"column":0},"end":{"line":122,"column":22}},"122":{"start":{"line":123,"column":0},"end":{"line":123,"column":22}},"123":{"start":{"line":124,"column":0},"end":{"line":124,"column":27}},"124":{"start":{"line":125,"column":0},"end":{"line":125,"column":47}},"126":{"start":{"line":127,"column":0},"end":{"line":127,"column":79}},"127":{"start":{"line":128,"column":0},"end":{"line":128,"column":69}},"128":{"start":{"line":129,"column":0},"end":{"line":129,"column":3}},"129":{"start":{"line":130,"column":0},"end":{"line":130,"column":55}},"130":{"start":{"line":131,"column":0},"end":{"line":131,"column":67}},"131":{"start":{"line":132,"column":0},"end":{"line":132,"column":3}},"132":{"start":{"line":133,"column":0},"end":{"line":133,"column":61}},"133":{"start":{"line":134,"column":0},"end":{"line":134,"column":73}},"134":{"start":{"line":135,"column":0},"end":{"line":135,"column":3}},"136":{"start":{"line":137,"column":0},"end":{"line":137,"column":13}},"137":{"start":{"line":138,"column":0},"end":{"line":138,"column":1}},"139":{"start":{"line":140,"column":0},"end":{"line":140,"column":43}},"141":{"start":{"line":142,"column":0},"end":{"line":142,"column":39}},"142":{"start":{"line":143,"column":0},"end":{"line":143,"column":17}},"143":{"start":{"line":144,"column":0},"end":{"line":144,"column":19}},"144":{"start":{"line":145,"column":0},"end":{"line":145,"column":31}},"145":{"start":{"line":146,"column":0},"end":{"line":146,"column":46}},"146":{"start":{"line":147,"column":0},"end":{"line":147,"column":46}},"147":{"start":{"line":148,"column":0},"end":{"line":148,"column":36}},"149":{"start":{"line":150,"column":0},"end":{"line":150,"column":54}},"150":{"start":{"line":151,"column":0},"end":{"line":151,"column":32}},"151":{"start":{"line":152,"column":0},"end":{"line":152,"column":88}},"152":{"start":{"line":153,"column":0},"end":{"line":153,"column":31}},"153":{"start":{"line":154,"column":0},"end":{"line":154,"column":37}},"154":{"start":{"line":155,"column":0},"end":{"line":155,"column":24}},"156":{"start":{"line":157,"column":0},"end":{"line":157,"column":38}},"157":{"start":{"line":158,"column":0},"end":{"line":158,"column":3}},"159":{"start":{"line":160,"column":0},"end":{"line":160,"column":62}},"160":{"start":{"line":161,"column":0},"end":{"line":161,"column":37}},"161":{"start":{"line":162,"column":0},"end":{"line":162,"column":36}},"162":{"start":{"line":163,"column":0},"end":{"line":163,"column":35}},"163":{"start":{"line":164,"column":0},"end":{"line":164,"column":18}},"164":{"start":{"line":165,"column":0},"end":{"line":165,"column":7}},"166":{"start":{"line":167,"column":0},"end":{"line":167,"column":50}},"167":{"start":{"line":168,"column":0},"end":{"line":168,"column":84}},"169":{"start":{"line":170,"column":0},"end":{"line":170,"column":40}},"170":{"start":{"line":171,"column":0},"end":{"line":171,"column":62}},"171":{"start":{"line":172,"column":0},"end":{"line":172,"column":35}},"172":{"start":{"line":173,"column":0},"end":{"line":173,"column":8}},"174":{"start":{"line":175,"column":0},"end":{"line":175,"column":32}},"175":{"start":{"line":176,"column":0},"end":{"line":176,"column":6}},"176":{"start":{"line":177,"column":0},"end":{"line":177,"column":3}},"178":{"start":{"line":179,"column":0},"end":{"line":179,"column":101}},"179":{"start":{"line":180,"column":0},"end":{"line":180,"column":51}},"180":{"start":{"line":181,"column":0},"end":{"line":181,"column":55}},"181":{"start":{"line":182,"column":0},"end":{"line":182,"column":42}},"183":{"start":{"line":184,"column":0},"end":{"line":184,"column":61}},"184":{"start":{"line":185,"column":0},"end":{"line":185,"column":55}},"185":{"start":{"line":186,"column":0},"end":{"line":186,"column":55}},"186":{"start":{"line":187,"column":0},"end":{"line":187,"column":50}},"188":{"start":{"line":189,"column":0},"end":{"line":189,"column":12}},"189":{"start":{"line":190,"column":0},"end":{"line":190,"column":31}},"190":{"start":{"line":191,"column":0},"end":{"line":191,"column":13}},"191":{"start":{"line":192,"column":0},"end":{"line":192,"column":16}},"192":{"start":{"line":193,"column":0},"end":{"line":193,"column":15}},"193":{"start":{"line":194,"column":0},"end":{"line":194,"column":13}},"194":{"start":{"line":195,"column":0},"end":{"line":195,"column":9}},"195":{"start":{"line":196,"column":0},"end":{"line":196,"column":9}},"196":{"start":{"line":197,"column":0},"end":{"line":197,"column":14}},"197":{"start":{"line":198,"column":0},"end":{"line":198,"column":5}},"198":{"start":{"line":199,"column":0},"end":{"line":199,"column":3}},"200":{"start":{"line":201,"column":0},"end":{"line":201,"column":131}},"201":{"start":{"line":202,"column":0},"end":{"line":202,"column":12}},"202":{"start":{"line":203,"column":0},"end":{"line":203,"column":24}},"203":{"start":{"line":204,"column":0},"end":{"line":204,"column":24}},"204":{"start":{"line":205,"column":0},"end":{"line":205,"column":32}},"205":{"start":{"line":206,"column":0},"end":{"line":206,"column":33}},"206":{"start":{"line":207,"column":0},"end":{"line":207,"column":5}},"207":{"start":{"line":208,"column":0},"end":{"line":208,"column":3}},"209":{"start":{"line":210,"column":0},"end":{"line":210,"column":111}},"210":{"start":{"line":211,"column":0},"end":{"line":211,"column":69}},"211":{"start":{"line":212,"column":0},"end":{"line":212,"column":32}},"212":{"start":{"line":213,"column":0},"end":{"line":213,"column":5}},"214":{"start":{"line":215,"column":0},"end":{"line":215,"column":39}},"216":{"start":{"line":217,"column":0},"end":{"line":217,"column":31}},"217":{"start":{"line":218,"column":0},"end":{"line":218,"column":45}},"218":{"start":{"line":219,"column":0},"end":{"line":219,"column":27}},"219":{"start":{"line":220,"column":0},"end":{"line":220,"column":26}},"220":{"start":{"line":221,"column":0},"end":{"line":221,"column":7}},"221":{"start":{"line":222,"column":0},"end":{"line":222,"column":6}},"223":{"start":{"line":224,"column":0},"end":{"line":224,"column":31}},"224":{"start":{"line":225,"column":0},"end":{"line":225,"column":17}},"225":{"start":{"line":226,"column":0},"end":{"line":226,"column":3}},"227":{"start":{"line":228,"column":0},"end":{"line":228,"column":111}},"228":{"start":{"line":229,"column":0},"end":{"line":229,"column":38}},"229":{"start":{"line":230,"column":0},"end":{"line":230,"column":54}},"230":{"start":{"line":231,"column":0},"end":{"line":231,"column":35}},"
[...]
4":27,"185":55,"186":55,"187":55,"188":55,"189":27,"190":27,"192":27,"193":27,"194":27,"195":27,"197":43,"198":43,"199":43,"200":43,"202":6,"203":6,"204":6,"205":6,"207":4,"208":4,"209":2,"210":2,"211":2,"212":2,"213":2,"214":2,"215":2,"216":2,"217":2,"218":2,"219":2,"220":2,"221":2,"222":2,"223":4,"225":55,"226":55,"227":55,"228":55,"229":55,"230":55,"231":55,"233":55,"234":55,"235":24,"236":24,"237":24,"238":55,"239":1,"240":1,"241":1,"242":55,"243":15,"244":15,"245":15,"246":55,"247":1,"248":1,"249":1,"250":55,"251":1,"252":1,"253":1,"254":55,"255":1,"256":1,"257":1,"258":55,"259":1,"260":1,"261":1,"262":55,"263":1,"264":1,"265":1,"266":55,"267":2,"268":2,"269":2,"270":55,"271":2,"272":2,"273":2,"274":55,"275":1,"276":1,"277":1,"278":55,"279":1,"280":1,"281":1,"282":55,"283":1,"284":1,"285":1,"286":55,"287":1,"288":1,"289":1,"290":55,"291":55,"292":2,"293":2,"294":55,"295":55,"297":2,"298":2,"299":2,"301":2,"302":1,"303":1,"304":1,"305":1,"306":1,"307":1,"308":1,"309":1,"310":2,"312":2,"313":2,"314":1,"315":1,"316":1,"317":1,"318":1,"319":1,"320":1,"321":1,"322":2,"324":5,"325":5,"326":5,"327":5,"328":5,"329":5,"330":5,"331":5,"332":5,"333":5,"334":5,"336":5,"337":1,"338":1,"340":5,"341":5,"342":5,"343":5,"344":5,"345":5,"346":5,"347":5,"348":5,"349":5,"350":5,"352":5,"353":5,"354":5,"355":5,"356":5,"357":5,"359":5,"360":5,"361":5,"362":5,"364":7,"365":7,"366":7,"367":7,"368":7,"369":7,"370":7,"371":7,"372":7,"373":7,"374":7,"375":7,"377":7,"378":1,"379":1,"381":7,"383":7,"384":7,"385":7,"386":7,"387":7,"388":7,"389":7,"391":7,"392":7,"393":7,"394":7,"396":1},"branchMap":{"0":{"type":"branch","line":32,"loc":{"start":{"line":32,"column":0},"end":{"line":46,"column":1}},"locations":[{"start":{"line":32,"column":0},"end":{"line":46,"column":1}}]},"1":{"type":"branch","line":36,"loc":{"start":{"line":36,"column":32},"end":{"line":43,"column":3}},"locations":[{"start":{"line":36,"column":32},"end":{"line":43,"column":3}}]},"2":{"type":"branch","line":37,"loc":{"start":{"line":37,"column":30},"end":{"line":37,"column":36}},"locations":[{"start":{"line":37,"column":30},"end":{"line":37,"column":36}}]},"3":{"type":"branch","line":37,"loc":{"start":{"line":37,"column":30},"end":{"line":42,"column":35}},"locations":[{"start":{"line":37,"column":30},"end":{"line":42,"column":35}}]},"4":{"type":"branch","line":40,"loc":{"start":{"line":40,"column":59},"end":{"line":40,"column":80}},"locations":[{"start":{"line":40,"column":59},"end":{"line":40,"column":80}}]},"5":{"type":"branch","line":48,"loc":{"start":{"line":48,"column":0},"end":{"line":67,"column":1}},"locations":[{"start":{"line":48,"column":0},"end":{"line":67,"column":1}}]},"6":{"type":"branch","line":58,"loc":{"start":{"line":58,"column":24},"end":{"line":58,"column":72}},"locations":[{"start":{"line":58,"column":24},"end":{"line":58,"column":72}}]},"7":{"type":"branch","line":58,"loc":{"start":{"line":58,"column":71},"end":{"line":59,"column":34}},"locations":[{"start":{"line":58,"column":71},"end":{"line":59,"column":34}}]},"8":{"type":"branch","line":59,"loc":{"start":{"line":59,"column":28},"end":{"line":59,"column":78}},"locations":[{"start":{"line":59,"column":28},"end":{"line":59,"column":78}}]},"9":{"type":"branch","line":59,"loc":{"start":{"line":59,"column":77},"end":{"line":67,"column":1}},"locations":[{"start":{"line":59,"column":77},"end":{"line":67,"column":1}}]},"10":{"type":"branch","line":61,"loc":{"start":{"line":61,"column":30},"end":{"line":66,"column":3}},"locations":[{"start":{"line":61,"column":30},"end":{"line":66,"column":3}}]},"11":{"type":"branch","line":69,"loc":{"start":{"line":69,"column":0},"end":{"line":110,"column":1}},"locations":[{"start":{"line":69,"column":0},"end":{"line":110,"column":1}}]},"12":{"type":"branch","line":79,"loc":{"start":{"line":79,"column":26},"end":{"line":79,"column":32}},"locations":[{"start":{"line":79,"column":26},"end":{"line":79,"column":32}}]},"13":{"type":"branch","line":79,"loc":{"start":{"line":79,"column":26},"end":{"line":86,"column":15}},"locations":[{"start":{"line":79,"column":26},"end":{"line":86,"column":15}}]},"14":{"type":"branch","line":86,"loc":{"start":{"line":86,"column":4},"end":{"line":86,"column":20}},"locations":[{"start":{"line":86,"column":4},"end":{"line":86,"column":20}}]},"15":{"type":"branch","line":86,"loc":{"start":{"line":86,"column":15},"end":{"line":86,"column":22}},"locations":[{"start":{"line":86,"column":15},"end":{"line":86,"column":22}}]},"16":{"type":"branch","line":87,"loc":{"start":{"line":87,"column":4},"end":{"line":87,"column":20}},"locations":[{"start":{"line":87,"column":4},"end":{"line":87,"column":20}}]},"17":{"type":"branch","line":87,"loc":{"start":{"line":87,"column":15},"end":{"line":87,"column":22}},"locations":[{"start":{"line":87,"column":15},"end":{"line":87,"column":22}}]},"18":{"type":"branch","line":88,"loc":{"start":{"line":88,"column":4},"end":{"line":88,"column":20}},"locations":[{"start":{"line":88,"column":4},"end":{"line":88,"column":20}}]},"19":{"type":"branch","line":88,"loc":{"start":{"line":88,"column":15},"end":{"line":88,"column":22}},"locations":[{"start":{"line":88,"column":15},"end":{"line":88,"column":22}}]},"20":{"type":"branch","line":89,"loc":{"start":{"line":89,"column":4},"end":{"line":89,"column":20}},"locations":[{"start":{"line":89,"column":4},"end":{"line":89,"column":20}}]},"21":{"type":"branch","line":89,"loc":{"start":{"line":89,"column":15},"end":{"line":89,"column":22}},"locations":[{"start":{"line":89,"column":15},"end":{"line":89,"column":22}}]},"22":{"type":"branch","line":90,"loc":{"start":{"line":90,"column":4},"end":{"line":90,"column":21}},"locations":[{"start":{"line":90,"column":4},"end":{"line":90,"column":21}}]},"23":{"type":"branch","line":90,"loc":{"start":{"line":90,"column":15},"end":{"line":90,"column":23}},"locations":[{"start":{"line":90,"column":15},"end":{"line":90,"column":23}}]},"24":{"type":"branch","line":91,"loc":{"start":{"line":91,"column":4},"end":{"line":91,"column":21}},"locations":[{"start":{"line":91,"column":4},"end":{"line":91,"column":21}}]},"25":{"type":"branch","line":91,"loc":{"start":{"line":91,"column":15},"end":{"line":91,"column":22}},"locations":[{"start":{"line":91,"column":15},"end":{"line":91,"column":22}}]},"26":{"type":"branch","line":94,"loc":{"start":{"line":94,"column":28},"end":{"line":103,"column":36}},"locations":[{"start":{"line":94,"column":28},"end":{"line":103,"column":36}}]},"27":{"type":"branch","line":94,"loc":{"start":{"line":94,"column":28},"end":{"line":101,"column":3}},"locations":[{"start":{"line":94,"column":28},"end":{"line":101,"column":3}}]},"28":{"type":"branch","line":96,"loc":{"start":{"line":96,"column":27},"end":{"line":99,"column":5}},"locations":[{"start":{"line":96,"column":27},"end":{"line":99,"column":5}}]},"29":{"type":"branch","line":100,"loc":{"start":{"line":100,"column":22},"end":{"line":100,"column":48}},"locations":[{"start":{"line":100,"column":22},"end":{"line":100,"column":48}}]},"30":{"type":"branch","line":103,"loc":{"start":{"line":103,"column":36},"end":{"line":105,"column":3}},"locations":[{"start":{"line":103,"column":36},"end":{"line":105,"column":3}}]},"31":{"type":"branch","line":105,"loc":{"start":{"line":105,"column":2},"end":{"line":110,"column":1}},"locations":[{"start":{"line":105,"column":2},"end":{"line":110,"column":1}}]},"32":{"type":"branch","line":107,"loc":{"start":{"line":107,"column":23},"end":{"line":107,"column":57}},"locations":[{"start":{"line":107,"column":23},"end":{"line":107,"column":57}}]},"33":{"type":"branch","line":112,"loc":{"start":{"line":112,"column":0},"end":{"line":149,"column":1}},"locations":[{"start":{"line":112,"column":0},"end":{"line":149,"column":1}}]},"34":{"type":"branch","line":117,"loc":{"start":{"line":117,"column":4},"end":{"line":124,"column":11}},"locations":[{"start":{"line":117,"column":4},"end":{"line":124,"column":11}}]},"35":{"type":"branch","line":125,"loc":{"start":{"line":125,"column":4},"end":{"line":135,"column":11}},"locations":[{"start":{"line":125,"column":4},"end":{"line":135,"column":11}}]},"36":{"type":"branch","line":136,"loc":{"start":{"line":136,"column":4},"end":{"line":147,"column":11}},"locations":[{"start":{"line":136,"column":4},"end":{"line":147,"column":11}}]},"37":{"type":"branch","line":151,"loc":{"start":{"line":151,"column":0},"end":{"line":165,"column":1}},"locations":[{"start":{"line":151,"column":0},"end":{"line":165,"column":1}}]},"38":{"type":"branch","line":155,"loc":{"start":{"line":155,"column":28},"end":{"line":155,"column":34}},"locations":[{"start":{"line":155,"column":28},"end":{"line":155,"column":34}}]},"39":{"type":"branch","line":157,"loc":{"start":{"line":157,"column":31},"end":{"line":157,"column":54}},"locations":[{"start":{"line":157,"column":31},"end":{"line":157,"column":54}}]},"40":{"type":"branch","line":158,"loc":{"start":{"line":158,"column":29},"end":{"line":158,"column":50}},"locations":[{"start":{"line":158,"column":29},"end":{"line":158,"column":50}}]},"41":{"type":"branch","line":160,"loc":{"start":{"line":160,"column":35},"end":{"line":160,"column":73}},"locations":[{"start":{"line":160,"column":35},"end":{"line":160,"column":73}}]},"42":{"type":"branch","line":161,"loc":{"start":{"line":161,"column":34},"end":{"line":161,"column":72}},"locations":[{"start":{"line":161,"column":34},"end":{"line":161,"column":72}}]},"43":{"type":"branch","line":162,"loc":{"start":{"line":162,"column":31},"end":{"line":162,"column":63}},"locations":[{"start":{"line":162,"column":31},"end":{"line":162,"column":63}}]},"44":{"type":"branch","line":163,"loc":{"start":{"line":163,"column":32},"end":{"line":163,"column":66}},"locations":[{"start":{"line":163,"column":32},"end":{"line":163,"column":66}}]},"45":{"type":"branch","line":164,"loc":{"start":{"line":164,"column":32},"end":{"line":164,"column":68}},"locations":[{"start":{"line":164,"column":32},"end":{"line":164,"column":68}}]},"46":{"type":"branch","line":167,"loc":{"start":{"line":167,"column":0},"end":{"line":196,"column":1}},"locations":[{"start":{"line":167,"column":0},"end":{"line":196,"column":1}}]},"47":{"type":"branch","line":180,"loc":{"start":{"line":180,"column":33},"end":{"line":182,"column":5}},"locations":[{"start":{"line":180,"column":33},"end":{"line":182,"column":5}}]},"48":{"type":"branch","line":193,"loc":{"start":{"line":193,"column":19},"end":{"line":193,"column":33}},"locations":[{"start":{"line":193,"column":19},"end":{"line":193,"column":33}}]},"49":{"type":"branch","line":194,"loc":{"start":{"line":194,"column":21},"end":{"line":194,"column":37}},"locations":[{"start":{"line":194,"column":21},"end":{"line":194,"column":37}}]},"50":{"type":"branch","line":185,"loc":{"start":{"line":185,"column":25},"end":{"line":190,"column":5}},"locations":[{"start":{"line":185,"column":25},"end":{"line":190,"column":5}}]},"51":{"type":"branch","line":198,"loc":{"start":{"line":198,"column":0},"end":{"line":201,"column":1}},"locations":[{"start":{"line":198,"column":0},"end":{"line":201,"column":1}}]},"52":{"type":"branch","line":203,"loc":{"start":{"line":203,"column":0},"end":{"line":206,"column":1}},"locations":[{"start":{"line":203,"column":0},"end":{"line":206,"column":1}}]},"53":{"type":"branch","line":208,"loc":{"start":{"line":208,"column":0},"end":{"line":224,"column":1}},"locations":[{"start":{"line":208,"column":0},"end":{"line":224,"column":1}}]},"54":{"type":"branch","line":209,"loc":{"start":{"line":209,"column":18},"end":{"line":223,"column":3}},"locations":[{"start":{"line":209,"column":18},"end":{"line":223,"column":3}}]},"55":{"type":"branch","line":226,"loc":{"start":{"line":226,"column":0},"end":{"line":296,"column":1}},"locations":[{"start":{"line":226,"column":0},"end":{"line":296,"column":1}}]},"56":{"type":"branch","line":235,"loc":{"start":{"line":235,"column":4},"end":{"line":238,"column":11}},"locations":[{"start":{"line":235,"column":4},"end":{"line":238,"column":11}}]},"57":{"type":"branch","line":239,"loc":{"start":{"line":239,"column":4},"end":{"line":242,"column":11}},"locations":[{"start":{"line":239,"column":4},"end":{"line":242,"column":11}}]},"58":{"type":"branch","line":243,"loc":{"start":{"line":243,"column":4},"end":{"line":246,"column":11}},"locations":[{"start":{"line":243,"column":4},"end":{"line":246,"column":11}}]},"59":{"type":"branch","line":247,"loc":{"start":{"line":247,"column":4},"end":{"line":250,"column":11}},"locations":[{"start":{"line":247,"column":4},"end":{"line":250,"column":11}}]},"60":{"type":"branch","line":251,"loc":{"start":{"line":251,"column":4},"end":{"line":254,"column":11}},"locations":[{"start":{"line":251,"column":4},"end":{"line":254,"column":11}}]},"61":{"type":"branch","line":255,"loc":{"start":{"line":255,"column":4},"end":{"line":258,"column":11}},"locations":[{"start":{"line":255,"column":4},"end":{"line":258,"column":11}}]},"62":{"type":"branch","line":259,"loc":{"start":{"line":259,"column":4},"end":{"line":262,"column":11}},"locations":[{"start":{"line":259,"column":4},"end":{"line":262,"column":11}}]},"63":{"type":"branch","line":263,"loc":{"start":{"line":263,"column":4},"end":{"line":266,"column":11}},"locations":[{"start":{"line":263,"column":4},"end":{"line":266,"column":11}}]},"64":{"type":"branch","line":267,"loc":{"start":{"line":267,"column":4},"end":{"line":270,"column":11}},"locations":[{"start":{"line":267,"column":4},"end":{"line":270,"column":11}}]},"65":{"type":"branch","line":271,"loc":{"start":{"line":271,"column":4},"end":{"line":274,"column":11}},"locations":[{"start":{"line":271,"column":4},"end":{"line":274,"column":11}}]},"66":{"type":"branch","line":275,"loc":{"start":{"line":275,"column":4},"end":{"line":278,"column":11}},"locations":[{"start":{"line":275,"column":4},"end":{"line":278,"column":11}}]},"67":{"type":"branch","line":279,"loc":{"start":{"line":279,"column":4},"end":{"line":282,"column":11}},"locations":[{"start":{"line":279,"column":4},"end":{"line":282,"column":11}}]},"68":{"type":"branch","line":283,"loc":{"start":{"line":283,"column":4},"end":{"line":286,"column":11}},"locations":[{"start":{"line":283,"column":4},"end":{"line":286,"column":11}}]},"69":{"type":"branch","line":287,"loc":{"start":{"line":287,"column":4},"end":{"line":290,"column":11}},"locations":[{"start":{"line":287,"column":4},"end":{"line":290,"column":11}}]},"70":{"type":"branch","line":291,"loc":{"start":{"line":291,"column":4},"end":{"line":291,"column":13}},"locations":[{"start":{"line":291,"column":4},"end":{"line":291,"column":13}}]},"71":{"type":"branch","line":292,"loc":{"start":{"line":292,"column":4},"end":{"line":294,"column":11}},"locations":[{"start":{"line":292,"column":4},"end":{"line":294,"column":11}}]},"72":{"type":"branch","line":298,"loc":{"start":{"line":298,"column":0},"end":{"line":311,"column":1}},"locations":[{"start":{"line":298,"column":0},"end":{"line":311,"column":1}}]},"73":{"type":"branch","line":302,"loc":{"start":{"line":302,"column":18},"end":{"line":310,"column":3}},"locations":[{"start":{"line":302,"column":18},"end":{"line":310,"column":3}}]},"74":{"type":"branch","line":313,"loc":{"start":{"line":313,"column":0},"end":{"line":323,"column":1}},"locations":[{"start":{"line":313,"column":0},"end":{"line":323,"column":1}}]},"75":{"type":"branch","line":314,"loc":{"start":{"line":314,"column":18},"end":{"line":322,"column":3}},"locations":[{"start":{"line":314,"column":18},"end":{"line":322,"column":3}}]},"76":{"type":"branch","line":325,"loc":{"start":{"line":325,"column":0},"end":{"line":363,"column":1}},"locations":[{"start":{"line":325,"column":0},"end":{"line":363,"column":1}}]},"77":{"type":"branch","line":337,"loc":{"start":{"line":337,"column":31},"end":{"line":339,"column":3}},"locations":[{"start":{"line":337,"column":31},"end":{"line":339,"column":3}}]},"78":{"type":"branch","line":361,"loc":{"start":{"line":361,"column":21},"end":{"line":361,"column":37}},"locations":[{"start":{"line":361,"column":21},"end":{"line":361,"column":37}}]},"79":{"type":"branch","line":365,"loc":{"start":{"line":365,"column":0},"end":{"line":395,"column":1}},"locations":[{"start":{"line":365,"column":0},"end":{"line":395,"column":1}}]},"80":{"type":"branch","line":378,"loc":{"start":{"line":378,"column":31},"end":{"line":380,"column":3}},"locations":[{"start":{"line":378,"column":31},"end":{"line":380,"column":3}}]},"81":{"type":"branch","line":393,"loc":{"start":{"line":393,"column":21},"end":{"line":393,"column":37}},"locations":[{"start":{"line":393,"column":21},"end":{"line":393,"column":37}}]}},"b":{"0":[27],"1":[82],"2":[27],"3":[55],"4":[128],"5":[60],"6":[1],"7":[59],"8":[1],"9":[58],"10":[59],"11":[59],"12":[1],"13":[58],"14":[57],"15":[1],"16":[57],"17":[1],"18":[57],"19":[1],"20":[57],"21":[1],"22":[57],"23":[1],"24":[57],"25":[1],"26":[58],"27":[49],"28":[1],"29":[48],"30":[1],"31":[58],"32":[38],"33":[38],"34":[26],"35":[5],"36":[7],"37":[39],"38":[0],"39":[32],"40":[5],"41":[7],"42":[0],"43":[1],"44":[1],"45":[1],"46":[27],"47":[1],"48":[22],"49":[5],"50":[55],"51":[43],"52":[6],"53":[4],"54":[2],"55":[55],"56":[24],"57":[1],"58":[15],"59":[1],"60":[1],"61":[1],"62":[1],"63":[1],"64":[2],"65":[2],"66":[1],"67":[1],"68":[1],"69":[1],"70":[2],"71":[2],"72":[2],"73":[1],"74":[2],"75":[1],"76":[5],"77":[1],"78":[1],"79":[7],"80":[1],"81":[1]},"fnMap":{"0":{"name":"parsePathData","decl":{"start":{"line":32,"column":0},"end":{"line":46,"column":1}},"loc":{"start":{"line":32,"column":0},"end":{"line":46,"column":1}},"line":32},"1":{"name":"render","decl":{"start":{"line":48,"column":0},"end":{"line":67,"column":1}},"loc":{"start":{"line":48,"column":0},"end":{"line":67,"column":1}},"line":48},"2":{"name":"drawSprite","decl":{"start":{"line":69,"column":0},"end":{"line":110,"column":1}},"loc":{"start":{"line":69,"column":0},"end":{"line":110,"column":1}},"line":69},"3":{"name":"drawShape","decl":{"start":{"line":112,"column":0},"end":{"line":149,"column":1}},"loc":{"start":{"line":112,"column":0},"end":{"line":149,"column":1}},"line":112},"4":{"name":"resetShapeStyles","decl":{"start":{"line":151,"column":0},"end":{"line":165,"column":1}},"loc":{"start":{"line":151,"column":0},"end":{"line":165,"column":1}},"line":151},"5":{"name":"drawBezier","decl":{"start":{"line":167,"column":0},"end":{"line":196,"column":1}},"loc":{"start":{"line":167,"column":0},"end":{"line":196,"column":1}},"line":167},"6":{"name":"updateCurrentPoint","decl":{"start":{"line":198,"column":0},"end":{"line":201,"column":1}},"loc":{"start":{"line":198,"column":0},"end":{"line":201,"column":1}},"line":198},"7":{"name":"updateCurrentPointRelative","decl":{"start":{"line":203,"column":0},"end":{"line":206,"column":1}},"loc":{"start":{"line":203,"column":0},"end":{"line":206,"column":1}},"line":203},"8":{"name":"updateBezierPoint","decl":{"start":{"line":208,"column":0},"end":{"line":224,"column":1}},"loc":{"start":{"line":208,"column":0},"end":{"line":224,"column":1}},"line":208},"9":{"name":"drawBezierElement","decl":{"start":{"line":226,"column":0},"end":{"line":296,"column":1}},"loc":{"start":{"line":226,"column":0},"end":{"line":296,"column":1}},"line":226},"10":{"name":"updateSmoothBezierPoint","decl":{"start":{"line":298,"column":0},"end":{"line":311,"column":1}},"loc":{"start":{"line":298,"column":0},"end":{"line":311,"column":1}},"line":298},"11":{"name":"updateQuadraticPoint","decl":{"start":{"line":313,"column":0},"end":{"line":323,"column":1}},"loc":{"start":{"line":313,"column":0},"end":{"line":323,"column":1}},"line":313},"12":{"name":"drawEllipse","decl":{"start":{"line":325,"column":0},"end":{"line":363,"column":1}},"loc":{"start":{"line":325,"column":0},"end":{"line":363,"column":1}},"line":325},"13":{"name":"drawRect","decl":{"start":{"line":365,"column":0},"end":{"line":395,"column":1}},"loc":{"start":{"line":365,"column":0},"end":{"line":395,"column":1}},"line":365}},"f":{"0":27,"1":60,"2":59,"3":38,"4":39,"5":27,"6":43,"7":6,"8":4,"9":55,"10":2,"11":2,"12":5,"13":7}}
}
